{"/Users/maxfahl/Fahl/Common/Loom/.loom-framework/aml/AuditLogger.ts": {"path":"/Users/maxfahl/Fahl/Common/Loom/.loom-framework/aml/AuditLogger.ts","statementMap":{"0":{"start":{"line":9,"column":0},"end":{"line":9,"column":34}},"1":{"start":{"line":10,"column":0},"end":{"line":10,"column":29}},"2":{"start":{"line":80,"column":4},"end":{"line":80,"column":27}},"3":{"start":{"line":81,"column":4},"end":{"line":81,"column":21}},"4":{"start":{"line":82,"column":4},"end":{"line":82,"column":47}},"5":{"start":{"line":83,"column":4},"end":{"line":83,"column":31}},"6":{"start":{"line":84,"column":4},"end":{"line":84,"column":27}},"7":{"start":{"line":91,"column":4},"end":{"line":91,"column":54}},"8":{"start":{"line":92,"column":4},"end":{"line":92,"column":26}},"9":{"start":{"line":99,"column":35},"end":{"line":103,"column":6}},"10":{"start":{"line":105,"column":4},"end":{"line":105,"column":33}},"11":{"start":{"line":108,"column":4},"end":{"line":110,"column":5}},"12":{"start":{"line":109,"column":6},"end":{"line":109,"column":25}},"13":{"start":{"line":121,"column":4},"end":{"line":129,"column":7}},"14":{"start":{"line":136,"column":4},"end":{"line":143,"column":7}},"15":{"start":{"line":154,"column":4},"end":{"line":162,"column":7}},"16":{"start":{"line":169,"column":4},"end":{"line":176,"column":7}},"17":{"start":{"line":183,"column":4},"end":{"line":189,"column":7}},"18":{"start":{"line":199,"column":4},"end":{"line":206,"column":7}},"19":{"start":{"line":213,"column":4},"end":{"line":221,"column":7}},"20":{"start":{"line":233,"column":4},"end":{"line":239,"column":7}},"21":{"start":{"line":247,"column":4},"end":{"line":247,"column":32}},"22":{"start":{"line":249,"column":19},"end":{"line":249,"column":30}},"23":{"start":{"line":252,"column":4},"end":{"line":254,"column":5}},"24":{"start":{"line":253,"column":6},"end":{"line":253,"column":65}},"25":{"start":{"line":253,"column":40},"end":{"line":253,"column":63}},"26":{"start":{"line":257,"column":4},"end":{"line":259,"column":5}},"27":{"start":{"line":258,"column":6},"end":{"line":258,"column":63}},"28":{"start":{"line":258,"column":40},"end":{"line":258,"column":61}},"29":{"start":{"line":262,"column":4},"end":{"line":264,"column":5}},"30":{"start":{"line":263,"column":6},"end":{"line":263,"column":75}},"31":{"start":{"line":263,"column":40},"end":{"line":263,"column":73}},"32":{"start":{"line":267,"column":4},"end":{"line":269,"column":5}},"33":{"start":{"line":268,"column":6},"end":{"line":268,"column":73}},"34":{"start":{"line":268,"column":40},"end":{"line":268,"column":71}},"35":{"start":{"line":270,"column":4},"end":{"line":272,"column":5}},"36":{"start":{"line":271,"column":6},"end":{"line":271,"column":71}},"37":{"start":{"line":271,"column":40},"end":{"line":271,"column":69}},"38":{"start":{"line":275,"column":4},"end":{"line":277,"column":5}},"39":{"start":{"line":276,"column":6},"end":{"line":276,"column":69}},"40":{"start":{"line":276,"column":40},"end":{"line":276,"column":67}},"41":{"start":{"line":280,"column":4},"end":{"line":282,"column":5}},"42":{"start":{"line":281,"column":6},"end":{"line":281,"column":81}},"43":{"start":{"line":281,"column":40},"end":{"line":281,"column":79}},"44":{"start":{"line":285,"column":4},"end":{"line":287,"column":5}},"45":{"start":{"line":286,"column":6},"end":{"line":286,"column":46}},"46":{"start":{"line":289,"column":4},"end":{"line":289,"column":20}},"47":{"start":{"line":296,"column":19},"end":{"line":296,"column":59}},"48":{"start":{"line":298,"column":25},"end":{"line":298,"column":58}},"49":{"start":{"line":299,"column":26},"end":{"line":299,"column":54}},"50":{"start":{"line":300,"column":23},"end":{"line":300,"column":24}},"51":{"start":{"line":301,"column":32},"end":{"line":301,"column":33}},"52":{"start":{"line":303,"column":4},"end":{"line":315,"column":5}},"53":{"start":{"line":305,"column":6},"end":{"line":305,"column":76}},"54":{"start":{"line":308,"column":6},"end":{"line":308,"column":80}},"55":{"start":{"line":311,"column":6},"end":{"line":311,"column":40}},"56":{"start":{"line":311,"column":25},"end":{"line":311,"column":40}},"57":{"start":{"line":314,"column":6},"end":{"line":314,"column":55}},"58":{"start":{"line":314,"column":31},"end":{"line":314,"column":55}},"59":{"start":{"line":317,"column":4},"end":{"line":324,"column":6}},"60":{"start":{"line":331,"column":4},"end":{"line":331,"column":41}},"61":{"start":{"line":331,"column":34},"end":{"line":331,"column":41}},"62":{"start":{"line":333,"column":22},"end":{"line":333,"column":68}},"63":{"start":{"line":334,"column":20},"end":{"line":334,"column":70}},"64":{"start":{"line":336,"column":4},"end":{"line":341,"column":5}},"65":{"start":{"line":337,"column":6},"end":{"line":337,"column":72}},"66":{"start":{"line":338,"column":6},"end":{"line":338,"column":23}},"67":{"start":{"line":340,"column":6},"end":{"line":340,"column":58}},"68":{"start":{"line":348,"column":4},"end":{"line":348,"column":32}},"69":{"start":{"line":348,"column":25},"end":{"line":348,"column":32}},"70":{"start":{"line":350,"column":4},"end":{"line":352,"column":27}},"71":{"start":{"line":351,"column":6},"end":{"line":351,"column":25}},"72":{"start":{"line":359,"column":4},"end":{"line":362,"column":5}},"73":{"start":{"line":360,"column":6},"end":{"line":360,"column":37}},"74":{"start":{"line":361,"column":6},"end":{"line":361,"column":29}},"75":{"start":{"line":364,"column":4},"end":{"line":364,"column":17}},"76":{"start":{"line":371,"column":4},"end":{"line":393,"column":5}},"77":{"start":{"line":372,"column":20},"end":{"line":372,"column":50}},"78":{"start":{"line":373,"column":23},"end":{"line":373,"column":89}},"79":{"start":{"line":373,"column":43},"end":{"line":373,"column":88}},"80":{"start":{"line":376,"column":6},"end":{"line":390,"column":7}},"81":{"start":{"line":377,"column":8},"end":{"line":377,"column":34}},"82":{"start":{"line":378,"column":27},"end":{"line":378,"column":38}},"83":{"start":{"line":379,"column":25},"end":{"line":379,"column":60}},"84":{"start":{"line":380,"column":24},"end":{"line":380,"column":60}},"85":{"start":{"line":381,"column":37},"end":{"line":381,"column":56}},"86":{"start":{"line":384,"column":28},"end":{"line":384,"column":65}},"87":{"start":{"line":384,"column":59},"end":{"line":384,"column":63}},"88":{"start":{"line":385,"column":8},"end":{"line":389,"column":9}},"89":{"start":{"line":386,"column":10},"end":{"line":388,"column":11}},"90":{"start":{"line":387,"column":12},"end":{"line":387,"column":36}},"91":{"start":{"line":400,"column":4},"end":{"line":422,"column":5}},"92":{"start":{"line":401,"column":20},"end":{"line":401,"column":50}},"93":{"start":{"line":402,"column":23},"end":{"line":402,"column":89}},"94":{"start":{"line":402,"column":43},"end":{"line":402,"column":88}},"95":{"start":{"line":404,"column":18},"end":{"line":404,"column":28}},"96":{"start":{"line":405,"column":23},"end":{"line":405,"column":58}},"97":{"start":{"line":406,"column":20},"end":{"line":406,"column":21}},"98":{"start":{"line":408,"column":6},"end":{"line":417,"column":7}},"99":{"start":{"line":409,"column":25},"end":{"line":409,"column":54}},"100":{"start":{"line":410,"column":22},"end":{"line":410,"column":45}},"101":{"start":{"line":411,"column":20},"end":{"line":411,"column":39}},"102":{"start":{"line":413,"column":8},"end":{"line":416,"column":9}},"103":{"start":{"line":414,"column":10},"end":{"line":414,"column":36}},"104":{"start":{"line":415,"column":10},"end":{"line":415,"column":20}},"105":{"start":{"line":419,"column":6},"end":{"line":419,"column":21}},"106":{"start":{"line":421,"column":6},"end":{"line":421,"column":15}},"107":{"start":{"line":72,"column":0},"end":{"line":72,"column":13}}},"fnMap":{"0":{"name":"(anonymous_9)","decl":{"start":{"line":79,"column":2},"end":{"line":79,"column":14}},"loc":{"start":{"line":79,"column":86},"end":{"line":85,"column":3}}},"1":{"name":"(anonymous_10)","decl":{"start":{"line":90,"column":2},"end":{"line":90,"column":7}},"loc":{"start":{"line":90,"column":18},"end":{"line":93,"column":3}}},"2":{"name":"(anonymous_11)","decl":{"start":{"line":98,"column":2},"end":{"line":98,"column":7}},"loc":{"start":{"line":98,"column":55},"end":{"line":111,"column":3}}},"3":{"name":"(anonymous_12)","decl":{"start":{"line":116,"column":2},"end":{"line":116,"column":7}},"loc":{"start":{"line":119,"column":38},"end":{"line":130,"column":3}}},"4":{"name":"(anonymous_13)","decl":{"start":{"line":135,"column":2},"end":{"line":135,"column":7}},"loc":{"start":{"line":135,"column":62},"end":{"line":144,"column":3}}},"5":{"name":"(anonymous_14)","decl":{"start":{"line":149,"column":2},"end":{"line":149,"column":7}},"loc":{"start":{"line":152,"column":38},"end":{"line":163,"column":3}}},"6":{"name":"(anonymous_15)","decl":{"start":{"line":168,"column":2},"end":{"line":168,"column":7}},"loc":{"start":{"line":168,"column":62},"end":{"line":177,"column":3}}},"7":{"name":"(anonymous_16)","decl":{"start":{"line":182,"column":2},"end":{"line":182,"column":7}},"loc":{"start":{"line":182,"column":41},"end":{"line":190,"column":3}}},"8":{"name":"(anonymous_17)","decl":{"start":{"line":195,"column":2},"end":{"line":195,"column":7}},"loc":{"start":{"line":197,"column":36},"end":{"line":207,"column":3}}},"9":{"name":"(anonymous_18)","decl":{"start":{"line":212,"column":2},"end":{"line":212,"column":7}},"loc":{"start":{"line":212,"column":77},"end":{"line":222,"column":3}}},"10":{"name":"(anonymous_19)","decl":{"start":{"line":227,"column":2},"end":{"line":227,"column":7}},"loc":{"start":{"line":231,"column":17},"end":{"line":240,"column":3}}},"11":{"name":"(anonymous_20)","decl":{"start":{"line":245,"column":2},"end":{"line":245,"column":7}},"loc":{"start":{"line":245,"column":31},"end":{"line":290,"column":3}}},"12":{"name":"(anonymous_21)","decl":{"start":{"line":253,"column":33},"end":{"line":253,"column":34}},"loc":{"start":{"line":253,"column":40},"end":{"line":253,"column":63}}},"13":{"name":"(anonymous_22)","decl":{"start":{"line":258,"column":33},"end":{"line":258,"column":34}},"loc":{"start":{"line":258,"column":40},"end":{"line":258,"column":61}}},"14":{"name":"(anonymous_23)","decl":{"start":{"line":263,"column":33},"end":{"line":263,"column":34}},"loc":{"start":{"line":263,"column":40},"end":{"line":263,"column":73}}},"15":{"name":"(anonymous_24)","decl":{"start":{"line":268,"column":33},"end":{"line":268,"column":34}},"loc":{"start":{"line":268,"column":40},"end":{"line":268,"column":71}}},"16":{"name":"(anonymous_25)","decl":{"start":{"line":271,"column":33},"end":{"line":271,"column":34}},"loc":{"start":{"line":271,"column":40},"end":{"line":271,"column":69}}},"17":{"name":"(anonymous_26)","decl":{"start":{"line":276,"column":33},"end":{"line":276,"column":34}},"loc":{"start":{"line":276,"column":40},"end":{"line":276,"column":67}}},"18":{"name":"(anonymous_27)","decl":{"start":{"line":281,"column":33},"end":{"line":281,"column":34}},"loc":{"start":{"line":281,"column":40},"end":{"line":281,"column":79}}},"19":{"name":"(anonymous_28)","decl":{"start":{"line":295,"column":2},"end":{"line":295,"column":7}},"loc":{"start":{"line":295,"column":63},"end":{"line":325,"column":3}}},"20":{"name":"(anonymous_29)","decl":{"start":{"line":330,"column":2},"end":{"line":330,"column":7}},"loc":{"start":{"line":330,"column":13},"end":{"line":342,"column":3}}},"21":{"name":"(anonymous_30)","decl":{"start":{"line":347,"column":10},"end":{"line":347,"column":24}},"loc":{"start":{"line":347,"column":24},"end":{"line":353,"column":3}}},"22":{"name":"(anonymous_31)","decl":{"start":{"line":350,"column":34},"end":{"line":350,"column":39}},"loc":{"start":{"line":350,"column":45},"end":{"line":352,"column":5}}},"23":{"name":"(anonymous_32)","decl":{"start":{"line":358,"column":2},"end":{"line":358,"column":6}},"loc":{"start":{"line":358,"column":6},"end":{"line":365,"column":3}}},"24":{"name":"(anonymous_33)","decl":{"start":{"line":370,"column":10},"end":{"line":370,"column":15}},"loc":{"start":{"line":370,"column":30},"end":{"line":394,"column":3}}},"25":{"name":"(anonymous_34)","decl":{"start":{"line":373,"column":36},"end":{"line":373,"column":37}},"loc":{"start":{"line":373,"column":43},"end":{"line":373,"column":88}}},"26":{"name":"(anonymous_35)","decl":{"start":{"line":384,"column":52},"end":{"line":384,"column":53}},"loc":{"start":{"line":384,"column":59},"end":{"line":384,"column":63}}},"27":{"name":"(anonymous_36)","decl":{"start":{"line":399,"column":2},"end":{"line":399,"column":7}},"loc":{"start":{"line":399,"column":43},"end":{"line":423,"column":3}}},"28":{"name":"(anonymous_37)","decl":{"start":{"line":402,"column":36},"end":{"line":402,"column":37}},"loc":{"start":{"line":402,"column":43},"end":{"line":402,"column":88}}}},"branchMap":{"0":{"loc":{"start":{"line":79,"column":14},"end":{"line":79,"column":52}},"type":"default-arg","locations":[{"start":{"line":79,"column":32},"end":{"line":79,"column":52}}]},"1":{"loc":{"start":{"line":79,"column":54},"end":{"line":79,"column":86}},"type":"default-arg","locations":[{"start":{"line":79,"column":82},"end":{"line":79,"column":86}}]},"2":{"loc":{"start":{"line":108,"column":4},"end":{"line":110,"column":5}},"type":"if","locations":[{"start":{"line":108,"column":4},"end":{"line":110,"column":5}}]},"3":{"loc":{"start":{"line":252,"column":4},"end":{"line":254,"column":5}},"type":"if","locations":[{"start":{"line":252,"column":4},"end":{"line":254,"column":5}}]},"4":{"loc":{"start":{"line":257,"column":4},"end":{"line":259,"column":5}},"type":"if","locations":[{"start":{"line":257,"column":4},"end":{"line":259,"column":5}}]},"5":{"loc":{"start":{"line":262,"column":4},"end":{"line":264,"column":5}},"type":"if","locations":[{"start":{"line":262,"column":4},"end":{"line":264,"column":5}}]},"6":{"loc":{"start":{"line":267,"column":4},"end":{"line":269,"column":5}},"type":"if","locations":[{"start":{"line":267,"column":4},"end":{"line":269,"column":5}}]},"7":{"loc":{"start":{"line":270,"column":4},"end":{"line":272,"column":5}},"type":"if","locations":[{"start":{"line":270,"column":4},"end":{"line":272,"column":5}}]},"8":{"loc":{"start":{"line":275,"column":4},"end":{"line":277,"column":5}},"type":"if","locations":[{"start":{"line":275,"column":4},"end":{"line":277,"column":5}}]},"9":{"loc":{"start":{"line":280,"column":4},"end":{"line":282,"column":5}},"type":"if","locations":[{"start":{"line":280,"column":4},"end":{"line":282,"column":5}}]},"10":{"loc":{"start":{"line":285,"column":4},"end":{"line":287,"column":5}},"type":"if","locations":[{"start":{"line":285,"column":4},"end":{"line":287,"column":5}}]},"11":{"loc":{"start":{"line":305,"column":36},"end":{"line":305,"column":69}},"type":"binary-expr","locations":[{"start":{"line":305,"column":36},"end":{"line":305,"column":64}},{"start":{"line":305,"column":68},"end":{"line":305,"column":69}}]},"12":{"loc":{"start":{"line":308,"column":38},"end":{"line":308,"column":73}},"type":"binary-expr","locations":[{"start":{"line":308,"column":38},"end":{"line":308,"column":68}},{"start":{"line":308,"column":72},"end":{"line":308,"column":73}}]},"13":{"loc":{"start":{"line":311,"column":6},"end":{"line":311,"column":40}},"type":"if","locations":[{"start":{"line":311,"column":6},"end":{"line":311,"column":40}}]},"14":{"loc":{"start":{"line":314,"column":6},"end":{"line":314,"column":55}},"type":"if","locations":[{"start":{"line":314,"column":6},"end":{"line":314,"column":55}}]},"15":{"loc":{"start":{"line":321,"column":19},"end":{"line":321,"column":73}},"type":"cond-expr","locations":[{"start":{"line":321,"column":39},"end":{"line":321,"column":67}},{"start":{"line":321,"column":70},"end":{"line":321,"column":73}}]},"16":{"loc":{"start":{"line":331,"column":4},"end":{"line":331,"column":41}},"type":"if","locations":[{"start":{"line":331,"column":4},"end":{"line":331,"column":41}}]},"17":{"loc":{"start":{"line":348,"column":4},"end":{"line":348,"column":32}},"type":"if","locations":[{"start":{"line":348,"column":4},"end":{"line":348,"column":32}}]},"18":{"loc":{"start":{"line":359,"column":4},"end":{"line":362,"column":5}},"type":"if","locations":[{"start":{"line":359,"column":4},"end":{"line":362,"column":5}}]},"19":{"loc":{"start":{"line":373,"column":43},"end":{"line":373,"column":88}},"type":"binary-expr","locations":[{"start":{"line":373,"column":43},"end":{"line":373,"column":65}},{"start":{"line":373,"column":69},"end":{"line":373,"column":88}}]},"20":{"loc":{"start":{"line":376,"column":6},"end":{"line":390,"column":7}},"type":"if","locations":[{"start":{"line":376,"column":6},"end":{"line":390,"column":7}}]},"21":{"loc":{"start":{"line":386,"column":10},"end":{"line":388,"column":11}},"type":"if","locations":[{"start":{"line":386,"column":10},"end":{"line":388,"column":11}}]},"22":{"loc":{"start":{"line":402,"column":43},"end":{"line":402,"column":88}},"type":"binary-expr","locations":[{"start":{"line":402,"column":43},"end":{"line":402,"column":65}},{"start":{"line":402,"column":69},"end":{"line":402,"column":88}}]},"23":{"loc":{"start":{"line":413,"column":8},"end":{"line":416,"column":9}},"type":"if","locations":[{"start":{"line":413,"column":8},"end":{"line":416,"column":9}}]}},"s":{"0":1,"1":1,"2":26,"3":26,"4":26,"5":26,"6":26,"7":0,"8":0,"9":33,"10":33,"11":33,"12":0,"13":0,"14":0,"15":0,"16":0,"17":0,"18":0,"19":0,"20":0,"21":0,"22":0,"23":0,"24":0,"25":0,"26":0,"27":0,"28":0,"29":0,"30":0,"31":0,"32":0,"33":0,"34":0,"35":0,"36":0,"37":0,"38":0,"39":0,"40":0,"41":0,"42":0,"43":0,"44":0,"45":0,"46":0,"47":0,"48":0,"49":0,"50":0,"51":0,"52":0,"53":0,"54":0,"55":0,"56":0,"57":0,"58":0,"59":0,"60":0,"61":0,"62":0,"63":0,"64":0,"65":0,"66":0,"67":0,"68":0,"69":0,"70":0,"71":0,"72":0,"73":0,"74":0,"75":0,"76":0,"77":0,"78":0,"79":0,"80":0,"81":0,"82":0,"83":0,"84":0,"85":0,"86":0,"87":0,"88":0,"89":0,"90":0,"91":0,"92":0,"93":0,"94":0,"95":0,"96":0,"97":0,"98":0,"99":0,"100":0,"101":0,"102":0,"103":0,"104":0,"105":0,"106":0,"107":1},"f":{"0":26,"1":0,"2":33,"3":0,"4":0,"5":0,"6":0,"7":0,"8":0,"9":0,"10":0,"11":0,"12":0,"13":0,"14":0,"15":0,"16":0,"17":0,"18":0,"19":0,"20":0,"21":0,"22":0,"23":0,"24":0,"25":0,"26":0,"27":0,"28":0},"b":{"0":[26],"1":[26],"2":[0],"3":[0],"4":[0],"5":[0],"6":[0],"7":[0],"8":[0],"9":[0],"10":[0],"11":[0,0],"12":[0,0],"13":[0],"14":[0],"15":[0,0],"16":[0],"17":[0],"18":[0],"19":[0,0],"20":[0],"21":[0],"22":[0,0],"23":[0]}}
,"/Users/maxfahl/Fahl/Common/Loom/.loom-framework/aml/BackupManager.ts": {"path":"/Users/maxfahl/Fahl/Common/Loom/.loom-framework/aml/BackupManager.ts","statementMap":{"0":{"start":{"line":8,"column":0},"end":{"line":8,"column":52}},"1":{"start":{"line":10,"column":0},"end":{"line":10,"column":34}},"2":{"start":{"line":11,"column":0},"end":{"line":11,"column":29}},"3":{"start":{"line":50,"column":4},"end":{"line":50,"column":46}},"4":{"start":{"line":51,"column":4},"end":{"line":51,"column":33}},"5":{"start":{"line":52,"column":4},"end":{"line":52,"column":29}},"6":{"start":{"line":53,"column":4},"end":{"line":53,"column":25}},"7":{"start":{"line":60,"column":4},"end":{"line":60,"column":57}},"8":{"start":{"line":61,"column":4},"end":{"line":61,"column":36}},"9":{"start":{"line":68,"column":4},"end":{"line":128,"column":5}},"10":{"start":{"line":69,"column":23},"end":{"line":69,"column":88}},"11":{"start":{"line":70,"column":24},"end":{"line":70,"column":48}},"12":{"start":{"line":73,"column":19},"end":{"line":73,"column":68}},"13":{"start":{"line":76,"column":24},"end":{"line":76,"column":60}},"14":{"start":{"line":77,"column":6},"end":{"line":77,"column":53}},"15":{"start":{"line":79,"column":22},"end":{"line":79,"column":23}},"16":{"start":{"line":80,"column":42},"end":{"line":80,"column":44}},"17":{"start":{"line":83,"column":6},"end":{"line":96,"column":7}},"18":{"start":{"line":84,"column":32},"end":{"line":84,"column":58}},"19":{"start":{"line":85,"column":22},"end":{"line":85,"column":80}},"20":{"start":{"line":87,"column":8},"end":{"line":95,"column":9}},"21":{"start":{"line":88,"column":10},"end":{"line":88,"column":37}},"22":{"start":{"line":90,"column":10},"end":{"line":94,"column":11}},"23":{"start":{"line":91,"column":29},"end":{"line":91,"column":70}},"24":{"start":{"line":92,"column":26},"end":{"line":92,"column":49}},"25":{"start":{"line":93,"column":12},"end":{"line":93,"column":36}},"26":{"start":{"line":99,"column":6},"end":{"line":105,"column":7}},"27":{"start":{"line":100,"column":27},"end":{"line":100,"column":78}},"28":{"start":{"line":101,"column":8},"end":{"line":104,"column":9}},"29":{"start":{"line":102,"column":29},"end":{"line":102,"column":64}},"30":{"start":{"line":103,"column":10},"end":{"line":103,"column":78}},"31":{"start":{"line":108,"column":39},"end":{"line":116,"column":8}},"32":{"start":{"line":119,"column":6},"end":{"line":119,"column":46}},"33":{"start":{"line":120,"column":6},"end":{"line":120,"column":43}},"34":{"start":{"line":122,"column":6},"end":{"line":122,"column":47}},"35":{"start":{"line":124,"column":6},"end":{"line":127,"column":8}},"36":{"start":{"line":135,"column":4},"end":{"line":177,"column":5}},"37":{"start":{"line":136,"column":23},"end":{"line":136,"column":57}},"38":{"start":{"line":137,"column":6},"end":{"line":139,"column":7}},"39":{"start":{"line":138,"column":8},"end":{"line":138,"column":61}},"40":{"start":{"line":142,"column":6},"end":{"line":147,"column":7}},"41":{"start":{"line":143,"column":22},"end":{"line":143,"column":65}},"42":{"start":{"line":144,"column":8},"end":{"line":146,"column":9}},"43":{"start":{"line":145,"column":10},"end":{"line":145,"column":76}},"44":{"start":{"line":150,"column":30},"end":{"line":150,"column":63}},"45":{"start":{"line":153,"column":6},"end":{"line":169,"column":7}},"46":{"start":{"line":154,"column":8},"end":{"line":156,"column":9}},"47":{"start":{"line":155,"column":10},"end":{"line":155,"column":19}},"48":{"start":{"line":159,"column":23},"end":{"line":159,"column":61}},"49":{"start":{"line":161,"column":8},"end":{"line":164,"column":9}},"50":{"start":{"line":163,"column":10},"end":{"line":163,"column":19}},"51":{"start":{"line":167,"column":27},"end":{"line":167,"column":61}},"52":{"start":{"line":168,"column":8},"end":{"line":168,"column":63}},"53":{"start":{"line":171,"column":6},"end":{"line":171,"column":31}},"54":{"start":{"line":173,"column":6},"end":{"line":176,"column":8}},"55":{"start":{"line":184,"column":4},"end":{"line":186,"column":6}},"56":{"start":{"line":185,"column":16},"end":{"line":185,"column":81}},"57":{"start":{"line":193,"column":4},"end":{"line":193,"column":46}},"58":{"start":{"line":200,"column":4},"end":{"line":222,"column":5}},"59":{"start":{"line":201,"column":23},"end":{"line":201,"column":49}},"60":{"start":{"line":202,"column":6},"end":{"line":204,"column":7}},"61":{"start":{"line":203,"column":8},"end":{"line":203,"column":61}},"62":{"start":{"line":207,"column":24},"end":{"line":207,"column":60}},"63":{"start":{"line":208,"column":6},"end":{"line":208,"column":63}},"64":{"start":{"line":211,"column":27},"end":{"line":211,"column":78}},"65":{"start":{"line":212,"column":6},"end":{"line":212,"column":36}},"66":{"start":{"line":214,"column":6},"end":{"line":214,"column":36}},"67":{"start":{"line":216,"column":6},"end":{"line":216,"column":31}},"68":{"start":{"line":218,"column":6},"end":{"line":221,"column":8}},"69":{"start":{"line":229,"column":4},"end":{"line":247,"column":5}},"70":{"start":{"line":230,"column":23},"end":{"line":230,"column":49}},"71":{"start":{"line":231,"column":6},"end":{"line":231,"column":34}},"72":{"start":{"line":231,"column":21},"end":{"line":231,"column":34}},"73":{"start":{"line":233,"column":24},"end":{"line":233,"column":60}},"74":{"start":{"line":236,"column":6},"end":{"line":236,"column":33}},"75":{"start":{"line":239,"column":6},"end":{"line":242,"column":7}},"76":{"start":{"line":240,"column":25},"end":{"line":240,"column":52}},"77":{"start":{"line":241,"column":8},"end":{"line":241,"column":34}},"78":{"start":{"line":244,"column":6},"end":{"line":244,"column":18}},"79":{"start":{"line":246,"column":6},"end":{"line":246,"column":19}},"80":{"start":{"line":258,"column":4},"end":{"line":260,"column":5}},"81":{"start":{"line":259,"column":6},"end":{"line":259,"column":35}},"82":{"start":{"line":264,"column":4},"end":{"line":274,"column":5}},"83":{"start":{"line":266,"column":8},"end":{"line":266,"column":36}},"84":{"start":{"line":267,"column":8},"end":{"line":267,"column":14}},"85":{"start":{"line":269,"column":8},"end":{"line":269,"column":41}},"86":{"start":{"line":270,"column":8},"end":{"line":270,"column":14}},"87":{"start":{"line":272,"column":8},"end":{"line":272,"column":45}},"88":{"start":{"line":273,"column":8},"end":{"line":273,"column":14}},"89":{"start":{"line":277,"column":4},"end":{"line":280,"column":19}},"90":{"start":{"line":278,"column":6},"end":{"line":278,"column":39}},"91":{"start":{"line":279,"column":6},"end":{"line":279,"column":37}},"92":{"start":{"line":287,"column":4},"end":{"line":290,"column":5}},"93":{"start":{"line":288,"column":6},"end":{"line":288,"column":35}},"94":{"start":{"line":289,"column":6},"end":{"line":289,"column":27}},"95":{"start":{"line":297,"column":20},"end":{"line":297,"column":38}},"96":{"start":{"line":299,"column":4},"end":{"line":301,"column":5}},"97":{"start":{"line":300,"column":6},"end":{"line":300,"column":15}},"98":{"start":{"line":303,"column":21},"end":{"line":303,"column":45}},"99":{"start":{"line":304,"column":18},"end":{"line":304,"column":19}},"100":{"start":{"line":306,"column":4},"end":{"line":311,"column":5}},"101":{"start":{"line":307,"column":21},"end":{"line":307,"column":55}},"102":{"start":{"line":308,"column":6},"end":{"line":310,"column":7}},"103":{"start":{"line":309,"column":8},"end":{"line":309,"column":18}},"104":{"start":{"line":313,"column":4},"end":{"line":313,"column":19}},"105":{"start":{"line":320,"column":4},"end":{"line":320,"column":96}},"106":{"start":{"line":320,"column":69},"end":{"line":320,"column":91}},"107":{"start":{"line":331,"column":4},"end":{"line":343,"column":5}},"108":{"start":{"line":332,"column":20},"end":{"line":332,"column":53}},"109":{"start":{"line":333,"column":24},"end":{"line":333,"column":69}},"110":{"start":{"line":333,"column":44},"end":{"line":333,"column":68}},"111":{"start":{"line":335,"column":6},"end":{"line":340,"column":7}},"112":{"start":{"line":336,"column":25},"end":{"line":336,"column":57}},"113":{"start":{"line":337,"column":24},"end":{"line":337,"column":60}},"114":{"start":{"line":338,"column":41},"end":{"line":338,"column":60}},"115":{"start":{"line":339,"column":8},"end":{"line":339,"column":48}},"116":{"start":{"line":350,"column":25},"end":{"line":350,"column":79}},"117":{"start":{"line":351,"column":4},"end":{"line":351,"column":72}},"118":{"start":{"line":43,"column":0},"end":{"line":43,"column":13}}},"fnMap":{"0":{"name":"(anonymous_9)","decl":{"start":{"line":49,"column":2},"end":{"line":49,"column":14}},"loc":{"start":{"line":49,"column":77},"end":{"line":54,"column":3}}},"1":{"name":"(anonymous_10)","decl":{"start":{"line":59,"column":2},"end":{"line":59,"column":7}},"loc":{"start":{"line":59,"column":18},"end":{"line":62,"column":3}}},"2":{"name":"(anonymous_11)","decl":{"start":{"line":67,"column":2},"end":{"line":67,"column":7}},"loc":{"start":{"line":67,"column":48},"end":{"line":129,"column":3}}},"3":{"name":"(anonymous_12)","decl":{"start":{"line":134,"column":2},"end":{"line":134,"column":7}},"loc":{"start":{"line":134,"column":45},"end":{"line":178,"column":3}}},"4":{"name":"(anonymous_13)","decl":{"start":{"line":183,"column":2},"end":{"line":183,"column":13}},"loc":{"start":{"line":183,"column":13},"end":{"line":187,"column":3}}},"5":{"name":"(anonymous_14)","decl":{"start":{"line":185,"column":6},"end":{"line":185,"column":7}},"loc":{"start":{"line":185,"column":16},"end":{"line":185,"column":81}}},"6":{"name":"(anonymous_15)","decl":{"start":{"line":192,"column":2},"end":{"line":192,"column":11}},"loc":{"start":{"line":192,"column":28},"end":{"line":194,"column":3}}},"7":{"name":"(anonymous_16)","decl":{"start":{"line":199,"column":2},"end":{"line":199,"column":7}},"loc":{"start":{"line":199,"column":37},"end":{"line":223,"column":3}}},"8":{"name":"(anonymous_17)","decl":{"start":{"line":228,"column":2},"end":{"line":228,"column":7}},"loc":{"start":{"line":228,"column":39},"end":{"line":248,"column":3}}},"9":{"name":"(anonymous_18)","decl":{"start":{"line":253,"column":2},"end":{"line":253,"column":17}},"loc":{"start":{"line":255,"column":31},"end":{"line":281,"column":3}}},"10":{"name":"(anonymous_19)","decl":{"start":{"line":277,"column":32},"end":{"line":277,"column":37}},"loc":{"start":{"line":277,"column":43},"end":{"line":280,"column":5}}},"11":{"name":"(anonymous_20)","decl":{"start":{"line":286,"column":2},"end":{"line":286,"column":22}},"loc":{"start":{"line":286,"column":22},"end":{"line":291,"column":3}}},"12":{"name":"(anonymous_21)","decl":{"start":{"line":296,"column":2},"end":{"line":296,"column":7}},"loc":{"start":{"line":296,"column":48},"end":{"line":314,"column":3}}},"13":{"name":"(anonymous_22)","decl":{"start":{"line":319,"column":2},"end":{"line":319,"column":20}},"loc":{"start":{"line":319,"column":20},"end":{"line":321,"column":3}}},"14":{"name":"(anonymous_23)","decl":{"start":{"line":320,"column":52},"end":{"line":320,"column":53}},"loc":{"start":{"line":320,"column":69},"end":{"line":320,"column":91}}},"15":{"name":"(anonymous_24)","decl":{"start":{"line":330,"column":10},"end":{"line":330,"column":15}},"loc":{"start":{"line":330,"column":34},"end":{"line":344,"column":3}}},"16":{"name":"(anonymous_25)","decl":{"start":{"line":333,"column":37},"end":{"line":333,"column":38}},"loc":{"start":{"line":333,"column":44},"end":{"line":333,"column":68}}},"17":{"name":"(anonymous_26)","decl":{"start":{"line":349,"column":10},"end":{"line":349,"column":15}},"loc":{"start":{"line":349,"column":59},"end":{"line":352,"column":3}}}},"branchMap":{"0":{"loc":{"start":{"line":49,"column":35},"end":{"line":49,"column":77}},"type":"default-arg","locations":[{"start":{"line":49,"column":56},"end":{"line":49,"column":77}}]},"1":{"loc":{"start":{"line":67,"column":21},"end":{"line":67,"column":48}},"type":"default-arg","locations":[{"start":{"line":67,"column":46},"end":{"line":67,"column":48}}]},"2":{"loc":{"start":{"line":73,"column":19},"end":{"line":73,"column":68}},"type":"binary-expr","locations":[{"start":{"line":73,"column":19},"end":{"line":73,"column":33}},{"start":{"line":73,"column":38},"end":{"line":73,"column":67}}]},"3":{"loc":{"start":{"line":87,"column":8},"end":{"line":95,"column":9}},"type":"if","locations":[{"start":{"line":87,"column":8},"end":{"line":95,"column":9}}]},"4":{"loc":{"start":{"line":99,"column":6},"end":{"line":105,"column":7}},"type":"if","locations":[{"start":{"line":99,"column":6},"end":{"line":105,"column":7}}]},"5":{"loc":{"start":{"line":101,"column":8},"end":{"line":104,"column":9}},"type":"if","locations":[{"start":{"line":101,"column":8},"end":{"line":104,"column":9}}]},"6":{"loc":{"start":{"line":113,"column":20},"end":{"line":113,"column":44}},"type":"binary-expr","locations":[{"start":{"line":113,"column":20},"end":{"line":113,"column":36}},{"start":{"line":113,"column":40},"end":{"line":113,"column":44}}]},"7":{"loc":{"start":{"line":114,"column":19},"end":{"line":114,"column":43}},"type":"binary-expr","locations":[{"start":{"line":114,"column":19},"end":{"line":114,"column":34}},{"start":{"line":114,"column":38},"end":{"line":114,"column":43}}]},"8":{"loc":{"start":{"line":115,"column":14},"end":{"line":115,"column":36}},"type":"binary-expr","locations":[{"start":{"line":115,"column":14},"end":{"line":115,"column":26}},{"start":{"line":115,"column":30},"end":{"line":115,"column":36}}]},"9":{"loc":{"start":{"line":137,"column":6},"end":{"line":139,"column":7}},"type":"if","locations":[{"start":{"line":137,"column":6},"end":{"line":139,"column":7}}]},"10":{"loc":{"start":{"line":142,"column":6},"end":{"line":147,"column":7}},"type":"if","locations":[{"start":{"line":142,"column":6},"end":{"line":147,"column":7}}]},"11":{"loc":{"start":{"line":144,"column":8},"end":{"line":146,"column":9}},"type":"if","locations":[{"start":{"line":144,"column":8},"end":{"line":146,"column":9}}]},"12":{"loc":{"start":{"line":150,"column":30},"end":{"line":150,"column":63}},"type":"binary-expr","locations":[{"start":{"line":150,"column":30},"end":{"line":150,"column":44}},{"start":{"line":150,"column":48},"end":{"line":150,"column":63}}]},"13":{"loc":{"start":{"line":154,"column":8},"end":{"line":156,"column":9}},"type":"if","locations":[{"start":{"line":154,"column":8},"end":{"line":156,"column":9}}]},"14":{"loc":{"start":{"line":161,"column":8},"end":{"line":164,"column":9}},"type":"if","locations":[{"start":{"line":161,"column":8},"end":{"line":164,"column":9}}]},"15":{"loc":{"start":{"line":161,"column":12},"end":{"line":161,"column":40}},"type":"binary-expr","locations":[{"start":{"line":161,"column":12},"end":{"line":161,"column":18}},{"start":{"line":161,"column":22},"end":{"line":161,"column":40}}]},"16":{"loc":{"start":{"line":193,"column":11},"end":{"line":193,"column":45}},"type":"binary-expr","locations":[{"start":{"line":193,"column":11},"end":{"line":193,"column":37}},{"start":{"line":193,"column":41},"end":{"line":193,"column":45}}]},"17":{"loc":{"start":{"line":202,"column":6},"end":{"line":204,"column":7}},"type":"if","locations":[{"start":{"line":202,"column":6},"end":{"line":204,"column":7}}]},"18":{"loc":{"start":{"line":231,"column":6},"end":{"line":231,"column":34}},"type":"if","locations":[{"start":{"line":231,"column":6},"end":{"line":231,"column":34}}]},"19":{"loc":{"start":{"line":255,"column":4},"end":{"line":255,"column":31}},"type":"default-arg","locations":[{"start":{"line":255,"column":29},"end":{"line":255,"column":31}}]},"20":{"loc":{"start":{"line":258,"column":4},"end":{"line":260,"column":5}},"type":"if","locations":[{"start":{"line":258,"column":4},"end":{"line":260,"column":5}}]},"21":{"loc":{"start":{"line":264,"column":4},"end":{"line":274,"column":5}},"type":"switch","locations":[{"start":{"line":265,"column":6},"end":{"line":267,"column":14}},{"start":{"line":268,"column":6},"end":{"line":270,"column":14}},{"start":{"line":271,"column":6},"end":{"line":273,"column":14}}]},"22":{"loc":{"start":{"line":287,"column":4},"end":{"line":290,"column":5}},"type":"if","locations":[{"start":{"line":287,"column":4},"end":{"line":290,"column":5}}]},"23":{"loc":{"start":{"line":296,"column":26},"end":{"line":296,"column":48}},"type":"default-arg","locations":[{"start":{"line":296,"column":46},"end":{"line":296,"column":48}}]},"24":{"loc":{"start":{"line":299,"column":4},"end":{"line":301,"column":5}},"type":"if","locations":[{"start":{"line":299,"column":4},"end":{"line":301,"column":5}}]},"25":{"loc":{"start":{"line":308,"column":6},"end":{"line":310,"column":7}},"type":"if","locations":[{"start":{"line":308,"column":6},"end":{"line":310,"column":7}}]}},"s":{"0":1,"1":1,"2":1,"3":21,"4":21,"5":21,"6":21,"7":0,"8":0,"9":0,"10":0,"11":0,"12":0,"13":0,"14":0,"15":0,"16":0,"17":0,"18":0,"19":0,"20":0,"21":0,"22":0,"23":0,"24":0,"25":0,"26":0,"27":0,"28":0,"29":0,"30":0,"31":0,"32":0,"33":0,"34":0,"35":0,"36":0,"37":0,"38":0,"39":0,"40":0,"41":0,"42":0,"43":0,"44":0,"45":0,"46":0,"47":0,"48":0,"49":0,"50":0,"51":0,"52":0,"53":0,"54":0,"55":0,"56":0,"57":0,"58":0,"59":0,"60":0,"61":0,"62":0,"63":0,"64":0,"65":0,"66":0,"67":0,"68":0,"69":0,"70":0,"71":0,"72":0,"73":0,"74":0,"75":0,"76":0,"77":0,"78":0,"79":0,"80":0,"81":0,"82":0,"83":0,"84":0,"85":0,"86":0,"87":0,"88":0,"89":0,"90":0,"91":0,"92":0,"93":0,"94":0,"95":0,"96":0,"97":0,"98":0,"99":0,"100":0,"101":0,"102":0,"103":0,"104":0,"105":0,"106":0,"107":0,"108":0,"109":0,"110":0,"111":0,"112":0,"113":0,"114":0,"115":0,"116":0,"117":0,"118":1},"f":{"0":21,"1":0,"2":0,"3":0,"4":0,"5":0,"6":0,"7":0,"8":0,"9":0,"10":0,"11":0,"12":0,"13":0,"14":0,"15":0,"16":0,"17":0},"b":{"0":[0],"1":[0],"2":[0,0],"3":[0],"4":[0],"5":[0],"6":[0,0],"7":[0,0],"8":[0,0],"9":[0],"10":[0],"11":[0],"12":[0,0],"13":[0],"14":[0],"15":[0,0],"16":[0,0],"17":[0],"18":[0],"19":[0],"20":[0],"21":[0,0,0],"22":[0],"23":[0],"24":[0],"25":[0]}}
,"/Users/maxfahl/Fahl/Common/Loom/.loom-framework/aml/CacheLayer.ts": {"path":"/Users/maxfahl/Fahl/Common/Loom/.loom-framework/aml/CacheLayer.ts","statementMap":{"0":{"start":{"line":41,"column":4},"end":{"line":41,"column":27}},"1":{"start":{"line":42,"column":4},"end":{"line":46,"column":6}},"2":{"start":{"line":47,"column":4},"end":{"line":54,"column":6}},"3":{"start":{"line":55,"column":4},"end":{"line":55,"column":26}},"4":{"start":{"line":62,"column":18},"end":{"line":62,"column":37}},"5":{"start":{"line":65,"column":4},"end":{"line":69,"column":5}},"6":{"start":{"line":66,"column":6},"end":{"line":66,"column":26}},"7":{"start":{"line":67,"column":6},"end":{"line":67,"column":27}},"8":{"start":{"line":68,"column":6},"end":{"line":68,"column":18}},"9":{"start":{"line":72,"column":4},"end":{"line":79,"column":5}},"10":{"start":{"line":73,"column":6},"end":{"line":73,"column":29}},"11":{"start":{"line":74,"column":6},"end":{"line":74,"column":38}},"12":{"start":{"line":75,"column":6},"end":{"line":75,"column":26}},"13":{"start":{"line":76,"column":6},"end":{"line":76,"column":31}},"14":{"start":{"line":77,"column":6},"end":{"line":77,"column":27}},"15":{"start":{"line":78,"column":6},"end":{"line":78,"column":18}},"16":{"start":{"line":82,"column":4},"end":{"line":82,"column":22}},"17":{"start":{"line":83,"column":4},"end":{"line":83,"column":24}},"18":{"start":{"line":84,"column":4},"end":{"line":84,"column":34}},"19":{"start":{"line":87,"column":4},"end":{"line":90,"column":5}},"20":{"start":{"line":88,"column":6},"end":{"line":88,"column":38}},"21":{"start":{"line":89,"column":6},"end":{"line":89,"column":33}},"22":{"start":{"line":92,"column":4},"end":{"line":92,"column":25}},"23":{"start":{"line":93,"column":4},"end":{"line":93,"column":23}},"24":{"start":{"line":101,"column":4},"end":{"line":103,"column":5}},"25":{"start":{"line":102,"column":6},"end":{"line":102,"column":19}},"26":{"start":{"line":105,"column":33},"end":{"line":111,"column":6}},"27":{"start":{"line":113,"column":4},"end":{"line":113,"column":31}},"28":{"start":{"line":116,"column":4},"end":{"line":119,"column":5}},"29":{"start":{"line":117,"column":6},"end":{"line":117,"column":38}},"30":{"start":{"line":118,"column":6},"end":{"line":118,"column":33}},"31":{"start":{"line":121,"column":4},"end":{"line":121,"column":45}},"32":{"start":{"line":128,"column":18},"end":{"line":128,"column":37}},"33":{"start":{"line":129,"column":4},"end":{"line":129,"column":29}},"34":{"start":{"line":129,"column":16},"end":{"line":129,"column":29}},"35":{"start":{"line":130,"column":4},"end":{"line":135,"column":5}},"36":{"start":{"line":131,"column":6},"end":{"line":131,"column":29}},"37":{"start":{"line":132,"column":6},"end":{"line":132,"column":38}},"38":{"start":{"line":133,"column":6},"end":{"line":133,"column":31}},"39":{"start":{"line":134,"column":6},"end":{"line":134,"column":19}},"40":{"start":{"line":136,"column":4},"end":{"line":136,"column":16}},"41":{"start":{"line":143,"column":20},"end":{"line":143,"column":42}},"42":{"start":{"line":144,"column":4},"end":{"line":147,"column":5}},"43":{"start":{"line":145,"column":6},"end":{"line":145,"column":38}},"44":{"start":{"line":146,"column":6},"end":{"line":146,"column":31}},"45":{"start":{"line":148,"column":4},"end":{"line":148,"column":19}},"46":{"start":{"line":155,"column":4},"end":{"line":155,"column":23}},"47":{"start":{"line":156,"column":4},"end":{"line":156,"column":26}},"48":{"start":{"line":157,"column":4},"end":{"line":157,"column":31}},"49":{"start":{"line":164,"column":4},"end":{"line":164,"column":29}},"50":{"start":{"line":171,"column":4},"end":{"line":178,"column":6}},"51":{"start":{"line":185,"column":4},"end":{"line":185,"column":41}},"52":{"start":{"line":192,"column":4},"end":{"line":192,"column":27}},"53":{"start":{"line":199,"column":18},"end":{"line":199,"column":19}},"54":{"start":{"line":200,"column":16},"end":{"line":200,"column":26}},"55":{"start":{"line":202,"column":4},"end":{"line":208,"column":5}},"56":{"start":{"line":203,"column":6},"end":{"line":207,"column":7}},"57":{"start":{"line":204,"column":8},"end":{"line":204,"column":31}},"58":{"start":{"line":205,"column":8},"end":{"line":205,"column":40}},"59":{"start":{"line":206,"column":8},"end":{"line":206,"column":18}},"60":{"start":{"line":210,"column":4},"end":{"line":210,"column":45}},"61":{"start":{"line":211,"column":4},"end":{"line":211,"column":36}},"62":{"start":{"line":212,"column":4},"end":{"line":212,"column":19}},"63":{"start":{"line":219,"column":4},"end":{"line":226,"column":5}},"64":{"start":{"line":220,"column":6},"end":{"line":220,"column":45}},"65":{"start":{"line":221,"column":6},"end":{"line":221,"column":43}},"66":{"start":{"line":223,"column":6},"end":{"line":225,"column":7}},"67":{"start":{"line":224,"column":8},"end":{"line":224,"column":21}},"68":{"start":{"line":227,"column":4},"end":{"line":229,"column":5}},"69":{"start":{"line":228,"column":6},"end":{"line":228,"column":41}},"70":{"start":{"line":230,"column":4},"end":{"line":232,"column":5}},"71":{"start":{"line":231,"column":6},"end":{"line":231,"column":59}},"72":{"start":{"line":243,"column":4},"end":{"line":243,"column":61}},"73":{"start":{"line":250,"column":4},"end":{"line":250,"column":38}},"74":{"start":{"line":250,"column":31},"end":{"line":250,"column":38}},"75":{"start":{"line":254,"column":4},"end":{"line":269,"column":5}},"76":{"start":{"line":256,"column":6},"end":{"line":256,"column":39}},"77":{"start":{"line":257,"column":6},"end":{"line":257,"column":31}},"78":{"start":{"line":260,"column":27},"end":{"line":260,"column":35}},"79":{"start":{"line":261,"column":6},"end":{"line":261,"column":22}},"80":{"start":{"line":263,"column":6},"end":{"line":268,"column":7}},"81":{"start":{"line":264,"column":8},"end":{"line":267,"column":9}},"82":{"start":{"line":265,"column":10},"end":{"line":265,"column":45}},"83":{"start":{"line":266,"column":10},"end":{"line":266,"column":27}},"84":{"start":{"line":271,"column":4},"end":{"line":275,"column":5}},"85":{"start":{"line":272,"column":6},"end":{"line":272,"column":36}},"86":{"start":{"line":273,"column":6},"end":{"line":273,"column":29}},"87":{"start":{"line":274,"column":6},"end":{"line":274,"column":31}},"88":{"start":{"line":282,"column":18},"end":{"line":282,"column":47}},"89":{"start":{"line":283,"column":4},"end":{"line":285,"column":5}},"90":{"start":{"line":284,"column":6},"end":{"line":284,"column":40}},"91":{"start":{"line":292,"column":18},"end":{"line":292,"column":53}},"92":{"start":{"line":293,"column":4},"end":{"line":293,"column":65}},"93":{"start":{"line":34,"column":0},"end":{"line":34,"column":13}},"94":{"start":{"line":308,"column":25},"end":{"line":308,"column":29}},"95":{"start":{"line":309,"column":25},"end":{"line":309,"column":49}},"96":{"start":{"line":310,"column":18},"end":{"line":310,"column":35}},"97":{"start":{"line":313,"column":4},"end":{"line":317,"column":7}},"98":{"start":{"line":319,"column":4},"end":{"line":323,"column":7}},"99":{"start":{"line":325,"column":4},"end":{"line":329,"column":7}},"100":{"start":{"line":331,"column":4},"end":{"line":335,"column":7}},"101":{"start":{"line":342,"column":4},"end":{"line":342,"column":29}},"102":{"start":{"line":349,"column":4},"end":{"line":349,"column":30}},"103":{"start":{"line":356,"column":4},"end":{"line":356,"column":30}},"104":{"start":{"line":363,"column":4},"end":{"line":363,"column":27}},"105":{"start":{"line":370,"column":4},"end":{"line":370,"column":30}},"106":{"start":{"line":371,"column":4},"end":{"line":371,"column":31}},"107":{"start":{"line":372,"column":4},"end":{"line":372,"column":31}},"108":{"start":{"line":373,"column":4},"end":{"line":373,"column":28}},"109":{"start":{"line":380,"column":16},"end":{"line":380,"column":17}},"110":{"start":{"line":381,"column":4},"end":{"line":381,"column":46}},"111":{"start":{"line":382,"column":4},"end":{"line":382,"column":47}},"112":{"start":{"line":383,"column":4},"end":{"line":383,"column":47}},"113":{"start":{"line":384,"column":4},"end":{"line":384,"column":44}},"114":{"start":{"line":385,"column":4},"end":{"line":385,"column":17}},"115":{"start":{"line":400,"column":25},"end":{"line":400,"column":53}},"116":{"start":{"line":401,"column":26},"end":{"line":401,"column":55}},"117":{"start":{"line":402,"column":26},"end":{"line":402,"column":55}},"118":{"start":{"line":403,"column":23},"end":{"line":403,"column":49}},"119":{"start":{"line":405,"column":22},"end":{"line":405,"column":99}},"120":{"start":{"line":407,"column":6},"end":{"line":407,"column":91}},"121":{"start":{"line":408,"column":27},"end":{"line":408,"column":98}},"122":{"start":{"line":410,"column":4},"end":{"line":418,"column":6}},"123":{"start":{"line":429,"column":4},"end":{"line":433,"column":5}},"124":{"start":{"line":430,"column":6},"end":{"line":432,"column":7}},"125":{"start":{"line":431,"column":8},"end":{"line":431,"column":42}},"126":{"start":{"line":435,"column":4},"end":{"line":439,"column":5}},"127":{"start":{"line":436,"column":6},"end":{"line":438,"column":7}},"128":{"start":{"line":437,"column":8},"end":{"line":437,"column":43}},"129":{"start":{"line":441,"column":4},"end":{"line":445,"column":5}},"130":{"start":{"line":442,"column":6},"end":{"line":444,"column":7}},"131":{"start":{"line":443,"column":8},"end":{"line":443,"column":43}},"132":{"start":{"line":300,"column":0},"end":{"line":300,"column":13}}},"fnMap":{"0":{"name":"(anonymous_0)","decl":{"start":{"line":40,"column":2},"end":{"line":40,"column":14}},"loc":{"start":{"line":40,"column":49},"end":{"line":56,"column":3}}},"1":{"name":"(anonymous_1)","decl":{"start":{"line":61,"column":2},"end":{"line":61,"column":5}},"loc":{"start":{"line":61,"column":17},"end":{"line":94,"column":3}}},"2":{"name":"(anonymous_2)","decl":{"start":{"line":99,"column":2},"end":{"line":99,"column":5}},"loc":{"start":{"line":99,"column":27},"end":{"line":122,"column":3}}},"3":{"name":"(anonymous_3)","decl":{"start":{"line":127,"column":2},"end":{"line":127,"column":5}},"loc":{"start":{"line":127,"column":17},"end":{"line":137,"column":3}}},"4":{"name":"(anonymous_4)","decl":{"start":{"line":142,"column":2},"end":{"line":142,"column":8}},"loc":{"start":{"line":142,"column":20},"end":{"line":149,"column":3}}},"5":{"name":"(anonymous_5)","decl":{"start":{"line":154,"column":2},"end":{"line":154,"column":7}},"loc":{"start":{"line":154,"column":7},"end":{"line":158,"column":3}}},"6":{"name":"(anonymous_6)","decl":{"start":{"line":163,"column":2},"end":{"line":163,"column":10}},"loc":{"start":{"line":163,"column":10},"end":{"line":165,"column":3}}},"7":{"name":"(anonymous_7)","decl":{"start":{"line":170,"column":2},"end":{"line":170,"column":12}},"loc":{"start":{"line":170,"column":12},"end":{"line":179,"column":3}}},"8":{"name":"(anonymous_8)","decl":{"start":{"line":184,"column":2},"end":{"line":184,"column":6}},"loc":{"start":{"line":184,"column":6},"end":{"line":186,"column":3}}},"9":{"name":"(anonymous_9)","decl":{"start":{"line":191,"column":2},"end":{"line":191,"column":6}},"loc":{"start":{"line":191,"column":6},"end":{"line":193,"column":3}}},"10":{"name":"(anonymous_10)","decl":{"start":{"line":198,"column":2},"end":{"line":198,"column":14}},"loc":{"start":{"line":198,"column":14},"end":{"line":213,"column":3}}},"11":{"name":"(anonymous_11)","decl":{"start":{"line":218,"column":2},"end":{"line":218,"column":15}},"loc":{"start":{"line":218,"column":46},"end":{"line":233,"column":3}}},"12":{"name":"(anonymous_12)","decl":{"start":{"line":242,"column":10},"end":{"line":242,"column":19}},"loc":{"start":{"line":242,"column":40},"end":{"line":244,"column":3}}},"13":{"name":"(anonymous_13)","decl":{"start":{"line":249,"column":10},"end":{"line":249,"column":15}},"loc":{"start":{"line":249,"column":15},"end":{"line":276,"column":3}}},"14":{"name":"(anonymous_14)","decl":{"start":{"line":281,"column":10},"end":{"line":281,"column":31}},"loc":{"start":{"line":281,"column":43},"end":{"line":286,"column":3}}},"15":{"name":"(anonymous_15)","decl":{"start":{"line":291,"column":10},"end":{"line":291,"column":23}},"loc":{"start":{"line":291,"column":23},"end":{"line":294,"column":3}}},"16":{"name":"(anonymous_16)","decl":{"start":{"line":306,"column":2},"end":{"line":306,"column":14}},"loc":{"start":{"line":306,"column":64},"end":{"line":336,"column":3}}},"17":{"name":"(anonymous_17)","decl":{"start":{"line":341,"column":2},"end":{"line":341,"column":17}},"loc":{"start":{"line":341,"column":17},"end":{"line":343,"column":3}}},"18":{"name":"(anonymous_18)","decl":{"start":{"line":348,"column":2},"end":{"line":348,"column":18}},"loc":{"start":{"line":348,"column":18},"end":{"line":350,"column":3}}},"19":{"name":"(anonymous_19)","decl":{"start":{"line":355,"column":2},"end":{"line":355,"column":18}},"loc":{"start":{"line":355,"column":18},"end":{"line":357,"column":3}}},"20":{"name":"(anonymous_20)","decl":{"start":{"line":362,"column":2},"end":{"line":362,"column":15}},"loc":{"start":{"line":362,"column":15},"end":{"line":364,"column":3}}},"21":{"name":"(anonymous_21)","decl":{"start":{"line":369,"column":2},"end":{"line":369,"column":10}},"loc":{"start":{"line":369,"column":10},"end":{"line":374,"column":3}}},"22":{"name":"(anonymous_22)","decl":{"start":{"line":379,"column":2},"end":{"line":379,"column":17}},"loc":{"start":{"line":379,"column":17},"end":{"line":386,"column":3}}},"23":{"name":"(anonymous_23)","decl":{"start":{"line":391,"column":2},"end":{"line":391,"column":18}},"loc":{"start":{"line":391,"column":18},"end":{"line":419,"column":3}}},"24":{"name":"(anonymous_24)","decl":{"start":{"line":424,"column":2},"end":{"line":424,"column":11}},"loc":{"start":{"line":428,"column":3},"end":{"line":446,"column":3}}}},"branchMap":{"0":{"loc":{"start":{"line":40,"column":14},"end":{"line":40,"column":49}},"type":"default-arg","locations":[{"start":{"line":40,"column":47},"end":{"line":40,"column":49}}]},"1":{"loc":{"start":{"line":43,"column":15},"end":{"line":43,"column":38}},"type":"binary-expr","locations":[{"start":{"line":43,"column":15},"end":{"line":43,"column":30}},{"start":{"line":43,"column":34},"end":{"line":43,"column":38}}]},"2":{"loc":{"start":{"line":44,"column":13},"end":{"line":44,"column":37}},"type":"binary-expr","locations":[{"start":{"line":44,"column":13},"end":{"line":44,"column":26}},{"start":{"line":44,"column":30},"end":{"line":44,"column":37}}]},"3":{"loc":{"start":{"line":45,"column":22},"end":{"line":45,"column":53}},"type":"binary-expr","locations":[{"start":{"line":45,"column":22},"end":{"line":45,"column":44}},{"start":{"line":45,"column":48},"end":{"line":45,"column":53}}]},"4":{"loc":{"start":{"line":65,"column":4},"end":{"line":69,"column":5}},"type":"if","locations":[{"start":{"line":65,"column":4},"end":{"line":69,"column":5}}]},"5":{"loc":{"start":{"line":72,"column":4},"end":{"line":79,"column":5}},"type":"if","locations":[{"start":{"line":72,"column":4},"end":{"line":79,"column":5}}]},"6":{"loc":{"start":{"line":87,"column":4},"end":{"line":90,"column":5}},"type":"if","locations":[{"start":{"line":87,"column":4},"end":{"line":90,"column":5}}]},"7":{"loc":{"start":{"line":101,"column":4},"end":{"line":103,"column":5}},"type":"if","locations":[{"start":{"line":101,"column":4},"end":{"line":103,"column":5}}]},"8":{"loc":{"start":{"line":101,"column":8},"end":{"line":101,"column":71}},"type":"binary-expr","locations":[{"start":{"line":101,"column":8},"end":{"line":101,"column":47}},{"start":{"line":101,"column":51},"end":{"line":101,"column":71}}]},"9":{"loc":{"start":{"line":116,"column":4},"end":{"line":119,"column":5}},"type":"if","locations":[{"start":{"line":116,"column":4},"end":{"line":119,"column":5}}]},"10":{"loc":{"start":{"line":129,"column":4},"end":{"line":129,"column":29}},"type":"if","locations":[{"start":{"line":129,"column":4},"end":{"line":129,"column":29}}]},"11":{"loc":{"start":{"line":130,"column":4},"end":{"line":135,"column":5}},"type":"if","locations":[{"start":{"line":130,"column":4},"end":{"line":135,"column":5}}]},"12":{"loc":{"start":{"line":144,"column":4},"end":{"line":147,"column":5}},"type":"if","locations":[{"start":{"line":144,"column":4},"end":{"line":147,"column":5}}]},"13":{"loc":{"start":{"line":203,"column":6},"end":{"line":207,"column":7}},"type":"if","locations":[{"start":{"line":203,"column":6},"end":{"line":207,"column":7}}]},"14":{"loc":{"start":{"line":219,"column":4},"end":{"line":226,"column":5}},"type":"if","locations":[{"start":{"line":219,"column":4},"end":{"line":226,"column":5}}]},"15":{"loc":{"start":{"line":227,"column":4},"end":{"line":229,"column":5}},"type":"if","locations":[{"start":{"line":227,"column":4},"end":{"line":229,"column":5}}]},"16":{"loc":{"start":{"line":230,"column":4},"end":{"line":232,"column":5}},"type":"if","locations":[{"start":{"line":230,"column":4},"end":{"line":232,"column":5}}]},"17":{"loc":{"start":{"line":250,"column":4},"end":{"line":250,"column":38}},"type":"if","locations":[{"start":{"line":250,"column":4},"end":{"line":250,"column":38}}]},"18":{"loc":{"start":{"line":254,"column":4},"end":{"line":269,"column":5}},"type":"if","locations":[{"start":{"line":254,"column":4},"end":{"line":269,"column":5}},{"start":{"line":258,"column":11},"end":{"line":269,"column":5}}]},"19":{"loc":{"start":{"line":264,"column":8},"end":{"line":267,"column":9}},"type":"if","locations":[{"start":{"line":264,"column":8},"end":{"line":267,"column":9}}]},"20":{"loc":{"start":{"line":271,"column":4},"end":{"line":275,"column":5}},"type":"if","locations":[{"start":{"line":271,"column":4},"end":{"line":275,"column":5}}]},"21":{"loc":{"start":{"line":283,"column":4},"end":{"line":285,"column":5}},"type":"if","locations":[{"start":{"line":283,"column":4},"end":{"line":285,"column":5}}]},"22":{"loc":{"start":{"line":293,"column":25},"end":{"line":293,"column":64}},"type":"cond-expr","locations":[{"start":{"line":293,"column":37},"end":{"line":293,"column":60}},{"start":{"line":293,"column":63},"end":{"line":293,"column":64}}]},"23":{"loc":{"start":{"line":306,"column":14},"end":{"line":306,"column":37}},"type":"default-arg","locations":[{"start":{"line":306,"column":34},"end":{"line":306,"column":37}}]},"24":{"loc":{"start":{"line":306,"column":39},"end":{"line":306,"column":64}},"type":"default-arg","locations":[{"start":{"line":306,"column":60},"end":{"line":306,"column":64}}]},"25":{"loc":{"start":{"line":408,"column":27},"end":{"line":408,"column":98}},"type":"cond-expr","locations":[{"start":{"line":408,"column":57},"end":{"line":408,"column":94}},{"start":{"line":408,"column":97},"end":{"line":408,"column":98}}]},"26":{"loc":{"start":{"line":429,"column":4},"end":{"line":433,"column":5}},"type":"if","locations":[{"start":{"line":429,"column":4},"end":{"line":433,"column":5}}]},"27":{"loc":{"start":{"line":435,"column":4},"end":{"line":439,"column":5}},"type":"if","locations":[{"start":{"line":435,"column":4},"end":{"line":439,"column":5}}]},"28":{"loc":{"start":{"line":441,"column":4},"end":{"line":445,"column":5}},"type":"if","locations":[{"start":{"line":441,"column":4},"end":{"line":445,"column":5}}]}},"s":{"0":61,"1":61,"2":61,"3":61,"4":2043,"5":2043,"6":10,"7":10,"8":10,"9":2033,"10":1,"11":1,"12":1,"13":1,"14":1,"15":1,"16":2032,"17":2032,"18":2032,"19":2032,"20":2026,"21":2026,"22":2032,"23":2032,"24":2163,"25":5,"26":2163,"27":2163,"28":2163,"29":2157,"30":2157,"31":2163,"32":2,"33":2,"34":1,"35":1,"36":0,"37":0,"38":0,"39":0,"40":1,"41":2,"42":2,"43":1,"44":1,"45":2,"46":6,"47":6,"48":6,"49":17,"50":1,"51":2,"52":8,"53":5,"54":5,"55":5,"56":4,"57":4,"58":4,"59":4,"60":5,"61":5,"62":5,"63":4,"64":2,"65":2,"66":2,"67":5,"68":4,"69":1,"70":4,"71":1,"72":2034,"73":10,"74":0,"75":10,"76":9,"77":9,"78":1,"79":1,"80":1,"81":3,"82":1,"83":1,"84":10,"85":10,"86":10,"87":10,"88":4189,"89":4189,"90":2034,"91":2043,"92":2043,"93":1,"94":7,"95":7,"96":7,"97":7,"98":7,"99":7,"100":7,"101":7,"102":7,"103":1,"104":1,"105":1,"106":1,"107":1,"108":1,"109":1,"110":1,"111":1,"112":1,"113":1,"114":1,"115":2,"116":2,"117":2,"118":2,"119":2,"120":2,"121":2,"122":2,"123":1,"124":1,"125":2,"126":1,"127":1,"128":1,"129":1,"130":0,"131":0,"132":1},"f":{"0":61,"1":2043,"2":2163,"3":2,"4":2,"5":6,"6":17,"7":1,"8":2,"9":8,"10":5,"11":4,"12":2034,"13":10,"14":4189,"15":2043,"16":7,"17":7,"18":7,"19":1,"20":1,"21":1,"22":1,"23":2,"24":1},"b":{"0":[0],"1":[61,0],"2":[61,1],"3":[61,20],"4":[10],"5":[1],"6":[2026],"7":[5],"8":[2163,5],"9":[2157],"10":[1],"11":[0],"12":[1],"13":[4],"14":[2],"15":[1],"16":[1],"17":[0],"18":[9,1],"19":[1],"20":[10],"21":[2034],"22":[2043,0],"23":[0],"24":[0],"25":[1,1],"26":[1],"27":[1],"28":[0]}}
,"/Users/maxfahl/Fahl/Common/Loom/.loom-framework/aml/MemoryService.ts": {"path":"/Users/maxfahl/Fahl/Common/Loom/.loom-framework/aml/MemoryService.ts","statementMap":{"0":{"start":{"line":8,"column":0},"end":{"line":8,"column":29}},"1":{"start":{"line":9,"column":0},"end":{"line":9,"column":64}},"2":{"start":{"line":10,"column":0},"end":{"line":10,"column":57}},"3":{"start":{"line":11,"column":0},"end":{"line":11,"column":60}},"4":{"start":{"line":12,"column":0},"end":{"line":12,"column":60}},"5":{"start":{"line":13,"column":0},"end":{"line":13,"column":55}},"6":{"start":{"line":118,"column":4},"end":{"line":118,"column":52}},"7":{"start":{"line":120,"column":4},"end":{"line":120,"column":82}},"8":{"start":{"line":121,"column":4},"end":{"line":121,"column":33}},"9":{"start":{"line":122,"column":4},"end":{"line":122,"column":37}},"10":{"start":{"line":123,"column":4},"end":{"line":123,"column":28}},"11":{"start":{"line":125,"column":4},"end":{"line":127,"column":5}},"12":{"start":{"line":126,"column":6},"end":{"line":126,"column":46}},"13":{"start":{"line":134,"column":4},"end":{"line":134,"column":34}},"14":{"start":{"line":135,"column":4},"end":{"line":135,"column":36}},"15":{"start":{"line":142,"column":4},"end":{"line":142,"column":50}},"16":{"start":{"line":150,"column":4},"end":{"line":150,"column":40}},"17":{"start":{"line":150,"column":27},"end":{"line":150,"column":40}},"18":{"start":{"line":151,"column":19},"end":{"line":151,"column":49}},"19":{"start":{"line":153,"column":21},"end":{"line":153,"column":51}},"20":{"start":{"line":154,"column":4},"end":{"line":154,"column":32}},"21":{"start":{"line":154,"column":19},"end":{"line":154,"column":32}},"22":{"start":{"line":155,"column":4},"end":{"line":155,"column":36}},"23":{"start":{"line":169,"column":4},"end":{"line":171,"column":5}},"24":{"start":{"line":170,"column":6},"end":{"line":170,"column":16}},"25":{"start":{"line":173,"column":22},"end":{"line":173,"column":32}},"26":{"start":{"line":174,"column":19},"end":{"line":174,"column":46}},"27":{"start":{"line":175,"column":19},"end":{"line":175,"column":66}},"28":{"start":{"line":175,"column":46},"end":{"line":175,"column":65}},"29":{"start":{"line":178,"column":4},"end":{"line":180,"column":5}},"30":{"start":{"line":179,"column":6},"end":{"line":179,"column":52}},"31":{"start":{"line":179,"column":40},"end":{"line":179,"column":50}},"32":{"start":{"line":183,"column":4},"end":{"line":185,"column":5}},"33":{"start":{"line":184,"column":6},"end":{"line":184,"column":82}},"34":{"start":{"line":184,"column":40},"end":{"line":184,"column":80}},"35":{"start":{"line":188,"column":4},"end":{"line":190,"column":5}},"36":{"start":{"line":189,"column":6},"end":{"line":189,"column":76}},"37":{"start":{"line":189,"column":40},"end":{"line":189,"column":74}},"38":{"start":{"line":193,"column":4},"end":{"line":195,"column":5}},"39":{"start":{"line":194,"column":6},"end":{"line":194,"column":85}},"40":{"start":{"line":194,"column":40},"end":{"line":194,"column":83}},"41":{"start":{"line":198,"column":19},"end":{"line":198,"column":45}},"42":{"start":{"line":199,"column":4},"end":{"line":215,"column":7}},"43":{"start":{"line":200,"column":6},"end":{"line":214,"column":7}},"44":{"start":{"line":202,"column":10},"end":{"line":202,"column":55}},"45":{"start":{"line":204,"column":10},"end":{"line":204,"column":59}},"46":{"start":{"line":206,"column":10},"end":{"line":209,"column":12}},"47":{"start":{"line":211,"column":10},"end":{"line":211,"column":47}},"48":{"start":{"line":213,"column":10},"end":{"line":213,"column":19}},"49":{"start":{"line":218,"column":4},"end":{"line":220,"column":5}},"50":{"start":{"line":219,"column":6},"end":{"line":219,"column":50}},"51":{"start":{"line":222,"column":22},"end":{"line":222,"column":44}},"52":{"start":{"line":223,"column":4},"end":{"line":223,"column":51}},"53":{"start":{"line":225,"column":4},"end":{"line":225,"column":43}},"54":{"start":{"line":225,"column":31},"end":{"line":225,"column":41}},"55":{"start":{"line":232,"column":19},"end":{"line":232,"column":46}},"56":{"start":{"line":233,"column":20},"end":{"line":233,"column":67}},"57":{"start":{"line":233,"column":48},"end":{"line":233,"column":66}},"58":{"start":{"line":234,"column":4},"end":{"line":234,"column":27}},"59":{"start":{"line":244,"column":4},"end":{"line":246,"column":5}},"60":{"start":{"line":245,"column":6},"end":{"line":245,"column":68}},"61":{"start":{"line":248,"column":4},"end":{"line":293,"column":5}},"62":{"start":{"line":249,"column":24},"end":{"line":249,"column":34}},"63":{"start":{"line":250,"column":21},"end":{"line":250,"column":48}},"64":{"start":{"line":253,"column":22},"end":{"line":258,"column":null}},"65":{"start":{"line":261,"column":6},"end":{"line":263,"column":7}},"66":{"start":{"line":262,"column":8},"end":{"line":262,"column":42}},"67":{"start":{"line":266,"column":6},"end":{"line":266,"column":45}},"68":{"start":{"line":269,"column":26},"end":{"line":269,"column":66}},"69":{"start":{"line":270,"column":6},"end":{"line":279,"column":7}},"70":{"start":{"line":272,"column":8},"end":{"line":278,"column":49}},"71":{"start":{"line":274,"column":27},"end":{"line":274,"column":46}},"72":{"start":{"line":275,"column":27},"end":{"line":275,"column":46}},"73":{"start":{"line":276,"column":12},"end":{"line":276,"column":67}},"74":{"start":{"line":282,"column":6},"end":{"line":282,"column":43}},"75":{"start":{"line":284,"column":24},"end":{"line":284,"column":46}},"76":{"start":{"line":285,"column":6},"end":{"line":285,"column":53}},"77":{"start":{"line":287,"column":6},"end":{"line":287,"column":55}},"78":{"start":{"line":289,"column":6},"end":{"line":292,"column":8}},"79":{"start":{"line":303,"column":4},"end":{"line":330,"column":5}},"80":{"start":{"line":304,"column":21},"end":{"line":304,"column":48}},"81":{"start":{"line":305,"column":22},"end":{"line":305,"column":75}},"82":{"start":{"line":305,"column":50},"end":{"line":305,"column":74}},"83":{"start":{"line":307,"column":6},"end":{"line":309,"column":7}},"84":{"start":{"line":308,"column":8},"end":{"line":308,"column":62}},"85":{"start":{"line":311,"column":27},"end":{"line":311,"column":52}},"86":{"start":{"line":312,"column":6},"end":{"line":312,"column":65}},"87":{"start":{"line":313,"column":6},"end":{"line":316,"column":8}},"88":{"start":{"line":319,"column":20},"end":{"line":319,"column":78}},"89":{"start":{"line":319,"column":53},"end":{"line":319,"column":77}},"90":{"start":{"line":320,"column":6},"end":{"line":320,"column":53}},"91":{"start":{"line":322,"column":6},"end":{"line":322,"column":43}},"92":{"start":{"line":324,"column":6},"end":{"line":324,"column":31}},"93":{"start":{"line":326,"column":6},"end":{"line":329,"column":8}},"94":{"start":{"line":344,"column":4},"end":{"line":346,"column":5}},"95":{"start":{"line":345,"column":6},"end":{"line":345,"column":16}},"96":{"start":{"line":348,"column":22},"end":{"line":348,"column":32}},"97":{"start":{"line":349,"column":19},"end":{"line":349,"column":46}},"98":{"start":{"line":350,"column":20},"end":{"line":350,"column":69}},"99":{"start":{"line":350,"column":48},"end":{"line":350,"column":68}},"100":{"start":{"line":353,"column":4},"end":{"line":355,"column":5}},"101":{"start":{"line":354,"column":6},"end":{"line":354,"column":54}},"102":{"start":{"line":354,"column":42},"end":{"line":354,"column":52}},"103":{"start":{"line":358,"column":4},"end":{"line":360,"column":5}},"104":{"start":{"line":359,"column":6},"end":{"line":359,"column":77}},"105":{"start":{"line":359,"column":42},"end":{"line":359,"column":75}},"106":{"start":{"line":363,"column":4},"end":{"line":367,"column":5}},"107":{"start":{"line":364,"column":6},"end":{"line":366,"column":8}},"108":{"start":{"line":365,"column":8},"end":{"line":365,"column":99}},"109":{"start":{"line":370,"column":4},"end":{"line":374,"column":5}},"110":{"start":{"line":371,"column":6},"end":{"line":373,"column":8}},"111":{"start":{"line":372,"column":8},"end":{"line":372,"column":82}},"112":{"start":{"line":377,"column":4},"end":{"line":379,"column":5}},"113":{"start":{"line":378,"column":6},"end":{"line":378,"column":93}},"114":{"start":{"line":378,"column":42},"end":{"line":378,"column":91}},"115":{"start":{"line":382,"column":4},"end":{"line":382,"column":72}},"116":{"start":{"line":382,"column":29},"end":{"line":382,"column":70}},"117":{"start":{"line":385,"column":4},"end":{"line":387,"column":5}},"118":{"start":{"line":386,"column":6},"end":{"line":386,"column":52}},"119":{"start":{"line":389,"column":22},"end":{"line":389,"column":44}},"120":{"start":{"line":390,"column":4},"end":{"line":390,"column":51}},"121":{"start":{"line":392,"column":4},"end":{"line":392,"column":44}},"122":{"start":{"line":392,"column":32},"end":{"line":392,"column":42}},"123":{"start":{"line":402,"column":4},"end":{"line":404,"column":5}},"124":{"start":{"line":403,"column":6},"end":{"line":403,"column":68}},"125":{"start":{"line":406,"column":4},"end":{"line":465,"column":5}},"126":{"start":{"line":407,"column":24},"end":{"line":407,"column":34}},"127":{"start":{"line":408,"column":21},"end":{"line":408,"column":48}},"128":{"start":{"line":411,"column":23},"end":{"line":430,"column":null}},"129":{"start":{"line":433,"column":6},"end":{"line":435,"column":7}},"130":{"start":{"line":434,"column":8},"end":{"line":434,"column":43}},"131":{"start":{"line":438,"column":6},"end":{"line":438,"column":47}},"132":{"start":{"line":441,"column":26},"end":{"line":441,"column":66}},"133":{"start":{"line":442,"column":6},"end":{"line":451,"column":7}},"134":{"start":{"line":444,"column":8},"end":{"line":450,"column":50}},"135":{"start":{"line":446,"column":27},"end":{"line":446,"column":47}},"136":{"start":{"line":447,"column":27},"end":{"line":447,"column":47}},"137":{"start":{"line":448,"column":12},"end":{"line":448,"column":79}},"138":{"start":{"line":454,"column":6},"end":{"line":454,"column":43}},"139":{"start":{"line":456,"column":24},"end":{"line":456,"column":46}},"140":{"start":{"line":457,"column":6},"end":{"line":457,"column":53}},"141":{"start":{"line":459,"column":6},"end":{"line":459,"column":56}},"142":{"start":{"line":461,"column":6},"end":{"line":464,"column":8}},"143":{"start":{"line":479,"column":4},"end":{"line":481,"column":5}},"144":{"start":{"line":480,"column":6},"end":{"line":480,"column":16}},"145":{"start":{"line":483,"column":22},"end":{"line":483,"column":32}},"146":{"start":{"line":484,"column":19},"end":{"line":484,"column":46}},"147":{"start":{"line":485,"column":20},"end":{"line":485,"column":69}},"148":{"start":{"line":485,"column":48},"end":{"line":485,"column":68}},"149":{"start":{"line":488,"column":4},"end":{"line":490,"column":5}},"150":{"start":{"line":489,"column":6},"end":{"line":489,"column":54}},"151":{"start":{"line":489,"column":42},"end":{"line":489,"column":52}},"152":{"start":{"line":493,"column":4},"end":{"line":495,"column":5}},"153":{"start":{"line":494,"column":6},"end":{"line":494,"column":85}},"154":{"start":{"line":494,"column":42},"end":{"line":494,"column":83}},"155":{"start":{"line":498,"column":4},"end":{"line":500,"column":5}},"156":{"start":{"line":499,"column":6},"end":{"line":499,"column":92}},"157":{"start":{"line":499,"column":42},"end":{"line":499,"column":90}},"158":{"start":{"line":503,"column":4},"end":{"line":505,"column":5}},"159":{"start":{"line":504,"column":6},"end":{"line":504,"column":56}},"160":{"start":{"line":504,"column":42},"end":{"line":504,"column":54}},"161":{"start":{"line":508,"column":4},"end":{"line":508,"column":72}},"162":{"start":{"line":508,"column":29},"end":{"line":508,"column":70}},"163":{"start":{"line":511,"column":4},"end":{"line":513,"column":5}},"164":{"start":{"line":512,"column":6},"end":{"line":512,"column":52}},"165":{"start":{"line":515,"column":22},"end":{"line":515,"column":44}},"166":{"start":{"line":516,"column":4},"end":{"line":516,"column":51}},"167":{"start":{"line":518,"column":4},"end":{"line":518,"column":44}},"168":{"start":{"line":518,"column":32},"end":{"line":518,"column":42}},"169":{"start":{"line":528,"column":4},"end":{"line":530,"column":5}},"170":{"start":{"line":529,"column":6},"end":{"line":529,"column":68}},"171":{"start":{"line":532,"column":4},"end":{"line":578,"column":5}},"172":{"start":{"line":533,"column":24},"end":{"line":533,"column":34}},"173":{"start":{"line":534,"column":21},"end":{"line":534,"column":48}},"174":{"start":{"line":537,"column":23},"end":{"line":545,"column":8}},"175":{"start":{"line":547,"column":6},"end":{"line":549,"column":7}},"176":{"start":{"line":548,"column":8},"end":{"line":548,"column":43}},"177":{"start":{"line":552,"column":6},"end":{"line":552,"column":47}},"178":{"start":{"line":555,"column":26},"end":{"line":555,"column":66}},"179":{"start":{"line":556,"column":6},"end":{"line":564,"column":7}},"180":{"start":{"line":558,"column":8},"end":{"line":563,"column":50}},"181":{"start":{"line":561,"column":14},"end":{"line":561,"column":79}},"182":{"start":{"line":567,"column":6},"end":{"line":567,"column":43}},"183":{"start":{"line":569,"column":24},"end":{"line":569,"column":46}},"184":{"start":{"line":570,"column":6},"end":{"line":570,"column":53}},"185":{"start":{"line":572,"column":6},"end":{"line":572,"column":56}},"186":{"start":{"line":574,"column":6},"end":{"line":577,"column":8}},"187":{"start":{"line":589,"column":4},"end":{"line":591,"column":5}},"188":{"start":{"line":590,"column":6},"end":{"line":590,"column":18}},"189":{"start":{"line":593,"column":4},"end":{"line":641,"column":5}},"190":{"start":{"line":594,"column":21},"end":{"line":594,"column":48}},"191":{"start":{"line":595,"column":23},"end":{"line":595,"column":70}},"192":{"start":{"line":595,"column":50},"end":{"line":595,"column":69}},"193":{"start":{"line":596,"column":24},"end":{"line":596,"column":73}},"194":{"start":{"line":596,"column":52},"end":{"line":596,"column":72}},"195":{"start":{"line":597,"column":24},"end":{"line":597,"column":73}},"196":{"start":{"line":597,"column":52},"end":{"line":597,"column":72}},"197":{"start":{"line":599,"column":29},"end":{"line":599,"column":63}},"198":{"start":{"line":599,"column":52},"end":{"line":599,"column":62}},"199":{"start":{"line":600,"column":30},"end":{"line":600,"column":65}},"200":{"start":{"line":600,"column":54},"end":{"line":600,"column":64}},"201":{"start":{"line":601,"column":30},"end":{"line":601,"column":65}},"202":{"start":{"line":601,"column":54},"end":{"line":601,"column":64}},"203":{"start":{"line":604,"column":8},"end":{"line":606,"column":13}},"204":{"start":{"line":605,"column":46},"end":{"line":605,"column":69}},"205":{"start":{"line":609,"column":8},"end":{"line":612,"column":13}},"206":{"start":{"line":610,"column":47},"end":{"line":610,"column":76}},"207":{"start":{"line":614,"column":28},"end":{"line":614,"column":78}},"208":{"start":{"line":616,"column":31},"end":{"line":616,"column":73}},"209":{"start":{"line":619,"column":26},"end":{"line":624,"column":null}},"210":{"start":{"line":627,"column":6},"end":{"line":638,"column":8}},"211":{"start":{"line":640,"column":6},"end":{"line":640,"column":18}},"212":{"start":{"line":648,"column":19},"end":{"line":648,"column":48}},"213":{"start":{"line":649,"column":37},"end":{"line":649,"column":39}},"214":{"start":{"line":651,"column":4},"end":{"line":656,"column":5}},"215":{"start":{"line":652,"column":21},"end":{"line":652,"column":49}},"216":{"start":{"line":653,"column":6},"end":{"line":655,"column":7}},"217":{"start":{"line":654,"column":8},"end":{"line":654,"column":29}},"218":{"start":{"line":658,"column":4},"end":{"line":658,"column":19}},"219":{"start":{"line":669,"column":4},"end":{"line":684,"column":5}},"220":{"start":{"line":670,"column":6},"end":{"line":672,"column":7}},"221":{"start":{"line":671,"column":8},"end":{"line":671,"column":50}},"222":{"start":{"line":674,"column":6},"end":{"line":674,"column":48}},"223":{"start":{"line":675,"column":6},"end":{"line":675,"column":37}},"224":{"start":{"line":676,"column":6},"end":{"line":676,"column":41}},"225":{"start":{"line":678,"column":6},"end":{"line":678,"column":31}},"226":{"start":{"line":680,"column":6},"end":{"line":683,"column":8}},"227":{"start":{"line":691,"column":4},"end":{"line":699,"column":5}},"228":{"start":{"line":692,"column":21},"end":{"line":692,"column":60}},"229":{"start":{"line":693,"column":6},"end":{"line":693,"column":45}},"230":{"start":{"line":695,"column":6},"end":{"line":698,"column":8}},"231":{"start":{"line":706,"column":4},"end":{"line":715,"column":5}},"232":{"start":{"line":707,"column":6},"end":{"line":707,"column":52}},"233":{"start":{"line":708,"column":6},"end":{"line":708,"column":37}},"234":{"start":{"line":709,"column":6},"end":{"line":709,"column":31}},"235":{"start":{"line":711,"column":6},"end":{"line":714,"column":8}},"236":{"start":{"line":722,"column":4},"end":{"line":722,"column":41}},"237":{"start":{"line":729,"column":4},"end":{"line":729,"column":49}},"238":{"start":{"line":740,"column":16},"end":{"line":740,"column":26}},"239":{"start":{"line":741,"column":19},"end":{"line":741,"column":46}},"240":{"start":{"line":742,"column":22},"end":{"line":742,"column":53}},"241":{"start":{"line":745,"column":4},"end":{"line":747,"column":5}},"242":{"start":{"line":746,"column":6},"end":{"line":746,"column":20}},"243":{"start":{"line":750,"column":19},"end":{"line":750,"column":58}},"244":{"start":{"line":751,"column":4},"end":{"line":751,"column":40}},"245":{"start":{"line":752,"column":4},"end":{"line":752,"column":41}},"246":{"start":{"line":754,"column":4},"end":{"line":754,"column":18}},"247":{"start":{"line":761,"column":4},"end":{"line":761,"column":52}},"248":{"start":{"line":762,"column":4},"end":{"line":762,"column":40}},"249":{"start":{"line":763,"column":4},"end":{"line":763,"column":48}},"250":{"start":{"line":110,"column":0},"end":{"line":110,"column":13}}},"fnMap":{"0":{"name":"(anonymous_9)","decl":{"start":{"line":117,"column":2},"end":{"line":117,"column":14}},"loc":{"start":{"line":117,"column":79},"end":{"line":128,"column":3}}},"1":{"name":"(anonymous_10)","decl":{"start":{"line":133,"column":2},"end":{"line":133,"column":7}},"loc":{"start":{"line":133,"column":18},"end":{"line":136,"column":3}}},"2":{"name":"(anonymous_11)","decl":{"start":{"line":141,"column":2},"end":{"line":141,"column":11}},"loc":{"start":{"line":141,"column":11},"end":{"line":143,"column":3}}},"3":{"name":"(anonymous_12)","decl":{"start":{"line":149,"column":2},"end":{"line":149,"column":19}},"loc":{"start":{"line":149,"column":36},"end":{"line":156,"column":3}}},"4":{"name":"(anonymous_13)","decl":{"start":{"line":165,"column":2},"end":{"line":165,"column":7}},"loc":{"start":{"line":167,"column":37},"end":{"line":226,"column":3}}},"5":{"name":"(anonymous_14)","decl":{"start":{"line":175,"column":39},"end":{"line":175,"column":40}},"loc":{"start":{"line":175,"column":46},"end":{"line":175,"column":65}}},"6":{"name":"(anonymous_15)","decl":{"start":{"line":179,"column":33},"end":{"line":179,"column":34}},"loc":{"start":{"line":179,"column":40},"end":{"line":179,"column":50}}},"7":{"name":"(anonymous_16)","decl":{"start":{"line":184,"column":33},"end":{"line":184,"column":34}},"loc":{"start":{"line":184,"column":40},"end":{"line":184,"column":80}}},"8":{"name":"(anonymous_17)","decl":{"start":{"line":189,"column":33},"end":{"line":189,"column":34}},"loc":{"start":{"line":189,"column":40},"end":{"line":189,"column":74}}},"9":{"name":"(anonymous_18)","decl":{"start":{"line":194,"column":33},"end":{"line":194,"column":34}},"loc":{"start":{"line":194,"column":40},"end":{"line":194,"column":83}}},"10":{"name":"(anonymous_19)","decl":{"start":{"line":199,"column":18},"end":{"line":199,"column":19}},"loc":{"start":{"line":199,"column":27},"end":{"line":215,"column":5}}},"11":{"name":"(anonymous_20)","decl":{"start":{"line":225,"column":24},"end":{"line":225,"column":25}},"loc":{"start":{"line":225,"column":31},"end":{"line":225,"column":41}}},"12":{"name":"(anonymous_21)","decl":{"start":{"line":231,"column":2},"end":{"line":231,"column":7}},"loc":{"start":{"line":231,"column":54},"end":{"line":235,"column":3}}},"13":{"name":"(anonymous_22)","decl":{"start":{"line":233,"column":41},"end":{"line":233,"column":42}},"loc":{"start":{"line":233,"column":48},"end":{"line":233,"column":66}}},"14":{"name":"(anonymous_23)","decl":{"start":{"line":240,"column":2},"end":{"line":240,"column":7}},"loc":{"start":{"line":242,"column":27},"end":{"line":294,"column":3}}},"15":{"name":"(anonymous_24)","decl":{"start":{"line":273,"column":16},"end":{"line":273,"column":17}},"loc":{"start":{"line":273,"column":25},"end":{"line":277,"column":11}}},"16":{"name":"(anonymous_25)","decl":{"start":{"line":299,"column":2},"end":{"line":299,"column":7}},"loc":{"start":{"line":301,"column":29},"end":{"line":331,"column":3}}},"17":{"name":"(anonymous_26)","decl":{"start":{"line":305,"column":43},"end":{"line":305,"column":44}},"loc":{"start":{"line":305,"column":50},"end":{"line":305,"column":74}}},"18":{"name":"(anonymous_27)","decl":{"start":{"line":319,"column":46},"end":{"line":319,"column":47}},"loc":{"start":{"line":319,"column":53},"end":{"line":319,"column":77}}},"19":{"name":"(anonymous_28)","decl":{"start":{"line":340,"column":2},"end":{"line":340,"column":7}},"loc":{"start":{"line":342,"column":38},"end":{"line":393,"column":3}}},"20":{"name":"(anonymous_29)","decl":{"start":{"line":350,"column":41},"end":{"line":350,"column":42}},"loc":{"start":{"line":350,"column":48},"end":{"line":350,"column":68}}},"21":{"name":"(anonymous_30)","decl":{"start":{"line":354,"column":35},"end":{"line":354,"column":36}},"loc":{"start":{"line":354,"column":42},"end":{"line":354,"column":52}}},"22":{"name":"(anonymous_31)","decl":{"start":{"line":359,"column":35},"end":{"line":359,"column":36}},"loc":{"start":{"line":359,"column":42},"end":{"line":359,"column":75}}},"23":{"name":"(anonymous_32)","decl":{"start":{"line":364,"column":35},"end":{"line":364,"column":36}},"loc":{"start":{"line":365,"column":8},"end":{"line":365,"column":99}}},"24":{"name":"(anonymous_33)","decl":{"start":{"line":371,"column":35},"end":{"line":371,"column":36}},"loc":{"start":{"line":372,"column":8},"end":{"line":372,"column":82}}},"25":{"name":"(anonymous_34)","decl":{"start":{"line":378,"column":35},"end":{"line":378,"column":36}},"loc":{"start":{"line":378,"column":42},"end":{"line":378,"column":91}}},"26":{"name":"(anonymous_35)","decl":{"start":{"line":382,"column":19},"end":{"line":382,"column":20}},"loc":{"start":{"line":382,"column":29},"end":{"line":382,"column":70}}},"27":{"name":"(anonymous_36)","decl":{"start":{"line":392,"column":25},"end":{"line":392,"column":26}},"loc":{"start":{"line":392,"column":32},"end":{"line":392,"column":42}}},"28":{"name":"(anonymous_37)","decl":{"start":{"line":398,"column":2},"end":{"line":398,"column":7}},"loc":{"start":{"line":400,"column":28},"end":{"line":466,"column":3}}},"29":{"name":"(anonymous_38)","decl":{"start":{"line":445,"column":16},"end":{
[...]
column":59}},"35":{"start":{"line":150,"column":4},"end":{"line":150,"column":59}},"36":{"start":{"line":151,"column":4},"end":{"line":151,"column":57}},"37":{"start":{"line":158,"column":4},"end":{"line":162,"column":6}},"38":{"start":{"line":169,"column":4},"end":{"line":169,"column":58}},"39":{"start":{"line":176,"column":4},"end":{"line":176,"column":49}},"40":{"start":{"line":183,"column":18},"end":{"line":183,"column":52}},"41":{"start":{"line":184,"column":19},"end":{"line":184,"column":36}},"42":{"start":{"line":186,"column":4},"end":{"line":191,"column":5}},"43":{"start":{"line":187,"column":20},"end":{"line":187,"column":35}},"44":{"start":{"line":188,"column":6},"end":{"line":190,"column":7}},"45":{"start":{"line":189,"column":8},"end":{"line":189,"column":29}},"46":{"start":{"line":193,"column":4},"end":{"line":193,"column":30}},"47":{"start":{"line":200,"column":22},"end":{"line":200,"column":68}},"48":{"start":{"line":201,"column":22},"end":{"line":201,"column":70}},"49":{"start":{"line":202,"column":36},"end":{"line":202,"column":38}},"50":{"start":{"line":204,"column":18},"end":{"line":204,"column":117}},"51":{"start":{"line":206,"column":4},"end":{"line":213,"column":5}},"52":{"start":{"line":207,"column":23},"end":{"line":207,"column":45}},"53":{"start":{"line":208,"column":6},"end":{"line":212,"column":7}},"54":{"start":{"line":209,"column":27},"end":{"line":209,"column":49}},"55":{"start":{"line":210,"column":8},"end":{"line":210,"column":56}},"56":{"start":{"line":211,"column":8},"end":{"line":211,"column":39}},"57":{"start":{"line":215,"column":4},"end":{"line":215,"column":25}},"58":{"start":{"line":222,"column":18},"end":{"line":222,"column":117}},"59":{"start":{"line":224,"column":4},"end":{"line":230,"column":5}},"60":{"start":{"line":225,"column":25},"end":{"line":225,"column":48}},"61":{"start":{"line":226,"column":6},"end":{"line":229,"column":7}},"62":{"start":{"line":227,"column":27},"end":{"line":227,"column":49}},"63":{"start":{"line":228,"column":8},"end":{"line":228,"column":59}},"64":{"start":{"line":237,"column":4},"end":{"line":237,"column":60}},"65":{"start":{"line":244,"column":4},"end":{"line":244,"column":57}},"66":{"start":{"line":251,"column":4},"end":{"line":251,"column":38}},"67":{"start":{"line":17,"column":0},"end":{"line":17,"column":13}}},"fnMap":{"0":{"name":"(anonymous_0)","decl":{"start":{"line":20,"column":2},"end":{"line":20,"column":14}},"loc":{"start":{"line":20,"column":59},"end":{"line":22,"column":3}}},"1":{"name":"(anonymous_1)","decl":{"start":{"line":27,"column":2},"end":{"line":27,"column":7}},"loc":{"start":{"line":27,"column":18},"end":{"line":29,"column":3}}},"2":{"name":"(anonymous_2)","decl":{"start":{"line":34,"column":2},"end":{"line":34,"column":7}},"loc":{"start":{"line":34,"column":49},"end":{"line":41,"column":3}}},"3":{"name":"(anonymous_3)","decl":{"start":{"line":46,"column":2},"end":{"line":46,"column":7}},"loc":{"start":{"line":46,"column":44},"end":{"line":61,"column":3}}},"4":{"name":"(anonymous_4)","decl":{"start":{"line":66,"column":2},"end":{"line":66,"column":7}},"loc":{"start":{"line":66,"column":62},"end":{"line":68,"column":3}}},"5":{"name":"(anonymous_5)","decl":{"start":{"line":73,"column":2},"end":{"line":73,"column":7}},"loc":{"start":{"line":73,"column":57},"end":{"line":77,"column":3}}},"6":{"name":"(anonymous_6)","decl":{"start":{"line":82,"column":2},"end":{"line":82,"column":7}},"loc":{"start":{"line":82,"column":65},"end":{"line":84,"column":3}}},"7":{"name":"(anonymous_7)","decl":{"start":{"line":89,"column":2},"end":{"line":89,"column":7}},"loc":{"start":{"line":89,"column":60},"end":{"line":93,"column":3}}},"8":{"name":"(anonymous_8)","decl":{"start":{"line":98,"column":2},"end":{"line":98,"column":7}},"loc":{"start":{"line":98,"column":65},"end":{"line":100,"column":3}}},"9":{"name":"(anonymous_9)","decl":{"start":{"line":105,"column":2},"end":{"line":105,"column":7}},"loc":{"start":{"line":105,"column":60},"end":{"line":109,"column":3}}},"10":{"name":"(anonymous_10)","decl":{"start":{"line":114,"column":2},"end":{"line":114,"column":7}},"loc":{"start":{"line":114,"column":58},"end":{"line":116,"column":3}}},"11":{"name":"(anonymous_11)","decl":{"start":{"line":121,"column":2},"end":{"line":121,"column":7}},"loc":{"start":{"line":121,"column":74},"end":{"line":123,"column":3}}},"12":{"name":"(anonymous_12)","decl":{"start":{"line":128,"column":2},"end":{"line":128,"column":7}},"loc":{"start":{"line":128,"column":62},"end":{"line":140,"column":3}}},"13":{"name":"(anonymous_13)","decl":{"start":{"line":145,"column":2},"end":{"line":145,"column":7}},"loc":{"start":{"line":145,"column":46},"end":{"line":152,"column":3}}},"14":{"name":"(anonymous_14)","decl":{"start":{"line":157,"column":2},"end":{"line":157,"column":7}},"loc":{"start":{"line":157,"column":43},"end":{"line":163,"column":3}}},"15":{"name":"(anonymous_15)","decl":{"start":{"line":168,"column":2},"end":{"line":168,"column":7}},"loc":{"start":{"line":168,"column":47},"end":{"line":170,"column":3}}},"16":{"name":"(anonymous_16)","decl":{"start":{"line":175,"column":2},"end":{"line":175,"column":7}},"loc":{"start":{"line":175,"column":26},"end":{"line":177,"column":3}}},"17":{"name":"(anonymous_17)","decl":{"start":{"line":182,"column":2},"end":{"line":182,"column":7}},"loc":{"start":{"line":182,"column":18},"end":{"line":194,"column":3}}},"18":{"name":"(anonymous_18)","decl":{"start":{"line":199,"column":2},"end":{"line":199,"column":7}},"loc":{"start":{"line":199,"column":67},"end":{"line":216,"column":3}}},"19":{"name":"(anonymous_19)","decl":{"start":{"line":221,"column":2},"end":{"line":221,"column":7}},"loc":{"start":{"line":221,"column":67},"end":{"line":231,"column":3}}},"20":{"name":"(anonymous_20)","decl":{"start":{"line":236,"column":2},"end":{"line":236,"column":7}},"loc":{"start":{"line":236,"column":42},"end":{"line":238,"column":3}}},"21":{"name":"(anonymous_21)","decl":{"start":{"line":243,"column":2},"end":{"line":243,"column":7}},"loc":{"start":{"line":243,"column":51},"end":{"line":245,"column":3}}},"22":{"name":"(anonymous_22)","decl":{"start":{"line":250,"column":2},"end":{"line":250,"column":13}},"loc":{"start":{"line":250,"column":13},"end":{"line":252,"column":3}}}},"branchMap":{"0":{"loc":{"start":{"line":20,"column":32},"end":{"line":20,"column":59}},"type":"default-arg","locations":[{"start":{"line":20,"column":55},"end":{"line":20,"column":59}}]},"1":{"loc":{"start":{"line":47,"column":21},"end":{"line":47,"column":93}},"type":"binary-expr","locations":[{"start":{"line":47,"column":22},"end":{"line":47,"column":86}},{"start":{"line":47,"column":91},"end":{"line":47,"column":93}}]},"2":{"loc":{"start":{"line":48,"column":22},"end":{"line":48,"column":96}},"type":"binary-expr","locations":[{"start":{"line":48,"column":23},"end":{"line":48,"column":89}},{"start":{"line":48,"column":94},"end":{"line":48,"column":96}}]},"3":{"loc":{"start":{"line":49,"column":22},"end":{"line":49,"column":96}},"type":"binary-expr","locations":[{"start":{"line":49,"column":23},"end":{"line":49,"column":89}},{"start":{"line":49,"column":94},"end":{"line":49,"column":96}}]},"4":{"loc":{"start":{"line":50,"column":20},"end":{"line":50,"column":96}},"type":"binary-expr","locations":[{"start":{"line":50,"column":21},"end":{"line":50,"column":82}},{"start":{"line":50,"column":87},"end":{"line":50,"column":96}}]},"5":{"loc":{"start":{"line":52,"column":6},"end":{"line":52,"column":98}},"type":"binary-expr","locations":[{"start":{"line":52,"column":7},"end":{"line":52,"column":84}},{"start":{"line":52,"column":89},"end":{"line":52,"column":98}}]},"6":{"loc":{"start":{"line":133,"column":4},"end":{"line":135,"column":5}},"type":"if","locations":[{"start":{"line":133,"column":4},"end":{"line":135,"column":5}}]},"7":{"loc":{"start":{"line":137,"column":4},"end":{"line":139,"column":5}},"type":"if","locations":[{"start":{"line":137,"column":4},"end":{"line":139,"column":5}}]},"8":{"loc":{"start":{"line":159,"column":6},"end":{"line":161,"column":64}},"type":"binary-expr","locations":[{"start":{"line":159,"column":7},"end":{"line":159,"column":62}},{"start":{"line":160,"column":7},"end":{"line":160,"column":63}},{"start":{"line":161,"column":7},"end":{"line":161,"column":63}}]},"9":{"loc":{"start":{"line":188,"column":6},"end":{"line":190,"column":7}},"type":"if","locations":[{"start":{"line":188,"column":6},"end":{"line":190,"column":7}}]},"10":{"loc":{"start":{"line":201,"column":22},"end":{"line":201,"column":70}},"type":"binary-expr","locations":[{"start":{"line":201,"column":22},"end":{"line":201,"column":32}},{"start":{"line":201,"column":36},"end":{"line":201,"column":70}}]},"11":{"loc":{"start":{"line":208,"column":6},"end":{"line":212,"column":7}},"type":"if","locations":[{"start":{"line":208,"column":6},"end":{"line":212,"column":7}}]},"12":{"loc":{"start":{"line":226,"column":6},"end":{"line":229,"column":7}},"type":"if","locations":[{"start":{"line":226,"column":6},"end":{"line":229,"column":7}}]}},"s":{"0":4,"1":83,"2":62,"3":50,"4":1953,"5":1953,"6":1953,"7":1953,"8":1953,"9":1953,"10":2024,"11":1943,"12":1943,"13":1943,"14":84,"15":3,"16":3,"17":3,"18":84,"19":3,"20":3,"21":3,"22":0,"23":0,"24":81,"25":81,"26":81,"27":81,"28":0,"29":81,"30":0,"31":2,"32":2,"33":2,"34":2,"35":2,"36":2,"37":0,"38":3,"39":1,"40":3,"41":3,"42":3,"43":17,"44":17,"45":15,"46":3,"47":3,"48":3,"49":3,"50":3,"51":3,"52":18,"53":18,"54":6,"55":6,"56":6,"57":3,"58":0,"59":0,"60":0,"61":0,"62":0,"63":0,"64":0,"65":0,"66":0,"67":4},"f":{"0":83,"1":62,"2":50,"3":1953,"4":2024,"5":1943,"6":84,"7":3,"8":84,"9":3,"10":0,"11":0,"12":81,"13":2,"14":0,"15":3,"16":1,"17":3,"18":3,"19":0,"20":0,"21":0,"22":0},"b":{"0":[79],"1":[1953,2],"2":[1953,2],"3":[1953,2],"4":[1953,1953],"5":[1953,1953],"6":[0],"7":[0],"8":[0,0,0],"9":[15],"10":[3,3],"11":[6],"12":[0]}}
,"/Users/maxfahl/Fahl/Common/Loom/.loom-framework/aml/storage/index.ts": {"path":"/Users/maxfahl/Fahl/Common/Loom/.loom-framework/aml/storage/index.ts","statementMap":{"0":{"start":{"line":5,"column":0},"end":{"line":5,"column":30}},"1":{"start":{"line":6,"column":0},"end":{"line":6,"column":30}}},"fnMap":{},"branchMap":{},"s":{"0":0,"1":0},"f":{},"b":{}}
,"/Users/maxfahl/Fahl/Common/Loom/.loom-framework/tests/utils/test-helpers.ts": {"path":"/Users/maxfahl/Fahl/Common/Loom/.loom-framework/tests/utils/test-helpers.ts","statementMap":{"0":{"start":{"line":5,"column":0},"end":{"line":5,"column":25}},"1":{"start":{"line":6,"column":0},"end":{"line":6,"column":29}},"2":{"start":{"line":7,"column":0},"end":{"line":7,"column":41}},"3":{"start":{"line":14,"column":20},"end":{"line":14,"column":64}},"4":{"start":{"line":15,"column":4},"end":{"line":17,"column":5}},"5":{"start":{"line":16,"column":6},"end":{"line":16,"column":59}},"6":{"start":{"line":18,"column":4},"end":{"line":18,"column":47}},"7":{"start":{"line":19,"column":4},"end":{"line":19,"column":19}},"8":{"start":{"line":26,"column":23},"end":{"line":26,"column":53}},"9":{"start":{"line":29,"column":17},"end":{"line":37,"column":6}},"10":{"start":{"line":39,"column":4},"end":{"line":41,"column":7}},"11":{"start":{"line":40,"column":6},"end":{"line":40,"column":68}},"12":{"start":{"line":44,"column":22},"end":{"line":52,"column":12}},"13":{"start":{"line":54,"column":4},"end":{"line":54,"column":69}},"14":{"start":{"line":57,"column":21},"end":{"line":61,"column":29}},"15":{"start":{"line":63,"column":4},"end":{"line":63,"column":67}},"16":{"start":{"line":66,"column":24},"end":{"line":70,"column":6}},"17":{"start":{"line":72,"column":4},"end":{"line":75,"column":6}},"18":{"start":{"line":78,"column":4},"end":{"line":90,"column":5}},"19":{"start":{"line":79,"column":6},"end":{"line":79,"column":63}},"20":{"start":{"line":80,"column":6},"end":{"line":83,"column":9}},"21":{"start":{"line":84,"column":6},"end":{"line":87,"column":9}},"22":{"start":{"line":92,"column":4},"end":{"line":92,"column":22}},"23":{"start":{"line":99,"column":23},"end":{"line":99,"column":58}},"24":{"start":{"line":100,"column":4},"end":{"line":102,"column":5}},"25":{"start":{"line":101,"column":6},"end":{"line":101,"column":46}},"26":{"start":{"line":104,"column":20},"end":{"line":104,"column":56}},"27":{"start":{"line":107,"column":22},"end":{"line":107,"column":74}},"28":{"start":{"line":108,"column":23},"end":{"line":108,"column":77}},"29":{"start":{"line":109,"column":22},"end":{"line":109,"column":68}},"30":{"start":{"line":111,"column":4},"end":{"line":115,"column":6}},"31":{"start":{"line":125,"column":23},"end":{"line":125,"column":58}},"32":{"start":{"line":126,"column":18},"end":{"line":126,"column":54}},"33":{"start":{"line":128,"column":4},"end":{"line":133,"column":5}},"34":{"start":{"line":129,"column":6},"end":{"line":132,"column":8}},"35":{"start":{"line":135,"column":4},"end":{"line":140,"column":5}},"36":{"start":{"line":136,"column":6},"end":{"line":139,"column":8}},"37":{"start":{"line":142,"column":4},"end":{"line":147,"column":5}},"38":{"start":{"line":143,"column":6},"end":{"line":146,"column":8}},"39":{"start":{"line":149,"column":4},"end":{"line":149,"column":42}},"40":{"start":{"line":156,"column":20},"end":{"line":156,"column":71}},"41":{"start":{"line":157,"column":4},"end":{"line":157,"column":47}},"42":{"start":{"line":159,"column":24},"end":{"line":170,"column":2}},"43":{"start":{"line":172,"column":21},"end":{"line":172,"column":50}},"44":{"start":{"line":173,"column":4},"end":{"line":173,"column":44}},"45":{"start":{"line":175,"column":4},"end":{"line":175,"column":20}},"46":{"start":{"line":186,"column":23},"end":{"line":190,"column":null}},"47":{"start":{"line":192,"column":4},"end":{"line":192,"column":50}},"48":{"start":{"line":194,"column":25},"end":{"line":205,"column":2}},"49":{"start":{"line":207,"column":22},"end":{"line":207,"column":62}},"50":{"start":{"line":208,"column":4},"end":{"line":208,"column":46}},"51":{"start":{"line":210,"column":4},"end":{"line":210,"column":21}},"52":{"start":{"line":217,"column":16},"end":{"line":217,"column":17}},"53":{"start":{"line":219,"column":17},"end":{"line":231,"column":5}},"54":{"start":{"line":220,"column":20},"end":{"line":220,"column":45}},"55":{"start":{"line":221,"column":6},"end":{"line":230,"column":7}},"56":{"start":{"line":222,"column":25},"end":{"line":222,"column":51}},"57":{"start":{"line":223,"column":22},"end":{"line":223,"column":43}},"58":{"start":{"line":225,"column":8},"end":{"line":229,"column":9}},"59":{"start":{"line":226,"column":10},"end":{"line":226,"column":25}},"60":{"start":{"line":228,"column":10},"end":{"line":228,"column":18}},"61":{"start":{"line":233,"column":4},"end":{"line":233,"column":14}},"62":{"start":{"line":234,"column":4},"end":{"line":234,"column":17}},"63":{"start":{"line":241,"column":16},"end":{"line":241,"column":26}},"64":{"start":{"line":242,"column":4},"end":{"line":242,"column":38}},"65":{"start":{"line":249,"column":4},"end":{"line":249,"column":61}},"66":{"start":{"line":249,"column":36},"end":{"line":249,"column":59}},"67":{"start":{"line":256,"column":4},"end":{"line":256,"column":75}},"68":{"start":{"line":9,"column":0},"end":{"line":9,"column":13}},"69":{"start":{"line":260,"column":0},"end":{"line":260,"column":26}}},"fnMap":{"0":{"name":"(anonymous_9)","decl":{"start":{"line":13,"column":2},"end":{"line":13,"column":8}},"loc":{"start":{"line":13,"column":35},"end":{"line":20,"column":3}}},"1":{"name":"(anonymous_10)","decl":{"start":{"line":25,"column":2},"end":{"line":25,"column":8}},"loc":{"start":{"line":25,"column":39},"end":{"line":93,"column":3}}},"2":{"name":"(anonymous_11)","decl":{"start":{"line":39,"column":17},"end":{"line":39,"column":18}},"loc":{"start":{"line":39,"column":25},"end":{"line":41,"column":5}}},"3":{"name":"(anonymous_12)","decl":{"start":{"line":98,"column":2},"end":{"line":98,"column":8}},"loc":{"start":{"line":98,"column":41},"end":{"line":116,"column":3}}},"4":{"name":"(anonymous_13)","decl":{"start":{"line":121,"column":2},"end":{"line":121,"column":8}},"loc":{"start":{"line":123,"column":62},"end":{"line":150,"column":3}}},"5":{"name":"(anonymous_14)","decl":{"start":{"line":155,"column":2},"end":{"line":155,"column":8}},"loc":{"start":{"line":155,"column":60},"end":{"line":176,"column":3}}},"6":{"name":"(anonymous_15)","decl":{"start":{"line":181,"column":2},"end":{"line":181,"column":8}},"loc":{"start":{"line":184,"column":21},"end":{"line":211,"column":3}}},"7":{"name":"(anonymous_16)","decl":{"start":{"line":216,"column":2},"end":{"line":216,"column":8}},"loc":{"start":{"line":216,"column":31},"end":{"line":235,"column":3}}},"8":{"name":"(anonymous_17)","decl":{"start":{"line":219,"column":17},"end":{"line":219,"column":18}},"loc":{"start":{"line":219,"column":39},"end":{"line":231,"column":5}}},"9":{"name":"(anonymous_18)","decl":{"start":{"line":240,"column":2},"end":{"line":240,"column":8}},"loc":{"start":{"line":240,"column":35},"end":{"line":243,"column":3}}},"10":{"name":"(anonymous_19)","decl":{"start":{"line":248,"column":2},"end":{"line":248,"column":8}},"loc":{"start":{"line":248,"column":30},"end":{"line":250,"column":3}}},"11":{"name":"(anonymous_20)","decl":{"start":{"line":249,"column":23},"end":{"line":249,"column":24}},"loc":{"start":{"line":249,"column":36},"end":{"line":249,"column":59}}},"12":{"name":"(anonymous_21)","decl":{"start":{"line":255,"column":2},"end":{"line":255,"column":8}},"loc":{"start":{"line":255,"column":23},"end":{"line":257,"column":3}}}},"branchMap":{"0":{"loc":{"start":{"line":15,"column":4},"end":{"line":17,"column":5}},"type":"if","locations":[{"start":{"line":15,"column":4},"end":{"line":17,"column":5}}]},"1":{"loc":{"start":{"line":100,"column":4},"end":{"line":102,"column":5}},"type":"if","locations":[{"start":{"line":100,"column":4},"end":{"line":102,"column":5}}]},"2":{"loc":{"start":{"line":112,"column":19},"end":{"line":112,"column":52}},"type":"cond-expr","locations":[{"start":{"line":112,"column":31},"end":{"line":112,"column":43}},{"start":{"line":112,"column":46},"end":{"line":112,"column":52}}]},"3":{"loc":{"start":{"line":113,"column":20},"end":{"line":113,"column":55}},"type":"cond-expr","locations":[{"start":{"line":113,"column":33},"end":{"line":113,"column":46}},{"start":{"line":113,"column":49},"end":{"line":113,"column":55}}]},"4":{"loc":{"start":{"line":114,"column":16},"end":{"line":114,"column":59}},"type":"cond-expr","locations":[{"start":{"line":114,"column":28},"end":{"line":114,"column":51}},{"start":{"line":114,"column":54},"end":{"line":114,"column":59}}]},"5":{"loc":{"start":{"line":128,"column":4},"end":{"line":133,"column":5}},"type":"if","locations":[{"start":{"line":128,"column":4},"end":{"line":133,"column":5}}]},"6":{"loc":{"start":{"line":135,"column":4},"end":{"line":140,"column":5}},"type":"if","locations":[{"start":{"line":135,"column":4},"end":{"line":140,"column":5}}]},"7":{"loc":{"start":{"line":142,"column":4},"end":{"line":147,"column":5}},"type":"if","locations":[{"start":{"line":142,"column":4},"end":{"line":147,"column":5}}]},"8":{"loc":{"start":{"line":225,"column":8},"end":{"line":229,"column":9}},"type":"if","locations":[{"start":{"line":225,"column":8},"end":{"line":229,"column":9}},{"start":{"line":227,"column":15},"end":{"line":229,"column":9}}]}},"s":{"0":2,"1":2,"2":2,"3":35,"4":35,"5":0,"6":35,"7":35,"8":35,"9":35,"10":35,"11":245,"12":35,"13":35,"14":35,"15":35,"16":35,"17":35,"18":35,"19":35,"20":10,"21":5,"22":35,"23":7,"24":7,"25":5,"26":2,"27":2,"28":2,"29":2,"30":2,"31":12,"32":12,"33":2,"34":2,"35":2,"36":0,"37":2,"38":0,"39":2,"40":29,"41":29,"42":29,"43":29,"44":29,"45":29,"46":63,"47":63,"48":63,"49":63,"50":63,"51":63,"52":0,"53":0,"54":0,"55":0,"56":0,"57":0,"58":0,"59":0,"60":0,"61":0,"62":0,"63":0,"64":0,"65":0,"66":0,"67":27,"68":2,"69":2},"f":{"0":35,"1":35,"2":245,"3":7,"4":12,"5":29,"6":63,"7":0,"8":0,"9":0,"10":0,"11":0,"12":27},"b":{"0":[0],"1":[5],"2":[2,0],"3":[2,0],"4":[2,0],"5":[2],"6":[0],"7":[0],"8":[0,0]}}
}
