TN:
SF:aml/AuditLogger.ts
FN:79,(anonymous_9)
FN:90,(anonymous_10)
FN:98,(anonymous_11)
FN:116,(anonymous_12)
FN:135,(anonymous_13)
FN:149,(anonymous_14)
FN:168,(anonymous_15)
FN:182,(anonymous_16)
FN:195,(anonymous_17)
FN:212,(anonymous_18)
FN:227,(anonymous_19)
FN:245,(anonymous_20)
FN:253,(anonymous_21)
FN:258,(anonymous_22)
FN:263,(anonymous_23)
FN:268,(anonymous_24)
FN:271,(anonymous_25)
FN:276,(anonymous_26)
FN:281,(anonymous_27)
FN:295,(anonymous_28)
FN:330,(anonymous_29)
FN:347,(anonymous_30)
FN:350,(anonymous_31)
FN:358,(anonymous_32)
FN:370,(anonymous_33)
FN:373,(anonymous_34)
FN:384,(anonymous_35)
FN:399,(anonymous_36)
FN:402,(anonymous_37)
FNF:29
FNH:2
FNDA:26,(anonymous_9)
FNDA:0,(anonymous_10)
FNDA:33,(anonymous_11)
FNDA:0,(anonymous_12)
FNDA:0,(anonymous_13)
FNDA:0,(anonymous_14)
FNDA:0,(anonymous_15)
FNDA:0,(anonymous_16)
FNDA:0,(anonymous_17)
FNDA:0,(anonymous_18)
FNDA:0,(anonymous_19)
FNDA:0,(anonymous_20)
FNDA:0,(anonymous_21)
FNDA:0,(anonymous_22)
FNDA:0,(anonymous_23)
FNDA:0,(anonymous_24)
FNDA:0,(anonymous_25)
FNDA:0,(anonymous_26)
FNDA:0,(anonymous_27)
FNDA:0,(anonymous_28)
FNDA:0,(anonymous_29)
FNDA:0,(anonymous_30)
FNDA:0,(anonymous_31)
FNDA:0,(anonymous_32)
FNDA:0,(anonymous_33)
FNDA:0,(anonymous_34)
FNDA:0,(anonymous_35)
FNDA:0,(anonymous_36)
FNDA:0,(anonymous_37)
DA:9,1
DA:10,1
DA:72,1
DA:80,26
DA:81,26
DA:82,26
DA:83,26
DA:84,26
DA:91,0
DA:92,0
DA:99,33
DA:105,33
DA:108,33
DA:109,0
DA:121,0
DA:136,0
DA:154,0
DA:169,0
DA:183,0
DA:199,0
DA:213,0
DA:233,0
DA:247,0
DA:249,0
DA:252,0
DA:253,0
DA:257,0
DA:258,0
DA:262,0
DA:263,0
DA:267,0
DA:268,0
DA:270,0
DA:271,0
DA:275,0
DA:276,0
DA:280,0
DA:281,0
DA:285,0
DA:286,0
DA:289,0
DA:296,0
DA:298,0
DA:299,0
DA:300,0
DA:301,0
DA:303,0
DA:305,0
DA:308,0
DA:311,0
DA:314,0
DA:317,0
DA:331,0
DA:333,0
DA:334,0
DA:336,0
DA:337,0
DA:338,0
DA:340,0
DA:348,0
DA:350,0
DA:351,0
DA:359,0
DA:360,0
DA:361,0
DA:364,0
DA:371,0
DA:372,0
DA:373,0
DA:376,0
DA:377,0
DA:378,0
DA:379,0
DA:380,0
DA:381,0
DA:384,0
DA:385,0
DA:386,0
DA:387,0
DA:400,0
DA:401,0
DA:402,0
DA:404,0
DA:405,0
DA:406,0
DA:408,0
DA:409,0
DA:410,0
DA:411,0
DA:413,0
DA:414,0
DA:415,0
DA:419,0
DA:421,0
LF:94
LH:11
BRDA:79,0,0,26
BRDA:79,1,0,26
BRDA:108,2,0,0
BRDA:252,3,0,0
BRDA:257,4,0,0
BRDA:262,5,0,0
BRDA:267,6,0,0
BRDA:270,7,0,0
BRDA:275,8,0,0
BRDA:280,9,0,0
BRDA:285,10,0,0
BRDA:305,11,0,0
BRDA:305,11,1,0
BRDA:308,12,0,0
BRDA:308,12,1,0
BRDA:311,13,0,0
BRDA:314,14,0,0
BRDA:321,15,0,0
BRDA:321,15,1,0
BRDA:331,16,0,0
BRDA:348,17,0,0
BRDA:359,18,0,0
BRDA:373,19,0,0
BRDA:373,19,1,0
BRDA:376,20,0,0
BRDA:386,21,0,0
BRDA:402,22,0,0
BRDA:402,22,1,0
BRDA:413,23,0,0
BRF:29
BRH:2
end_of_record
TN:
SF:aml/BackupManager.ts
FN:49,(anonymous_9)
FN:59,(anonymous_10)
FN:67,(anonymous_11)
FN:134,(anonymous_12)
FN:183,(anonymous_13)
FN:185,(anonymous_14)
FN:192,(anonymous_15)
FN:199,(anonymous_16)
FN:228,(anonymous_17)
FN:253,(anonymous_18)
FN:277,(anonymous_19)
FN:286,(anonymous_20)
FN:296,(anonymous_21)
FN:319,(anonymous_22)
FN:320,(anonymous_23)
FN:330,(anonymous_24)
FN:333,(anonymous_25)
FN:349,(anonymous_26)
FNF:18
FNH:1
FNDA:21,(anonymous_9)
FNDA:0,(anonymous_10)
FNDA:0,(anonymous_11)
FNDA:0,(anonymous_12)
FNDA:0,(anonymous_13)
FNDA:0,(anonymous_14)
FNDA:0,(anonymous_15)
FNDA:0,(anonymous_16)
FNDA:0,(anonymous_17)
FNDA:0,(anonymous_18)
FNDA:0,(anonymous_19)
FNDA:0,(anonymous_20)
FNDA:0,(anonymous_21)
FNDA:0,(anonymous_22)
FNDA:0,(anonymous_23)
FNDA:0,(anonymous_24)
FNDA:0,(anonymous_25)
FNDA:0,(anonymous_26)
DA:8,1
DA:10,1
DA:11,1
DA:43,1
DA:50,21
DA:51,21
DA:52,21
DA:53,21
DA:60,0
DA:61,0
DA:68,0
DA:69,0
DA:70,0
DA:73,0
DA:76,0
DA:77,0
DA:79,0
DA:80,0
DA:83,0
DA:84,0
DA:85,0
DA:87,0
DA:88,0
DA:90,0
DA:91,0
DA:92,0
DA:93,0
DA:99,0
DA:100,0
DA:101,0
DA:102,0
DA:103,0
DA:108,0
DA:119,0
DA:120,0
DA:122,0
DA:124,0
DA:135,0
DA:136,0
DA:137,0
DA:138,0
DA:142,0
DA:143,0
DA:144,0
DA:145,0
DA:150,0
DA:153,0
DA:154,0
DA:155,0
DA:159,0
DA:161,0
DA:163,0
DA:167,0
DA:168,0
DA:171,0
DA:173,0
DA:184,0
DA:185,0
DA:193,0
DA:200,0
DA:201,0
DA:202,0
DA:203,0
DA:207,0
DA:208,0
DA:211,0
DA:212,0
DA:214,0
DA:216,0
DA:218,0
DA:229,0
DA:230,0
DA:231,0
DA:233,0
DA:236,0
DA:239,0
DA:240,0
DA:241,0
DA:244,0
DA:246,0
DA:258,0
DA:259,0
DA:264,0
DA:266,0
DA:267,0
DA:269,0
DA:270,0
DA:272,0
DA:273,0
DA:277,0
DA:278,0
DA:279,0
DA:287,0
DA:288,0
DA:289,0
DA:297,0
DA:299,0
DA:300,0
DA:303,0
DA:304,0
DA:306,0
DA:307,0
DA:308,0
DA:309,0
DA:313,0
DA:320,0
DA:331,0
DA:332,0
DA:333,0
DA:335,0
DA:336,0
DA:337,0
DA:338,0
DA:339,0
DA:350,0
DA:351,0
LF:116
LH:8
BRDA:49,0,0,0
BRDA:67,1,0,0
BRDA:73,2,0,0
BRDA:73,2,1,0
BRDA:87,3,0,0
BRDA:99,4,0,0
BRDA:101,5,0,0
BRDA:113,6,0,0
BRDA:113,6,1,0
BRDA:114,7,0,0
BRDA:114,7,1,0
BRDA:115,8,0,0
BRDA:115,8,1,0
BRDA:137,9,0,0
BRDA:142,10,0,0
BRDA:144,11,0,0
BRDA:150,12,0,0
BRDA:150,12,1,0
BRDA:154,13,0,0
BRDA:161,14,0,0
BRDA:161,15,0,0
BRDA:161,15,1,0
BRDA:193,16,0,0
BRDA:193,16,1,0
BRDA:202,17,0,0
BRDA:231,18,0,0
BRDA:255,19,0,0
BRDA:258,20,0,0
BRDA:264,21,0,0
BRDA:264,21,1,0
BRDA:264,21,2,0
BRDA:287,22,0,0
BRDA:296,23,0,0
BRDA:299,24,0,0
BRDA:308,25,0,0
BRF:35
BRH:0
end_of_record
TN:
SF:aml/CacheLayer.ts
FN:40,(anonymous_0)
FN:61,(anonymous_1)
FN:99,(anonymous_2)
FN:127,(anonymous_3)
FN:142,(anonymous_4)
FN:154,(anonymous_5)
FN:163,(anonymous_6)
FN:170,(anonymous_7)
FN:184,(anonymous_8)
FN:191,(anonymous_9)
FN:198,(anonymous_10)
FN:218,(anonymous_11)
FN:242,(anonymous_12)
FN:249,(anonymous_13)
FN:281,(anonymous_14)
FN:291,(anonymous_15)
FN:306,(anonymous_16)
FN:341,(anonymous_17)
FN:348,(anonymous_18)
FN:355,(anonymous_19)
FN:362,(anonymous_20)
FN:369,(anonymous_21)
FN:379,(anonymous_22)
FN:391,(anonymous_23)
FN:424,(anonymous_24)
FNF:25
FNH:25
FNDA:61,(anonymous_0)
FNDA:2043,(anonymous_1)
FNDA:2163,(anonymous_2)
FNDA:2,(anonymous_3)
FNDA:2,(anonymous_4)
FNDA:6,(anonymous_5)
FNDA:17,(anonymous_6)
FNDA:1,(anonymous_7)
FNDA:2,(anonymous_8)
FNDA:8,(anonymous_9)
FNDA:5,(anonymous_10)
FNDA:4,(anonymous_11)
FNDA:2034,(anonymous_12)
FNDA:10,(anonymous_13)
FNDA:4189,(anonymous_14)
FNDA:2043,(anonymous_15)
FNDA:7,(anonymous_16)
FNDA:7,(anonymous_17)
FNDA:7,(anonymous_18)
FNDA:1,(anonymous_19)
FNDA:1,(anonymous_20)
FNDA:1,(anonymous_21)
FNDA:1,(anonymous_22)
FNDA:2,(anonymous_23)
FNDA:1,(anonymous_24)
DA:34,1
DA:41,61
DA:42,61
DA:47,61
DA:55,61
DA:62,2043
DA:65,2043
DA:66,10
DA:67,10
DA:68,10
DA:72,2033
DA:73,1
DA:74,1
DA:75,1
DA:76,1
DA:77,1
DA:78,1
DA:82,2032
DA:83,2032
DA:84,2032
DA:87,2032
DA:88,2026
DA:89,2026
DA:92,2032
DA:93,2032
DA:101,2163
DA:102,5
DA:105,2163
DA:113,2163
DA:116,2163
DA:117,2157
DA:118,2157
DA:121,2163
DA:128,2
DA:129,2
DA:130,1
DA:131,0
DA:132,0
DA:133,0
DA:134,0
DA:136,1
DA:143,2
DA:144,2
DA:145,1
DA:146,1
DA:148,2
DA:155,6
DA:156,6
DA:157,6
DA:164,17
DA:171,1
DA:185,2
DA:192,8
DA:199,5
DA:200,5
DA:202,5
DA:203,4
DA:204,4
DA:205,4
DA:206,4
DA:210,5
DA:211,5
DA:212,5
DA:219,4
DA:220,2
DA:221,2
DA:223,2
DA:224,5
DA:227,4
DA:228,1
DA:230,4
DA:231,1
DA:243,2034
DA:250,10
DA:254,10
DA:256,9
DA:257,9
DA:260,1
DA:261,1
DA:263,1
DA:264,3
DA:265,1
DA:266,1
DA:271,10
DA:272,10
DA:273,10
DA:274,10
DA:282,4189
DA:283,4189
DA:284,2034
DA:292,2043
DA:293,2043
DA:300,1
DA:308,7
DA:309,7
DA:310,7
DA:313,7
DA:319,7
DA:325,7
DA:331,7
DA:342,7
DA:349,7
DA:356,1
DA:363,1
DA:370,1
DA:371,1
DA:372,1
DA:373,1
DA:380,1
DA:381,1
DA:382,1
DA:383,1
DA:384,1
DA:385,1
DA:400,2
DA:401,2
DA:402,2
DA:403,2
DA:405,2
DA:407,2
DA:408,2
DA:410,2
DA:429,1
DA:430,1
DA:431,2
DA:435,1
DA:436,1
DA:437,1
DA:441,1
DA:442,0
DA:443,0
LF:131
LH:125
BRDA:40,0,0,0
BRDA:43,1,0,61
BRDA:43,1,1,0
BRDA:44,2,0,61
BRDA:44,2,1,1
BRDA:45,3,0,61
BRDA:45,3,1,20
BRDA:65,4,0,10
BRDA:72,5,0,1
BRDA:87,6,0,2026
BRDA:101,7,0,5
BRDA:101,8,0,2163
BRDA:101,8,1,5
BRDA:116,9,0,2157
BRDA:129,10,0,1
BRDA:130,11,0,0
BRDA:144,12,0,1
BRDA:203,13,0,4
BRDA:219,14,0,2
BRDA:227,15,0,1
BRDA:230,16,0,1
BRDA:250,17,0,0
BRDA:254,18,0,9
BRDA:254,18,1,1
BRDA:264,19,0,1
BRDA:271,20,0,10
BRDA:283,21,0,2034
BRDA:293,22,0,2043
BRDA:293,22,1,0
BRDA:306,23,0,0
BRDA:306,24,0,0
BRDA:408,25,0,1
BRDA:408,25,1,1
BRDA:429,26,0,1
BRDA:435,27,0,1
BRDA:441,28,0,0
BRF:36
BRH:28
end_of_record
TN:
SF:aml/MemoryService.ts
FN:117,(anonymous_9)
FN:133,(anonymous_10)
FN:141,(anonymous_11)
FN:149,(anonymous_12)
FN:165,(anonymous_13)
FN:175,(anonymous_14)
FN:179,(anonymous_15)
FN:184,(anonymous_16)
FN:189,(anonymous_17)
FN:194,(anonymous_18)
FN:199,(anonymous_19)
FN:225,(anonymous_20)
FN:231,(anonymous_21)
FN:233,(anonymous_22)
FN:240,(anonymous_23)
FN:273,(anonymous_24)
FN:299,(anonymous_25)
FN:305,(anonymous_26)
FN:319,(anonymous_27)
FN:340,(anonymous_28)
FN:350,(anonymous_29)
FN:354,(anonymous_30)
FN:359,(anonymous_31)
FN:364,(anonymous_32)
FN:371,(anonymous_33)
FN:378,(anonymous_34)
FN:382,(anonymous_35)
FN:392,(anonymous_36)
FN:398,(anonymous_37)
FN:445,(anonymous_38)
FN:475,(anonymous_39)
FN:485,(anonymous_40)
FN:489,(anonymous_41)
FN:494,(anonymous_42)
FN:499,(anonymous_43)
FN:504,(anonymous_44)
FN:508,(anonymous_45)
FN:518,(anonymous_46)
FN:524,(anonymous_47)
FN:560,(anonymous_48)
FN:588,(anonymous_49)
FN:595,(anonymous_50)
FN:596,(anonymous_51)
FN:597,(anonymous_52)
FN:599,(anonymous_53)
FN:600,(anonymous_54)
FN:601,(anonymous_55)
FN:605,(anonymous_56)
FN:610,(anonymous_57)
FN:647,(anonymous_58)
FN:668,(anonymous_59)
FN:690,(anonymous_60)
FN:705,(anonymous_61)
FN:721,(anonymous_62)
FN:728,(anonymous_63)
FN:739,(anonymous_64)
FN:760,(anonymous_65)
FN:769,(anonymous_66)
FN:777,(anonymous_67)
FNF:59
FNH:52
FNDA:4,(anonymous_9)
FNDA:4,(anonymous_10)
FNDA:53,(anonymous_11)
FNDA:51,(anonymous_12)
FNDA:11,(anonymous_13)
FNDA:51,(anonymous_14)
FNDA:41,(anonymous_15)
FNDA:3,(anonymous_16)
FNDA:7,(anonymous_17)
FNDA:3,(anonymous_18)
FNDA:40,(anonymous_19)
FNDA:40,(anonymous_20)
FNDA:4,(anonymous_21)
FNDA:19,(anonymous_22)
FNDA:24,(anonymous_23)
FNDA:50,(anonymous_24)
FNDA:3,(anonymous_25)
FNDA:17,(anonymous_26)
FNDA:11,(anonymous_27)
FNDA:3,(anonymous_28)
FNDA:7,(anonymous_29)
FNDA:4,(anonymous_30)
FNDA:2,(anonymous_31)
FNDA:2,(anonymous_32)
FNDA:0,(anonymous_33)
FNDA:0,(anonymous_34)
FNDA:5,(anonymous_35)
FNDA:7,(anonymous_36)
FNDA:3,(anonymous_37)
FNDA:0,(anonymous_38)
FNDA:2,(anonymous_39)
FNDA:4,(anonymous_40)
FNDA:4,(anonymous_41)
FNDA:2,(anonymous_42)
FNDA:0,(anonymous_43)
FNDA:4,(anonymous_44)
FNDA:0,(anonymous_45)
FNDA:0,(anonymous_46)
FNDA:2,(anonymous_47)
FNDA:0,(anonymous_48)
FNDA:4,(anonymous_49)
FNDA:18,(anonymous_50)
FNDA:9,(anonymous_51)
FNDA:6,(anonymous_52)
FNDA:18,(anonymous_53)
FNDA:9,(anonymous_54)
FNDA:6,(anonymous_55)
FNDA:18,(anonymous_56)
FNDA:9,(anonymous_57)
FNDA:1,(anonymous_58)
FNDA:2,(anonymous_59)
FNDA:2,(anonymous_60)
FNDA:1,(anonymous_61)
FNDA:1,(anonymous_62)
FNDA:1,(anonymous_63)
FNDA:53,(anonymous_64)
FNDA:30,(anonymous_65)
FNDA:15,(anonymous_66)
FNDA:28,(anonymous_67)
DA:8,1
DA:9,1
DA:10,1
DA:11,1
DA:12,1
DA:13,1
DA:110,1
DA:118,4
DA:120,4
DA:121,4
DA:122,4
DA:123,4
DA:125,4
DA:126,3
DA:134,4
DA:135,4
DA:142,53
DA:150,51
DA:151,50
DA:153,50
DA:154,50
DA:155,47
DA:169,11
DA:170,1
DA:173,10
DA:174,10
DA:175,51
DA:178,10
DA:179,41
DA:183,10
DA:184,3
DA:188,10
DA:189,7
DA:193,10
DA:194,3
DA:198,10
DA:199,10
DA:200,40
DA:202,0
DA:204,40
DA:206,0
DA:211,0
DA:213,0
DA:218,10
DA:219,3
DA:222,10
DA:223,10
DA:225,40
DA:232,4
DA:233,19
DA:234,4
DA:244,24
DA:245,1
DA:248,23
DA:249,23
DA:250,23
DA:253,23
DA:261,23
DA:262,21
DA:266,23
DA:269,23
DA:270,23
DA:272,5
DA:274,50
DA:275,50
DA:276,50
DA:282,23
DA:284,23
DA:285,23
DA:287,23
DA:289,0
DA:303,3
DA:304,3
DA:305,17
DA:307,3
DA:308,1
DA:311,2
DA:312,2
DA:313,2
DA:319,11
DA:320,2
DA:322,2
DA:324,2
DA:326,0
DA:344,3
DA:345,0
DA:348,3
DA:349,3
DA:350,7
DA:353,3
DA:354,4
DA:358,3
DA:359,2
DA:363,3
DA:364,1
DA:365,2
DA:370,3
DA:371,0
DA:372,0
DA:377,3
DA:378,0
DA:382,5
DA:385,3
DA:386,0
DA:389,3
DA:390,3
DA:392,7
DA:402,3
DA:403,0
DA:406,3
DA:407,3
DA:408,3
DA:411,3
DA:433,3
DA:434,0
DA:438,3
DA:441,3
DA:442,3
DA:444,0
DA:446,0
DA:447,0
DA:448,0
DA:454,3
DA:456,3
DA:457,3
DA:459,3
DA:461,0
DA:479,2
DA:480,0
DA:483,2
DA:484,2
DA:485,4
DA:488,2
DA:489,4
DA:493,2
DA:494,2
DA:498,2
DA:499,0
DA:503,2
DA:504,4
DA:508,2
DA:511,2
DA:512,0
DA:515,2
DA:516,2
DA:518,2
DA:528,2
DA:529,0
DA:532,2
DA:533,2
DA:534,2
DA:537,2
DA:547,2
DA:548,0
DA:552,2
DA:555,2
DA:556,2
DA:558,0
DA:561,0
DA:567,2
DA:569,2
DA:570,2
DA:572,2
DA:574,0
DA:589,4
DA:590,1
DA:593,3
DA:594,3
DA:595,18
DA:596,9
DA:597,6
DA:599,18
DA:600,9
DA:601,6
DA:604,3
DA:605,18
DA:609,3
DA:610,9
DA:614,3
DA:616,3
DA:619,3
DA:627,3
DA:640,0
DA:648,1
DA:649,1
DA:651,1
DA:652,1
DA:653,1
DA:654,1
DA:658,1
DA:669,2
DA:670,2
DA:671,1
DA:674,2
DA:675,2
DA:676,2
DA:678,2
DA:680,0
DA:691,2
DA:692,2
DA:693,2
DA:695,0
DA:706,1
DA:707,1
DA:708,1
DA:709,1
DA:711,0
DA:722,1
DA:729,1
DA:740,53
DA:741,53
DA:742,53
DA:745,53
DA:746,51
DA:750,2
DA:751,2
DA:752,2
DA:754,2
DA:761,30
DA:762,30
DA:763,30
LF:221
LH:191
BRDA:117,0,0,0
BRDA:125,1,0,3
BRDA:150,2,0,1
BRDA:154,3,0,3
BRDA:155,4,0,47
BRDA:155,4,1,0
BRDA:167,5,0,4
BRDA:169,6,0,1
BRDA:178,7,0,9
BRDA:183,8,0,1
BRDA:188,9,0,1
BRDA:193,10,0,1
BRDA:198,11,0,10
BRDA:198,11,1,9
BRDA:200,12,0,0
BRDA:200,12,1,40
BRDA:200,12,2,0
BRDA:200,12,3,0
BRDA:200,12,4,0
BRDA:218,13,0,3
BRDA:234,14,0,4
BRDA:234,14,1,1
BRDA:244,15,0,1
BRDA:261,16,0,21
BRDA:270,17,0,5
BRDA:307,18,0,1
BRDA:342,19,0,0
BRDA:344,20,0,0
BRDA:353,21,0,2
BRDA:358,22,0,1
BRDA:363,23,0,1
BRDA:370,24,0,0
BRDA:370,25,0,3
BRDA:370,25,1,0
BRDA:370,25,2,0
BRDA:377,26,0,0
BRDA:385,27,0,0
BRDA:402,28,0,0
BRDA:433,29,0,0
BRDA:442,30,0,0
BRDA:477,31,0,0
BRDA:479,32,0,0
BRDA:488,33,0,2
BRDA:493,34,0,1
BRDA:498,35,0,0
BRDA:498,36,0,2
BRDA:498,36,1,0
BRDA:503,37,0,2
BRDA:511,38,0,0
BRDA:528,39,0,0
BRDA:547,40,0,0
BRDA:556,41,0,0
BRDA:589,42,0,1
BRDA:604,43,0,3
BRDA:604,43,1,0
BRDA:609,44,0,3
BRDA:609,44,1,0
BRDA:621,45,0,3
BRDA:621,45,1,0
BRDA:622,46,0,3
BRDA:622,46,1,0
BRDA:653,47,0,1
BRDA:668,48,0,0
BRDA:670,49,0,1
BRDA:745,50,0,51
BRDA:745,51,0,53
BRDA:745,51,1,51
BRDA:745,51,2,51
BRF:68
BRH:39
end_of_record
TN:
SF:aml/MetricsCollector.ts
FN:43,(anonymous_0)
FN:59,(anonymous_1)
FN:62,(anonymous_2)
FN:70,(anonymous_3)
FN:81,(anonymous_4)
FN:114,(anonymous_5)
FN:134,(anonymous_6)
FN:146,(anonymous_7)
FN:159,(anonymous_8)
FN:171,(anonymous_9)
FN:182,(anonymous_10)
FN:189,(anonymous_11)
FN:191,(anonymous_12)
FN:206,(anonymous_13)
FN:217,(anonymous_14)
FN:225,(anonymous_15)
FN:226,(anonymous_16)
FN:242,(anonymous_17)
FN:254,(anonymous_18)
FN:262,(anonymous_19)
FN:266,(anonymous_20)
FN:268,(anonymous_21)
FN:276,(anonymous_22)
FN:281,(anonymous_23)
FN:287,(anonymous_24)
FN:299,(anonymous_25)
FN:307,(anonymous_26)
FN:312,(anonymous_27)
FN:314,(anonymous_28)
FN:316,(anonymous_29)
FN:317,(anonymous_30)
FN:320,(anonymous_31)
FN:321,(anonymous_32)
FN:343,(anonymous_33)
FN:383,(anonymous_34)
FN:405,(anonymous_35)
FNF:36
FNH:0
FNDA:0,(anonymous_0)
FNDA:0,(anonymous_1)
FNDA:0,(anonymous_2)
FNDA:0,(anonymous_3)
FNDA:0,(anonymous_4)
FNDA:0,(anonymous_5)
FNDA:0,(anonymous_6)
FNDA:0,(anonymous_7)
FNDA:0,(anonymous_8)
FNDA:0,(anonymous_9)
FNDA:0,(anonymous_10)
FNDA:0,(anonymous_11)
FNDA:0,(anonymous_12)
FNDA:0,(anonymous_13)
FNDA:0,(anonymous_14)
FNDA:0,(anonymous_15)
FNDA:0,(anonymous_16)
FNDA:0,(anonymous_17)
FNDA:0,(anonymous_18)
FNDA:0,(anonymous_19)
FNDA:0,(anonymous_20)
FNDA:0,(anonymous_21)
FNDA:0,(anonymous_22)
FNDA:0,(anonymous_23)
FNDA:0,(anonymous_24)
FNDA:0,(anonymous_25)
FNDA:0,(anonymous_26)
FNDA:0,(anonymous_27)
FNDA:0,(anonymous_28)
FNDA:0,(anonymous_29)
FNDA:0,(anonymous_30)
FNDA:0,(anonymous_31)
FNDA:0,(anonymous_32)
FNDA:0,(anonymous_33)
FNDA:0,(anonymous_34)
FNDA:0,(anonymous_35)
DA:30,0
DA:44,0
DA:45,0
DA:46,0
DA:47,0
DA:48,0
DA:50,0
DA:51,0
DA:52,0
DA:53,0
DA:60,0
DA:62,0
DA:63,0
DA:71,0
DA:72,0
DA:73,0
DA:75,0
DA:82,0
DA:85,0
DA:87,0
DA:88,0
DA:89,0
DA:91,0
DA:93,0
DA:96,0
DA:97,0
DA:98,0
DA:100,0
DA:102,0
DA:106,0
DA:107,0
DA:115,0
DA:124,0
DA:125,0
DA:127,0
DA:135,0
DA:147,0
DA:160,0
DA:172,0
DA:183,0
DA:184,0
DA:185,0
DA:186,0
DA:189,0
DA:191,0
DA:192,0
DA:194,0
DA:210,0
DA:211,0
DA:222,0
DA:223,0
DA:225,0
DA:226,0
DA:228,0
DA:229,0
DA:230,0
DA:232,0
DA:248,0
DA:252,0
DA:254,0
DA:255,0
DA:256,0
DA:266,0
DA:267,0
DA:268,0
DA:270,0
DA:277,0
DA:278,0
DA:279,0
DA:280,0
DA:281,0
DA:288,0
DA:289,0
DA:290,0
DA:291,0
DA:292,0
DA:293,0
DA:307,0
DA:308,0
DA:309,0
DA:312,0
DA:314,0
DA:316,0
DA:317,0
DA:318,0
DA:320,0
DA:321,0
DA:322,0
DA:324,0
DA:326,0
DA:344,0
DA:347,0
DA:348,0
DA:349,0
DA:350,0
DA:352,0
DA:356,0
DA:363,0
DA:364,0
DA:365,0
DA:367,0
DA:373,0
DA:377,0
DA:387,0
DA:389,0
DA:391,0
DA:393,0
DA:395,0
DA:396,0
DA:398,0
DA:406,0
LF:111
LH:0
BRDA:43,0,0,0
BRDA:43,1,0,0
BRDA:60,2,0,0
BRDA:71,3,0,0
BRDA:85,4,0,0
BRDA:85,4,1,0
BRDA:87,5,0,0
BRDA:88,6,0,0
BRDA:96,7,0,0
BRDA:97,8,0,0
BRDA:106,9,0,0
BRDA:114,10,0,0
BRDA:124,11,0,0
BRDA:124,11,1,0
BRDA:125,12,0,0
BRDA:125,12,1,0
BRDA:127,13,0,0
BRDA:127,13,1,0
BRDA:183,14,0,0
BRDA:183,14,1,0
BRDA:184,15,0,0
BRDA:184,15,1,0
BRDA:185,16,0,0
BRDA:185,16,1,0
BRDA:186,17,0,0
BRDA:186,17,1,0
BRDA:189,18,0,0
BRDA:189,18,1,0
BRDA:191,19,0,0
BRDA:191,19,1,0
BRDA:192,20,0,0
BRDA:192,20,1,0
BRDA:211,21,0,0
BRDA:211,21,1,0
BRDA:222,22,0,0
BRDA:222,22,1,0
BRDA:223,23,0,0
BRDA:223,23,1,0
BRDA:228,24,0,0
BRDA:228,24,1,0
BRDA:229,25,0,0
BRDA:229,25,1,0
BRDA:248,26,0,0
BRDA:248,26,1,0
BRDA:249,27,0,0
BRDA:249,27,1,0
BRDA:250,28,0,0
BRDA:250,28,1,0
BRDA:252,29,0,0
BRDA:267,30,0,0
BRDA:312,31,0,0
BRDA:312,31,1,0
BRDA:314,32,0,0
BRDA:314,32,1,0
BRDA:318,33,0,0
BRDA:318,33,1,0
BRDA:324,34,0,0
BRDA:324,34,1,0
BRDA:344,35,0,0
BRDA:349,36,0,0
BRDA:365,37,0,0
BRDA:365,37,1,0
BRDA:387,38,0,0
BRDA:387,38,1,0
BRDA:389,39,0,0
BRDA:389,39,1,0
BRDA:389,39,2,0
BRDA:389,39,3,0
BRF:68
BRH:0
end_of_record
TN:
SF:aml/PruningService.ts
FN:46,(anonymous_0)
FN:54,(anonymous_1)
FN:112,(anonymous_2)
FN:136,(anonymous_3)
FN:143,(anonymous_4)
FN:158,(anonymous_5)
FN:162,(anonymous_6)
FN:174,(anonymous_7)
FN:177,(anonymous_8)
FN:181,(anonymous_9)
FN:183,(anonymous_10)
FN:189,(anonymous_11)
FN:213,(anonymous_12)
FN:217,(anonymous_13)
FN:226,(anonymous_14)
FN:227,(anonymous_15)
FN:236,(anonymous_16)
FN:238,(anonymous_17)
FN:242,(anonymous_18)
FN:244,(anonymous_19)
FN:250,(anonymous_20)
FN:274,(anonymous_21)
FN:278,(anonymous_22)
FN:288,(anonymous_23)
FN:289,(anonymous_24)
FN:298,(anonymous_25)
FN:300,(anonymous_26)
FN:304,(anonymous_27)
FN:306,(anonymous_28)
FN:312,(anonymous_29)
FN:328,(anonymous_30)
FN:344,(anonymous_31)
FN:354,(anonymous_32)
FN:364,(anonymous_33)
FNF:34
FNH:1
FNDA:17,(anonymous_0)
FNDA:0,(anonymous_1)
FNDA:0,(anonymous_2)
FNDA:0,(anonymous_3)
FNDA:0,(anonymous_4)
FNDA:0,(anonymous_5)
FNDA:0,(anonymous_6)
FNDA:0,(anonymous_7)
FNDA:0,(anonymous_8)
FNDA:0,(anonymous_9)
FNDA:0,(anonymous_10)
FNDA:0,(anonymous_11)
FNDA:0,(anonymous_12)
FNDA:0,(anonymous_13)
FNDA:0,(anonymous_14)
FNDA:0,(anonymous_15)
FNDA:0,(anonymous_16)
FNDA:0,(anonymous_17)
FNDA:0,(anonymous_18)
FNDA:0,(anonymous_19)
FNDA:0,(anonymous_20)
FNDA:0,(anonymous_21)
FNDA:0,(anonymous_22)
FNDA:0,(anonymous_23)
FNDA:0,(anonymous_24)
FNDA:0,(anonymous_25)
FNDA:0,(anonymous_26)
FNDA:0,(anonymous_27)
FNDA:0,(anonymous_28)
FNDA:0,(anonymous_29)
FNDA:0,(anonymous_30)
FNDA:0,(anonymous_31)
FNDA:0,(anonymous_32)
FNDA:0,(anonymous_33)
DA:8,1
DA:9,1
DA:10,1
DA:42,1
DA:47,17
DA:48,17
DA:66,0
DA:67,0
DA:74,0
DA:77,0
DA:80,0
DA:83,0
DA:87,0
DA:92,0
DA:101,0
DA:113,0
DA:116,0
DA:117,0
DA:121,0
DA:122,0
DA:126,0
DA:127,0
DA:130,0
DA:140,0
DA:141,0
DA:143,0
DA:144,0
DA:145,0
DA:147,0
DA:148,0
DA:149,0
DA:151,0
DA:162,0
DA:163,0
DA:164,0
DA:176,0
DA:177,0
DA:181,0
DA:183,0
DA:190,0
DA:193,0
DA:194,0
DA:198,0
DA:199,0
DA:203,0
DA:204,0
DA:207,0
DA:214,0
DA:215,0
DA:217,0
DA:218,0
DA:219,0
DA:227,0
DA:228,0
DA:229,0
DA:237,0
DA:238,0
DA:242,0
DA:244,0
DA:251,0
DA:254,0
DA:255,0
DA:259,0
DA:260,0
DA:264,0
DA:265,0
DA:268,0
DA:275,0
DA:276,0
DA:278,0
DA:279,0
DA:280,0
DA:281,0
DA:289,0
DA:290,0
DA:291,0
DA:299,0
DA:300,0
DA:304,0
DA:306,0
DA:313,0
DA:329,0
DA:332,0
DA:334,0
DA:335,0
DA:337,0
DA:338,0
DA:340,0
DA:341,0
DA:344,0
DA:345,0
DA:346,0
DA:355,0
DA:356,0
DA:357,0
DA:365,0
LF:96
LH:6
BRDA:74,0,0,0
BRDA:74,0,1,0
BRDA:116,1,0,0
BRDA:121,2,0,0
BRDA:126,3,0,0
BRDA:126,4,0,0
BRDA:126,4,1,0
BRDA:145,5,0,0
BRDA:165,6,0,0
BRDA:165,6,1,0
BRDA:193,7,0,0
BRDA:198,8,0,0
BRDA:203,9,0,0
BRDA:203,10,0,0
BRDA:203,10,1,0
BRDA:219,11,0,0
BRDA:219,11,1,0
BRDA:254,12,0,0
BRDA:259,13,0,0
BRDA:264,14,0,0
BRDA:264,15,0,0
BRDA:264,15,1,0
BRDA:281,16,0,0
BRDA:281,16,1,0
BRDA:281,16,2,0
BRDA:291,17,0,0
BRDA:291,17,1,0
BRDA:329,18,0,0
BRDA:332,19,0,0
BRDA:332,19,1,0
BRDA:332,19,2,0
BRDA:345,20,0,0
BRDA:355,21,0,0
BRF:33
BRH:0
end_of_record
TN:
SF:aml/QueryEngine.ts
FN:41,(anonymous_0)
FN:54,(anonymous_1)
FN:105,(anonymous_2)
FN:122,(anonymous_3)
FN:143,(anonymous_4)
FN:153,(anonymous_5)
FN:163,(anonymous_6)
FN:181,(anonymous_7)
FN:182,(anonymous_8)
FN:191,(anonymous_9)
FN:210,(anonymous_10)
FN:225,(anonymous_11)
FN:240,(anonymous_12)
FN:251,(anonymous_13)
FN:274,(anonymous_14)
FN:282,(anonymous_15)
FN:302,(anonymous_16)
FN:318,(anonymous_17)
FN:328,(anonymous_18)
FN:355,(anonymous_19)
FN:357,(anonymous_20)
FN:363,(anonymous_21)
FN:364,(anonymous_22)
FN:385,(anonymous_23)
FN:387,(anonymous_24)
FN:393,(anonymous_25)
FN:394,(anonymous_26)
FN:402,(anonymous_27)
FN:404,(anonymous_28)
FN:414,(anonymous_29)
FN:419,(anonymous_30)
FN:440,(anonymous_31)
FN:451,(anonymous_32)
FN:480,(anonymous_33)
FN:482,(anonymous_34)
FN:488,(anonymous_35)
FN:516,(anonymous_36)
FN:518,(anonymous_37)
FN:528,(anonymous_38)
FN:536,(anonymous_39)
FN:538,(anonymous_40)
FN:540,(anonymous_41)
FN:542,(anonymous_42)
FN:552,(anonymous_43)
FN:553,(anonymous_44)
FN:569,(anonymous_45)
FN:578,(anonymous_46)
FNF:47
FNH:43
FNDA:36,(anonymous_0)
FNDA:14,(anonymous_1)
FNDA:1,(anonymous_2)
FNDA:0,(anonymous_3)
FNDA:7,(anonymous_4)
FNDA:2,(anonymous_5)
FNDA:4,(anonymous_6)
FNDA:1,(anonymous_7)
FNDA:2,(anonymous_8)
FNDA:1,(anonymous_9)
FNDA:65,(anonymous_10)
FNDA:66,(anonymous_11)
FNDA:0,(anonymous_12)
FNDA:4,(anonymous_13)
FNDA:50,(anonymous_14)
FNDA:52,(anonymous_15)
FNDA:0,(anonymous_16)
FNDA:4,(anonymous_17)
FNDA:9,(anonymous_18)
FNDA:7,(anonymous_19)
FNDA:9,(anonymous_20)
FNDA:1,(anonymous_21)
FNDA:3,(anonymous_22)
FNDA:4,(anonymous_23)
FNDA:3,(anonymous_24)
FNDA:1,(anonymous_25)
FNDA:3,(anonymous_26)
FNDA:2,(anonymous_27)
FNDA:3,(anonymous_28)
FNDA:45,(anonymous_29)
FNDA:196,(anonymous_30)
FNDA:45,(anonymous_31)
FNDA:4,(anonymous_32)
FNDA:1,(anonymous_33)
FNDA:4,(anonymous_34)
FNDA:1,(anonymous_35)
FNDA:0,(anonymous_36)
FNDA:1,(anonymous_37)
FNDA:3,(anonymous_38)
FNDA:10,(anonymous_39)
FNDA:10,(anonymous_40)
FNDA:10,(anonymous_41)
FNDA:10,(anonymous_42)
FNDA:8,(anonymous_43)
FNDA:6,(anonymous_44)
FNDA:1,(anonymous_45)
FNDA:1,(anonymous_46)
DA:8,1
DA:10,1
DA:36,1
DA:42,36
DA:43,36
DA:44,36
DA:55,14
DA:62,14
DA:63,1035
DA:64,1035
DA:67,1035
DA:68,1034
DA:70,1035
DA:73,1035
DA:74,3
DA:75,4
DA:76,3
DA:78,4
DA:83,1035
DA:84,1038
DA:85,1038
DA:86,18
DA:88,1038
DA:92,1035
DA:93,1035
DA:94,16
DA:96,1035
DA:99,14
DA:106,1
DA:108,1
DA:109,3
DA:110,3
DA:111,3
DA:113,3
DA:116,1
DA:123,0
DA:125,0
DA:126,0
DA:127,0
DA:128,0
DA:130,0
DA:133,0
DA:144,7
DA:145,7
DA:147,4
DA:154,2
DA:155,2
DA:157,2
DA:164,4
DA:165,4
DA:168,4
DA:170,4
DA:171,4
DA:172,4
DA:173,4
DA:174,4
DA:178,4
DA:181,3
DA:182,2
DA:185,3
DA:192,1
DA:193,1
DA:195,1
DA:196,1
DA:198,1
DA:199,3
DA:200,1
DA:204,1
DA:211,65
DA:212,65
DA:215,65
DA:216,65
DA:217,2
DA:221,65
DA:222,65
DA:223,65
DA:224,65
DA:225,66
DA:226,65
DA:227,65
DA:230,65
DA:231,65
DA:232,65
DA:236,65
DA:237,65
DA:238,0
DA:239,0
DA:240,0
DA:241,0
DA:242,0
DA:245,65
DA:258,4
DA:260,4
DA:261,64
DA:263,62
DA:264,62
DA:265,52
DA:274,50
DA:276,4
DA:283,52
DA:285,52
DA:286,1
DA:289,52
DA:290,52
DA:293,52
DA:294,52
DA:295,52
DA:296,52
DA:297,52
DA:301,52
DA:302,0
DA:303,0
DA:304,0
DA:308,52
DA:328,4
DA:329,9
DA:330,9
DA:333,9
DA:337,9
DA:338,9
DA:339,9
DA:342,9
DA:343,9
DA:346,9
DA:347,2
DA:348,2
DA:351,9
DA:355,7
DA:357,9
DA:364,1
DA:365,3
DA:368,3
DA:371,3
DA:374,3
DA:377,3
DA:378,3
DA:379,3
DA:381,3
DA:385,4
DA:387,3
DA:394,1
DA:395,3
DA:396,3
DA:398,3
DA:402,2
DA:404,3
DA:415,45
DA:416,45
DA:417,45
DA:419,196
DA:421,196
DA:422,686
DA:424,45
DA:425,151
DA:426,2203
DA:427,39
DA:429,2164
DA:434,45
DA:441,45
DA:442,45
DA:444,45
DA:445,45
DA:456,4
DA:457,4
DA:459,4
DA:460,25
DA:461,25
DA:464,25
DA:465,3
DA:466,3
DA:470,22
DA:471,22
DA:472,22
DA:474,22
DA:475,1
DA:480,4
DA:482,4
DA:493,1
DA:495,1
DA:496,2
DA:499,2
DA:503,1
DA:504,1
DA:508,1
DA:510,1
DA:511,0
DA:516,1
DA:518,1
DA:536,10
DA:538,10
DA:540,10
DA:542,10
DA:545,3
DA:546,3
DA:547,10
DA:548,10
DA:551,3
DA:552,8
DA:553,6
DA:556,3
DA:570,1
DA:571,1
DA:572,1
DA:579,1
DA:580,1
DA:581,1
LF:206
LH:190
BRDA:67,0,0,1034
BRDA:73,1,0,3
BRDA:75,2,0,3
BRDA:85,3,0,18
BRDA:93,4,0,16
BRDA:110,5,0,3
BRDA:127,6,0,0
BRDA:145,7,0,3
BRDA:147,8,0,4
BRDA:147,8,1,1
BRDA:155,9,0,0
BRDA:157,10,0,2
BRDA:157,10,1,1
BRDA:165,11,0,0
BRDA:173,12,0,4
BRDA:178,13,0,1
BRDA:193,14,0,0
BRDA:199,15,0,1
BRDA:216,16,0,2
BRDA:231,17,0,65
BRDA:237,18,0,0
BRDA:237,19,0,65
BRDA:237,19,1,0
BRDA:255,20,0,0
BRDA:256,21,0,0
BRDA:261,22,0,2
BRDA:264,23,0,52
BRDA:285,24,0,1
BRDA:289,25,0,52
BRDA:296,26,0,52
BRDA:301,27,0,0
BRDA:301,28,0,52
BRDA:301,28,1,0
BRDA:303,29,0,0
BRDA:320,30,0,1
BRDA:346,31,0,2
BRDA:346,32,0,9
BRDA:346,32,1,2
BRDA:347,33,0,1
BRDA:347,33,1,1
BRDA:368,34,0,2
BRDA:368,34,1,1
BRDA:426,35,0,39
BRDA:426,35,1,2164
BRDA:442,36,0,0
BRDA:454,37,0,0
BRDA:464,38,0,3
BRDA:464,39,0,25
BRDA:464,39,1,25
BRDA:474,40,0,1
BRDA:491,41,0,0
BRDA:499,42,0,1
BRDA:500,43,0,2
BRDA:500,43,1,1
BRDA:510,44,0,0
BRDA:538,45,0,3
BRDA:538,45,1,1
BRDA:540,46,0,3
BRDA:540,46,1,1
BRDA:542,47,0,3
BRDA:542,47,1,1
BRDA:548,48,0,10
BRDA:548,48,1,8
BRF:63
BRH:48
end_of_record
TN:
SF:aml/init-aml.ts
FN:18,initializeDirectoryStructure
FN:34,createDefaultConfig
FN:52,createReadme
FN:152,main
FNF:4
FNH:0
FNDA:0,initializeDirectoryStructure
FNDA:0,createDefaultConfig
FNDA:0,createReadme
FNDA:0,main
DA:14,0
DA:15,0
DA:16,0
DA:19,0
DA:21,0
DA:28,0
DA:29,0
DA:30,0
DA:35,0
DA:37,0
DA:40,0
DA:41,0
DA:42,0
DA:43,0
DA:48,0
DA:49,0
DA:53,0
DA:55,0
DA:57,0
DA:148,0
DA:149,0
DA:153,0
DA:155,0
DA:156,0
DA:157,0
DA:159,0
DA:161,0
DA:163,0
DA:166,0
DA:169,0
DA:172,0
DA:173,0
DA:174,0
DA:177,0
DA:178,0
DA:179,0
DA:180,0
DA:181,0
DA:182,0
DA:183,0
DA:184,0
DA:185,0
DA:187,0
DA:188,0
DA:189,0
DA:190,0
DA:191,0
DA:194,0
DA:195,0
DA:196,0
DA:201,0
DA:202,0
DA:205,0
LF:53
LH:0
BRDA:153,0,0,0
BRDA:153,0,1,0
BRDA:201,1,0,0
BRF:3
BRH:0
end_of_record
TN:
SF:aml/config/ConfigManager.ts
FN:21,(anonymous_9)
FN:29,(anonymous_10)
FN:55,(anonymous_11)
FN:71,(anonymous_12)
FN:81,(anonymous_13)
FN:89,(anonymous_14)
FN:99,(anonymous_15)
FN:115,(anonymous_16)
FN:123,(anonymous_17)
FN:130,(anonymous_18)
FN:138,(anonymous_19)
FN:186,(anonymous_20)
FN:193,(anonymous_21)
FN:212,(anonymous_22)
FN:219,(anonymous_23)
FN:230,getConfigManager
FN:240,resetConfigManager
FNF:17
FNH:6
FNDA:4,(anonymous_9)
FNDA:4,(anonymous_10)
FNDA:3,(anonymous_11)
FNDA:105,(anonymous_12)
FNDA:3,(anonymous_13)
FNDA:28,(anonymous_14)
FNDA:0,(anonymous_15)
FNDA:0,(anonymous_16)
FNDA:0,(anonymous_17)
FNDA:0,(anonymous_18)
FNDA:0,(anonymous_19)
FNDA:0,(anonymous_20)
FNDA:0,(anonymous_21)
FNDA:0,(anonymous_22)
FNDA:0,(anonymous_23)
FNDA:0,getConfigManager
FNDA:0,resetConfigManager
DA:5,1
DA:6,1
DA:7,1
DA:16,1
DA:19,4
DA:22,4
DA:23,4
DA:30,4
DA:31,4
DA:32,4
DA:34,4
DA:35,4
DA:36,0
DA:39,4
DA:40,4
DA:42,0
DA:44,0
DA:45,0
DA:47,0
DA:56,3
DA:58,3
DA:59,3
DA:62,3
DA:64,0
DA:72,105
DA:73,0
DA:75,105
DA:82,3
DA:83,3
DA:90,28
DA:91,0
DA:93,28
DA:100,0
DA:101,0
DA:104,0
DA:109,0
DA:116,0
DA:117,0
DA:124,0
DA:131,0
DA:132,0
DA:139,0
DA:142,0
DA:143,0
DA:147,0
DA:148,0
DA:150,0
DA:151,0
DA:153,0
DA:154,0
DA:156,0
DA:157,0
DA:161,0
DA:162,0
DA:164,0
DA:165,0
DA:169,0
DA:170,0
DA:172,0
DA:173,0
DA:177,0
DA:178,0
DA:179,0
DA:187,0
DA:194,0
DA:195,0
DA:196,0
DA:198,0
DA:199,0
DA:202,0
DA:203,0
DA:205,0
DA:213,0
DA:220,0
DA:225,1
DA:230,1
DA:231,0
DA:232,0
DA:234,0
DA:240,1
DA:241,0
LF:81
LH:27
BRDA:22,0,0,4
BRDA:22,0,1,0
BRDA:35,1,0,0
BRDA:42,2,0,0
BRDA:42,2,1,0
BRDA:72,3,0,0
BRDA:90,4,0,0
BRDA:100,5,0,0
BRDA:142,6,0,0
BRDA:147,7,0,0
BRDA:150,8,0,0
BRDA:153,9,0,0
BRDA:156,10,0,0
BRDA:161,11,0,0
BRDA:164,12,0,0
BRDA:169,13,0,0
BRDA:172,14,0,0
BRDA:178,15,0,0
BRDA:198,16,0,0
BRDA:231,17,0,0
BRF:20
BRH:1
end_of_record
TN:
SF:aml/config/index.ts
FNF:0
FNH:0
DA:5,0
DA:6,0
LF:2
LH:0
BRF:0
BRH:0
end_of_record
TN:
SF:aml/config/schema.ts
FN:140,validateConfig
FN:151,(anonymous_1)
FN:158,mergeConfig
FN:173,getAgentConfig
FNF:4
FNH:3
FNDA:4,validateConfig
FNDA:0,(anonymous_1)
FNDA:3,mergeConfig
FNDA:28,getAgentConfig
DA:5,1
DA:8,1
DA:20,1
DA:29,1
DA:39,1
DA:48,1
DA:58,1
DA:70,1
DA:93,1
DA:140,1
DA:145,4
DA:146,4
DA:147,4
DA:149,0
DA:151,0
DA:158,1
DA:159,3
DA:173,1
DA:184,28
DA:186,28
LF:20
LH:18
BRDA:146,0,0,4
BRDA:187,1,0,28
BRDA:187,1,1,0
BRDA:188,2,0,28
BRDA:188,2,1,28
BRDA:193,3,0,28
BRDA:193,3,1,0
BRDA:194,4,0,28
BRDA:194,4,1,15
BRDA:195,5,0,28
BRDA:195,5,1,15
BRF:11
BRH:9
end_of_record
TN:
SF:aml/learning/CrossAgentLearning.ts
FN:167,(anonymous_0)
FN:178,(anonymous_1)
FN:193,(anonymous_2)
FN:286,(anonymous_3)
FN:384,(anonymous_4)
FN:453,(anonymous_5)
FN:472,(anonymous_6)
FN:498,(anonymous_7)
FN:505,(anonymous_8)
FN:511,(anonymous_9)
FN:513,(anonymous_10)
FN:539,(anonymous_11)
FN:550,(anonymous_12)
FN:573,(anonymous_13)
FN:602,(anonymous_14)
FN:605,(anonymous_15)
FN:608,(anonymous_16)
FN:610,(anonymous_17)
FN:626,(anonymous_18)
FN:644,(anonymous_19)
FN:645,(anonymous_20)
FN:646,(anonymous_21)
FN:648,(anonymous_22)
FN:657,(anonymous_23)
FN:683,(anonymous_24)
FN:714,(anonymous_25)
FN:729,(anonymous_26)
FN:752,(anonymous_27)
FN:772,(anonymous_28)
FN:792,(anonymous_29)
FN:822,(anonymous_30)
FN:826,(anonymous_31)
FN:832,(anonymous_32)
FN:836,(anonymous_33)
FN:846,(anonymous_34)
FN:852,(anonymous_35)
FN:864,(anonymous_36)
FN:867,(anonymous_37)
FN:883,(anonymous_38)
FN:885,(anonymous_39)
FN:904,(anonymous_40)
FNF:41
FNH:0
FNDA:0,(anonymous_0)
FNDA:0,(anonymous_1)
FNDA:0,(anonymous_2)
FNDA:0,(anonymous_3)
FNDA:0,(anonymous_4)
FNDA:0,(anonymous_5)
FNDA:0,(anonymous_6)
FNDA:0,(anonymous_7)
FNDA:0,(anonymous_8)
FNDA:0,(anonymous_9)
FNDA:0,(anonymous_10)
FNDA:0,(anonymous_11)
FNDA:0,(anonymous_12)
FNDA:0,(anonymous_13)
FNDA:0,(anonymous_14)
FNDA:0,(anonymous_15)
FNDA:0,(anonymous_16)
FNDA:0,(anonymous_17)
FNDA:0,(anonymous_18)
FNDA:0,(anonymous_19)
FNDA:0,(anonymous_20)
FNDA:0,(anonymous_21)
FNDA:0,(anonymous_22)
FNDA:0,(anonymous_23)
FNDA:0,(anonymous_24)
FNDA:0,(anonymous_25)
FNDA:0,(anonymous_26)
FNDA:0,(anonymous_27)
FNDA:0,(anonymous_28)
FNDA:0,(anonymous_29)
FNDA:0,(anonymous_30)
FNDA:0,(anonymous_31)
FNDA:0,(anonymous_32)
FNDA:0,(anonymous_33)
FNDA:0,(anonymous_34)
FNDA:0,(anonymous_35)
FNDA:0,(anonymous_36)
FNDA:0,(anonymous_37)
FNDA:0,(anonymous_38)
FNDA:0,(anonymous_39)
FNDA:0,(anonymous_40)
DA:124,0
DA:160,0
DA:168,0
DA:169,0
DA:170,0
DA:171,0
DA:172,0
DA:179,0
DA:180,0
DA:181,0
DA:197,0
DA:198,0
DA:200,0
DA:201,0
DA:210,0
DA:216,0
DA:222,0
DA:229,0
DA:236,0
DA:237,0
DA:238,0
DA:239,0
DA:242,0
DA:243,0
DA:244,0
DA:246,0
DA:247,0
DA:249,0
DA:253,0
DA:257,0
DA:258,0
DA:259,0
DA:260,0
DA:262,0
DA:263,0
DA:264,0
DA:267,0
DA:292,0
DA:294,0
DA:295,0
DA:298,0
DA:299,0
DA:300,0
DA:304,0
DA:305,0
DA:308,0
DA:309,0
DA:310,0
DA:311,0
DA:315,0
DA:316,0
DA:317,0
DA:318,0
DA:319,0
DA:321,0
DA:323,0
DA:324,0
DA:328,0
DA:329,0
DA:333,0
DA:334,0
DA:338,0
DA:339,0
DA:342,0
DA:348,0
DA:354,0
DA:355,0
DA:356,0
DA:357,0
DA:360,0
DA:361,0
DA:368,0
DA:390,0
DA:394,0
DA:398,0
DA:399,0
DA:400,0
DA:404,0
DA:405,0
DA:407,0
DA:409,0
DA:412,0
DA:413,0
DA:416,0
DA:417,0
DA:420,0
DA:432,0
DA:435,0
DA:436,0
DA:438,0
DA:441,0
DA:454,0
DA:457,0
DA:459,0
DA:460,0
DA:463,0
DA:466,0
DA:469,0
DA:472,0
DA:473,0
DA:474,0
DA:477,0
DA:478,0
DA:479,0
DA:482,0
DA:486,0
DA:487,0
DA:489,0
DA:490,0
DA:491,0
DA:492,0
DA:493,0
DA:498,0
DA:499,0
DA:501,0
DA:505,0
DA:506,0
DA:507,0
DA:510,0
DA:511,0
DA:514,0
DA:518,0
DA:521,0
DA:529,0
DA:531,0
DA:544,0
DA:545,0
DA:549,0
DA:550,0
DA:551,0
DA:553,0
DA:554,0
DA:558,0
DA:567,0
DA:580,0
DA:582,0
DA:583,0
DA:593,0
DA:594,0
DA:596,0
DA:597,0
DA:598,0
DA:602,0
DA:605,0
DA:608,0
DA:610,0
DA:611,0
DA:612,0
DA:616,0
DA:626,0
DA:628,0
DA:645,0
DA:646,0
DA:648,0
DA:649,0
DA:651,0
DA:663,0
DA:676,0
DA:677,0
DA:685,0
DA:686,0
DA:688,0
DA:689,0
DA:691,0
DA:692,0
DA:693,0
DA:695,0
DA:698,0
DA:704,0
DA:705,0
DA:708,0
DA:716,0
DA:733,0
DA:736,0
DA:737,0
DA:739,0
DA:740,0
DA:742,0
DA:743,0
DA:746,0
DA:753,0
DA:756,0
DA:757,0
DA:758,0
DA:760,0
DA:761,0
DA:763,0
DA:764,0
DA:776,0
DA:784,0
DA:786,0
DA:793,0
DA:794,0
DA:797,0
DA:798,0
DA:799,0
DA:801,0
DA:802,0
DA:803,0
DA:804,0
DA:808,0
DA:809,0
DA:810,0
DA:811,0
DA:816,0
DA:823,0
DA:825,0
DA:827,0
DA:831,0
DA:832,0
DA:836,0
DA:839,0
DA:851,0
DA:852,0
DA:853,0
DA:855,0
DA:866,0
DA:867,0
DA:870,0
DA:871,0
DA:873,0
DA:874,0
DA:877,0
DA:884,0
DA:885,0
DA:888,0
DA:889,0
DA:892,0
DA:893,0
DA:894,0
DA:895,0
DA:898,0
DA:905,0
LF:233
LH:0
BRDA:167,0,0,0
BRDA:180,1,0,0
BRDA:200,2,0,0
BRDA:200,3,0,0
BRDA:200,3,1,0
BRDA:236,4,0,0
BRDA:236,4,1,0
BRDA:237,5,0,0
BRDA:237,5,1,0
BRDA:238,6,0,0
BRDA:238,6,1,0
BRDA:243,7,0,0
BRDA:243,7,1,0
BRDA:244,8,0,0
BRDA:246,9,0,0
BRDA:246,9,1,0
BRDA:247,10,0,0
BRDA:249,11,0,0
BRDA:253,12,0,0
BRDA:253,12,1,0
BRDA:253,12,2,0
BRDA:258,13,0,0
BRDA:262,14,0,0
BRDA:272,15,0,0
BRDA:272,15,1,0
BRDA:294,16,0,0
BRDA:299,17,0,0
BRDA:310,18,0,0
BRDA:315,19,0,0
BRDA:315,19,1,0
BRDA:315,20,0,0
BRDA:315,20,1,0
BRDA:318,21,0,0
BRDA:321,22,0,0
BRDA:321,23,0,0
BRDA:321,23,1,0
BRDA:333,24,0,0
BRDA:360,25,0,0
BRDA:362,26,0,0
BRDA:362,26,1,0
BRDA:390,27,0,0
BRDA:391,28,0,0
BRDA:391,28,1,0
BRDA:399,29,0,0
BRDA:404,30,0,0
BRDA:404,30,1,0
BRDA:409,31,0,0
BRDA:413,32,0,0
BRDA:417,33,0,0
BRDA:473,34,0,0
BRDA:473,34,1,0
BRDA:477,35,0,0
BRDA:491,36,0,0
BRDA:499,37,0,0
BRDA:526,38,0,0
BRDA:526,38,1,0
BRDA:542,39,0,0
BRDA:544,40,0,0
BRDA:553,41,0,0
BRDA:553,42,0,0
BRDA:553,42,1,0
BRDA:582,43,0,0
BRDA:597,44,0,0
BRDA:597,44,1,0
BRDA:598,45,0,0
BRDA:598,45,1,0
BRDA:602,46,0,0
BRDA:602,46,1,0
BRDA:605,47,0,0
BRDA:605,47,1,0
BRDA:616,48,0,0
BRDA:616,48,1,0
BRDA:618,49,0,0
BRDA:618,49,1,0
BRDA:620,50,0,0
BRDA:620,50,1,0
BRDA:651,51,0,0
BRDA:651,51,1,0
BRDA:677,52,0,0
BRDA:677,52,1,0
BRDA:689,53,0,0
BRDA:689,53,1,0
BRDA:691,54,0,0
BRDA:698,55,0,0
BRDA:698,55,1,0
BRDA:704,56,0,0
BRDA:736,57,0,0
BRDA:736,58,0,0
BRDA:736,58,1,0
BRDA:739,59,0,0
BRDA:739,60,0,0
BRDA:739,60,1,0
BRDA:742,61,0,0
BRDA:742,62,0,0
BRDA:742,62,1,0
BRDA:757,63,0,0
BRDA:757,64,0,0
BRDA:757,64,1,0
BRDA:760,65,0,0
BRDA:760,66,0,0
BRDA:760,66,1,0
BRDA:763,67,0,0
BRDA:763,68,0,0
BRDA:763,68,1,0
BRDA:802,69,0,0
BRDA:809,70,0,0
BRDA:816,71,0,0
BRDA:816,71,1,0
BRDA:823,72,0,0
BRDA:823,72,1,0
BRDA:823,72,2,0
BRDA:823,72,3,0
BRDA:885,73,0,0
BRDA:885,73,1,0
BRDA:888,74,0,0
BRF:115
BRH:0
end_of_record
TN:
SF:aml/learning/PatternRecognition.ts
FN:100,(anonymous_0)
FN:111,(anonymous_1)
FN:123,(anonymous_2)
FN:137,(anonymous_3)
FN:161,(anonymous_4)
FN:183,(anonymous_5)
FN:193,(anonymous_6)
FN:206,(anonymous_7)
FN:212,(anonymous_8)
FN:216,(anonymous_9)
FN:260,(anonymous_10)
FN:299,(anonymous_11)
FN:300,(anonymous_12)
FN:301,(anonymous_13)
FN:309,(anonymous_14)
FN:336,(anonymous_15)
FN:375,(anonymous_16)
FN:384,(anonymous_17)
FN:398,(anonymous_18)
FN:427,(anonymous_19)
FN:451,(anonymous_20)
FN:454,(anonymous_21)
FN:467,(anonymous_22)
FN:468,(anonymous_23)
FN:470,(anonymous_24)
FN:471,(anonymous_25)
FN:481,(anonymous_26)
FN:483,(anonymous_27)
FN:486,(anonymous_28)
FN:498,(anonymous_29)
FN:538,(anonymous_30)
FN:539,(anonymous_31)
FN:540,(anonymous_32)
FN:543,(anonymous_33)
FN:549,(anonymous_34)
FN:550,(anonymous_35)
FN:552,(anonymous_36)
FN:560,(anonymous_37)
FN:579,(anonymous_38)
FN:583,(anonymous_39)
FN:589,(anonymous_40)
FN:611,(anonymous_41)
FN:633,(anonymous_42)
FN:656,(anonymous_43)
FNF:44
FNH:0
FNDA:0,(anonymous_0)
FNDA:0,(anonymous_1)
FNDA:0,(anonymous_2)
FNDA:0,(anonymous_3)
FNDA:0,(anonymous_4)
FNDA:0,(anonymous_5)
FNDA:0,(anonymous_6)
FNDA:0,(anonymous_7)
FNDA:0,(anonymous_8)
FNDA:0,(anonymous_9)
FNDA:0,(anonymous_10)
FNDA:0,(anonymous_11)
FNDA:0,(anonymous_12)
FNDA:0,(anonymous_13)
FNDA:0,(anonymous_14)
FNDA:0,(anonymous_15)
FNDA:0,(anonymous_16)
FNDA:0,(anonymous_17)
FNDA:0,(anonymous_18)
FNDA:0,(anonymous_19)
FNDA:0,(anonymous_20)
FNDA:0,(anonymous_21)
FNDA:0,(anonymous_22)
FNDA:0,(anonymous_23)
FNDA:0,(anonymous_24)
FNDA:0,(anonymous_25)
FNDA:0,(anonymous_26)
FNDA:0,(anonymous_27)
FNDA:0,(anonymous_28)
FNDA:0,(anonymous_29)
FNDA:0,(anonymous_30)
FNDA:0,(anonymous_31)
FNDA:0,(anonymous_32)
FNDA:0,(anonymous_33)
FNDA:0,(anonymous_34)
FNDA:0,(anonymous_35)
FNDA:0,(anonymous_36)
FNDA:0,(anonymous_37)
FNDA:0,(anonymous_38)
FNDA:0,(anonymous_39)
FNDA:0,(anonymous_40)
FNDA:0,(anonymous_41)
FNDA:0,(anonymous_42)
FNDA:0,(anonymous_43)
DA:12,1
DA:77,1
DA:96,1
DA:101,0
DA:102,0
DA:113,0
DA:114,0
DA:115,0
DA:118,0
DA:119,0
DA:122,0
DA:123,0
DA:127,0
DA:128,0
DA:129,0
DA:132,0
DA:133,0
DA:135,0
DA:137,0
DA:138,0
DA:140,0
DA:151,0
DA:152,0
DA:162,0
DA:165,0
DA:166,0
DA:167,0
DA:169,0
DA:170,0
DA:172,0
DA:176,0
DA:178,0
DA:179,0
DA:181,0
DA:183,0
DA:185,0
DA:193,0
DA:212,0
DA:213,0
DA:216,0
DA:217,0
DA:221,0
DA:222,0
DA:225,0
DA:228,0
DA:234,0
DA:241,0
DA:243,0
DA:261,0
DA:262,0
DA:265,0
DA:266,0
DA:267,0
DA:269,0
DA:270,0
DA:271,0
DA:275,0
DA:276,0
DA:277,0
DA:279,0
DA:280,0
DA:281,0
DA:282,0
DA:286,0
DA:287,0
DA:290,0
DA:300,0
DA:301,0
DA:303,0
DA:304,0
DA:307,0
DA:309,0
DA:312,0
DA:313,0
DA:316,0
DA:317,0
DA:318,0
DA:319,0
DA:321,0
DA:327,0
DA:328,0
DA:341,0
DA:343,0
DA:345,0
DA:348,0
DA:349,0
DA:350,0
DA:353,0
DA:355,0
DA:358,0
DA:359,0
DA:360,0
DA:361,0
DA:363,0
DA:366,0
DA:375,0
DA:389,0
DA:390,0
DA:398,0
DA:399,0
DA:402,0
DA:403,0
DA:411,0
DA:413,0
DA:414,0
DA:421,0
DA:428,0
DA:429,0
DA:432,0
DA:433,0
DA:436,0
DA:437,0
DA:438,0
DA:439,0
DA:440,0
DA:452,0
DA:454,0
DA:468,0
DA:469,0
DA:470,0
DA:471,0
DA:475,0
DA:482,0
DA:483,0
DA:487,0
DA:488,0
DA:489,0
DA:492,0
DA:499,0
DA:502,0
DA:503,0
DA:504,0
DA:508,0
DA:509,0
DA:510,0
DA:514,0
DA:515,0
DA:516,0
DA:517,0
DA:522,0
DA:524,0
DA:525,0
DA:528,0
DA:529,0
DA:532,0
DA:539,0
DA:540,0
DA:543,0
DA:544,0
DA:546,0
DA:549,0
DA:550,0
DA:552,0
DA:554,0
DA:561,0
DA:562,0
DA:564,0
DA:565,0
DA:566,0
DA:567,0
DA:568,0
DA:573,0
DA:583,0
DA:584,0
DA:588,0
DA:589,0
DA:593,0
DA:594,0
DA:598,0
DA:603,0
DA:605,0
DA:612,0
DA:614,0
DA:616,0
DA:621,0
DA:622,0
DA:627,0
DA:635,0
DA:644,0
DA:657,0
LF:180
LH:3
BRDA:100,0,0,0
BRDA:114,1,0,0
BRDA:135,2,0,0
BRDA:169,3,0,0
BRDA:179,4,0,0
BRDA:228,5,0,0
BRDA:228,5,1,0
BRDA:270,6,0,0
BRDA:270,6,1,0
BRDA:271,7,0,0
BRDA:271,7,1,0
BRDA:286,8,0,0
BRDA:286,9,0,0
BRDA:286,9,1,0
BRDA:318,10,0,0
BRDA:318,10,1,0
BRDA:328,11,0,0
BRDA:328,11,1,0
BRDA:339,12,0,0
BRDA:355,13,0,0
BRDA:358,14,0,0
BRDA:358,14,1,0
BRDA:360,15,0,0
BRDA:360,15,1,0
BRDA:389,16,0,0
BRDA:402,17,0,0
BRDA:413,18,0,0
BRDA:437,19,0,0
BRDA:437,19,1,0
BRDA:439,20,0,0
BRDA:504,21,0,0
BRDA:504,21,1,0
BRDA:510,22,0,0
BRDA:510,22,1,0
BRDA:517,23,0,0
BRDA:517,23,1,0
BRDA:524,24,0,0
BRDA:524,24,1,0
BRDA:524,25,0,0
BRDA:524,25,1,0
BRDA:546,26,0,0
BRDA:546,26,1,0
BRDA:567,27,0,0
BRDA:573,28,0,0
BRDA:573,28,1,0
BRDA:588,29,0,0
BRDA:588,29,1,0
BRDA:616,30,0,0
BRDA:617,31,0,0
BRDA:617,31,1,0
BRDA:617,31,2,0
BRDA:621,32,0,0
BRDA:621,33,0,0
BRDA:621,33,1,0
BRDA:640,34,0,0
BRDA:640,34,1,0
BRF:56
BRH:0
end_of_record
TN:
SF:aml/learning/ReinforcementLearning.ts
FN:181,(anonymous_0)
FN:198,(anonymous_1)
FN:264,(anonymous_2)
FN:369,(anonymous_3)
FN:417,(anonymous_4)
FN:428,(anonymous_5)
FN:450,(anonymous_6)
FN:479,(anonymous_7)
FN:486,(anonymous_8)
FN:502,(anonymous_9)
FN:517,(anonymous_10)
FN:532,(anonymous_11)
FN:535,(anonymous_12)
FN:536,(anonymous_13)
FN:547,(anonymous_14)
FN:558,(anonymous_15)
FN:573,(anonymous_16)
FN:583,(anonymous_17)
FN:600,(anonymous_18)
FN:650,(anonymous_19)
FN:682,(anonymous_20)
FN:692,(anonymous_21)
FN:707,(anonymous_22)
FN:724,(anonymous_23)
FN:730,(anonymous_24)
FN:736,(anonymous_25)
FN:741,(anonymous_26)
FN:751,(anonymous_27)
FN:761,(anonymous_28)
FN:762,(anonymous_29)
FN:774,(anonymous_30)
FN:785,(anonymous_31)
FNF:32
FNH:0
FNDA:0,(anonymous_0)
FNDA:0,(anonymous_1)
FNDA:0,(anonymous_2)
FNDA:0,(anonymous_3)
FNDA:0,(anonymous_4)
FNDA:0,(anonymous_5)
FNDA:0,(anonymous_6)
FNDA:0,(anonymous_7)
FNDA:0,(anonymous_8)
FNDA:0,(anonymous_9)
FNDA:0,(anonymous_10)
FNDA:0,(anonymous_11)
FNDA:0,(anonymous_12)
FNDA:0,(anonymous_13)
FNDA:0,(anonymous_14)
FNDA:0,(anonymous_15)
FNDA:0,(anonymous_16)
FNDA:0,(anonymous_17)
FNDA:0,(anonymous_18)
FNDA:0,(anonymous_19)
FNDA:0,(anonymous_20)
FNDA:0,(anonymous_21)
FNDA:0,(anonymous_22)
FNDA:0,(anonymous_23)
FNDA:0,(anonymous_24)
FNDA:0,(anonymous_25)
FNDA:0,(anonymous_26)
FNDA:0,(anonymous_27)
FNDA:0,(anonymous_28)
FNDA:0,(anonymous_29)
FNDA:0,(anonymous_30)
FNDA:0,(anonymous_31)
DA:130,1
DA:173,1
DA:182,0
DA:183,0
DA:184,0
DA:185,0
DA:186,0
DA:187,0
DA:204,0
DA:205,0
DA:209,0
DA:211,0
DA:213,0
DA:214,0
DA:218,0
DA:219,0
DA:221,0
DA:222,0
DA:224,0
DA:225,0
DA:226,0
DA:228,0
DA:229,0
DA:230,0
DA:233,0
DA:234,0
DA:235,0
DA:236,0
DA:240,0
DA:243,0
DA:244,0
DA:245,0
DA:249,0
DA:271,0
DA:272,0
DA:273,0
DA:276,0
DA:277,0
DA:280,0
DA:281,0
DA:289,0
DA:290,0
DA:292,0
DA:293,0
DA:294,0
DA:300,0
DA:303,0
DA:306,0
DA:312,0
DA:315,0
DA:321,0
DA:329,0
DA:330,0
DA:339,0
DA:342,0
DA:345,0
DA:348,0
DA:349,0
DA:350,0
DA:354,0
DA:355,0
DA:376,0
DA:399,0
DA:406,0
DA:408,0
DA:418,0
DA:419,0
DA:421,0
DA:422,0
DA:429,0
DA:430,0
DA:433,0
DA:434,0
DA:436,0
DA:437,0
DA:438,0
DA:439,0
DA:440,0
DA:444,0
DA:458,0
DA:462,0
DA:466,0
DA:480,0
DA:487,0
DA:489,0
DA:490,0
DA:491,0
DA:492,0
DA:496,0
DA:503,0
DA:505,0
DA:506,0
DA:507,0
DA:508,0
DA:510,0
DA:518,0
DA:519,0
DA:520,0
DA:521,0
DA:522,0
DA:534,0
DA:535,0
DA:536,0
DA:539,0
DA:541,0
DA:548,0
DA:559,0
DA:562,0
DA:565,0
DA:567,0
DA:574,0
DA:584,0
DA:587,0
DA:588,0
DA:601,0
DA:602,0
DA:606,0
DA:607,0
DA:609,0
DA:610,0
DA:611,0
DA:615,0
DA:617,0
DA:618,0
DA:619,0
DA:621,0
DA:622,0
DA:624,0
DA:625,0
DA:627,0
DA:628,0
DA:629,0
DA:633,0
DA:634,0
DA:637,0
DA:638,0
DA:640,0
DA:651,0
DA:653,0
DA:654,0
DA:656,0
DA:657,0
DA:658,0
DA:662,0
DA:663,0
DA:664,0
DA:668,0
DA:669,0
DA:674,0
DA:675,0
DA:683,0
DA:685,0
DA:686,0
DA:687,0
DA:692,0
DA:693,0
DA:697,0
DA:698,0
DA:699,0
DA:700,0
DA:708,0
DA:709,0
DA:712,0
DA:713,0
DA:716,0
DA:717,0
DA:725,0
DA:726,0
DA:727,0
DA:730,0
DA:737,0
DA:738,0
DA:740,0
DA:741,0
DA:742,0
DA:745,0
DA:752,0
DA:753,0
DA:754,0
DA:757,0
DA:758,0
DA:759,0
DA:761,0
DA:762,0
DA:764,0
DA:766,0
DA:767,0
DA:768,0
DA:775,0
DA:776,0
DA:777,0
DA:779,0
DA:788,0
LF:193
LH:2
BRDA:181,0,0,0
BRDA:202,1,0,0
BRDA:204,2,0,0
BRDA:209,3,0,0
BRDA:209,3,1,0
BRDA:211,4,0,0
BRDA:228,5,0,0
BRDA:228,5,1,0
BRDA:233,6,0,0
BRDA:233,6,1,0
BRDA:235,7,0,0
BRDA:243,8,0,0
BRDA:276,9,0,0
BRDA:281,10,0,0
BRDA:281,10,1,0
BRDA:292,11,0,0
BRDA:329,12,0,0
BRDA:348,13,0,0
BRDA:349,14,0,0
BRDA:354,15,0,0
BRDA:377,16,0,0
BRDA:377,16,1,0
BRDA:382,17,0,0
BRDA:382,17,1,0
BRDA:388,18,0,0
BRDA:388,18,1,0
BRDA:391,19,0,0
BRDA:391,19,1,0
BRDA:393,20,0,0
BRDA:393,20,1,0
BRDA:422,21,0,0
BRDA:422,21,1,0
BRDA:429,22,0,0
BRDA:438,23,0,0
BRDA:458,24,0,0
BRDA:458,24,1,0
BRDA:462,25,0,0
BRDA:462,25,1,0
BRDA:548,26,0,0
BRDA:548,26,1,0
BRDA:587,27,0,0
BRDA:601,28,0,0
BRDA:622,29,0,0
BRDA:627,30,0,0
BRDA:657,31,0,0
BRDA:668,32,0,0
BRDA:674,33,0,0
BRDA:708,34,0,0
BRDA:716,35,0,0
BRDA:726,36,0,0
BRDA:726,37,0,0
BRDA:726,37,1,0
BRDA:745,38,0,0
BRDA:745,38,1,0
BRDA:753,39,0,0
BRDA:753,40,0,0
BRDA:753,40,1,0
BRDA:766,41,0,0
BRDA:767,42,0,0
BRF:59
BRH:0
end_of_record
TN:
SF:aml/learning/SuccessWeighting.ts
FN:142,(anonymous_0)
FN:161,(anonymous_1)
FN:223,(anonymous_2)
FN:262,(anonymous_3)
FN:311,(anonymous_4)
FN:351,(anonymous_5)
FN:384,(anonymous_6)
FN:391,(anonymous_7)
FN:402,(anonymous_8)
FN:409,(anonymous_9)
FN:420,(anonymous_10)
FN:435,(anonymous_11)
FN:459,(anonymous_12)
FN:480,(anonymous_13)
FN:527,(anonymous_14)
FN:540,(anonymous_15)
FN:555,(anonymous_16)
FN:595,(anonymous_17)
FNF:18
FNH:15
FNDA:15,(anonymous_0)
FNDA:57,(anonymous_1)
FNDA:0,(anonymous_2)
FNDA:0,(anonymous_3)
FNDA:2,(anonymous_4)
FNDA:61,(anonymous_5)
FNDA:4,(anonymous_6)
FNDA:0,(anonymous_7)
FNDA:3,(anonymous_8)
FNDA:1,(anonymous_9)
FNDA:57,(anonymous_10)
FNDA:57,(anonymous_11)
FNDA:57,(anonymous_12)
FNDA:57,(anonymous_13)
FNDA:57,(anonymous_14)
FNDA:57,(anonymous_15)
FNDA:57,(anonymous_16)
FNDA:15,(anonymous_17)
DA:99,1
DA:137,1
DA:143,15
DA:144,15
DA:145,15
DA:167,57
DA:170,57
DA:173,57
DA:176,57
DA:184,57
DA:190,57
DA:191,57
DA:198,57
DA:204,57
DA:206,57
DA:228,0
DA:256,0
DA:264,0
DA:265,0
DA:272,0
DA:300,0
DA:312,2
DA:313,0
DA:316,2
DA:317,2
DA:318,0
DA:321,2
DA:324,2
DA:326,0
DA:330,2
DA:332,0
DA:339,2
DA:340,0
DA:343,2
DA:356,61
DA:358,9
DA:362,52
DA:363,52
DA:364,52
DA:367,52
DA:368,52
DA:369,52
DA:371,52
DA:372,52
DA:375,52
DA:385,4
DA:392,0
DA:403,3
DA:410,1
DA:422,57
DA:423,57
DA:424,57
DA:426,57
DA:436,57
DA:437,57
DA:438,57
DA:439,57
DA:442,57
DA:443,57
DA:446,57
DA:449,57
DA:461,57
DA:462,57
DA:463,57
DA:465,57
DA:468,57
DA:469,57
DA:472,57
DA:485,57
DA:486,55
DA:489,2
DA:490,2
DA:493,2
DA:494,2
DA:495,2
DA:496,4
DA:497,4
DA:498,2
DA:499,2
DA:501,2
DA:507,2
DA:508,0
DA:509,0
DA:510,0
DA:511,0
DA:512,0
DA:513,0
DA:519,2
DA:528,57
DA:531,57
DA:532,57
DA:534,57
DA:544,57
DA:546,57
DA:547,55
DA:548,45
DA:549,32
DA:560,57
DA:569,57
DA:570,57
DA:573,57
DA:574,57
DA:577,57
DA:578,57
DA:581,57
DA:582,27
DA:583,30
DA:584,0
DA:586,30
DA:589,57
DA:596,15
LF:111
LH:92
BRDA:142,0,0,15
BRDA:231,1,0,0
BRDA:231,1,1,0
BRDA:240,2,0,0
BRDA:240,2,1,0
BRDA:265,3,0,0
BRDA:265,3,1,0
BRDA:266,4,0,0
BRDA:266,4,1,0
BRDA:267,5,0,0
BRDA:267,5,1,0
BRDA:268,6,0,0
BRDA:268,6,1,0
BRDA:284,7,0,0
BRDA:284,7,1,0
BRDA:312,8,0,0
BRDA:317,9,0,0
BRDA:317,10,0,2
BRDA:317,10,1,2
BRDA:324,11,0,0
BRDA:324,11,1,2
BRDA:330,12,0,0
BRDA:339,13,0,0
BRDA:356,14,0,9
BRDA:449,15,0,1
BRDA:449,15,1,56
BRDA:461,16,0,57
BRDA:461,16,1,55
BRDA:485,17,0,55
BRDA:485,18,0,57
BRDA:485,18,1,55
BRDA:493,19,0,2
BRDA:497,20,0,2
BRDA:497,20,1,2
BRDA:499,21,0,2
BRDA:507,22,0,0
BRDA:510,23,0,0
BRDA:512,24,0,0
BRDA:519,25,0,0
BRDA:519,25,1,2
BRDA:546,26,0,2
BRDA:547,27,0,10
BRDA:548,28,0,13
BRDA:560,29,0,57
BRDA:560,29,1,14
BRDA:570,30,0,42
BRDA:570,30,1,15
BRDA:581,31,0,27
BRDA:581,31,1,30
BRDA:583,32,0,0
BRDA:583,32,1,30
BRF:51
BRH:27
end_of_record
TN:
SF:aml/learning/TrendAnalysis.ts
FN:188,(anonymous_0)
FN:199,(anonymous_1)
FN:225,(anonymous_2)
FN:288,(anonymous_3)
FN:303,(anonymous_4)
FN:304,(anonymous_5)
FN:333,(anonymous_6)
FN:364,(anonymous_7)
FN:415,(anonymous_8)
FN:420,(anonymous_9)
FN:466,(anonymous_10)
FN:474,(anonymous_11)
FN:527,(anonymous_12)
FN:581,(anonymous_13)
FN:604,(anonymous_14)
FN:611,(anonymous_15)
FN:618,(anonymous_16)
FN:632,(anonymous_17)
FN:634,(anonymous_18)
FN:635,(anonymous_19)
FN:637,(anonymous_20)
FN:638,(anonymous_21)
FN:639,(anonymous_22)
FN:640,(anonymous_23)
FN:646,(anonymous_24)
FN:647,(anonymous_25)
FN:648,(anonymous_26)
FN:660,(anonymous_27)
FN:661,(anonymous_28)
FN:671,(anonymous_29)
FN:688,(anonymous_30)
FN:721,(anonymous_31)
FN:724,(anonymous_32)
FN:759,(anonymous_33)
FN:769,(anonymous_34)
FN:770,(anonymous_35)
FN:800,(anonymous_36)
FN:837,(anonymous_37)
FN:840,(anonymous_38)
FN:847,(anonymous_39)
FN:875,(anonymous_40)
FN:896,(anonymous_41)
FN:920,(anonymous_42)
FN:944,(anonymous_43)
FN:983,(anonymous_44)
FN:984,(anonymous_45)
FN:990,(anonymous_46)
FN:994,(anonymous_47)
FN:1002,(anonymous_48)
FN:1015,(anonymous_49)
FNF:50
FNH:0
FNDA:0,(anonymous_0)
FNDA:0,(anonymous_1)
FNDA:0,(anonymous_2)
FNDA:0,(anonymous_3)
FNDA:0,(anonymous_4)
FNDA:0,(anonymous_5)
FNDA:0,(anonymous_6)
FNDA:0,(anonymous_7)
FNDA:0,(anonymous_8)
FNDA:0,(anonymous_9)
FNDA:0,(anonymous_10)
FNDA:0,(anonymous_11)
FNDA:0,(anonymous_12)
FNDA:0,(anonymous_13)
FNDA:0,(anonymous_14)
FNDA:0,(anonymous_15)
FNDA:0,(anonymous_16)
FNDA:0,(anonymous_17)
FNDA:0,(anonymous_18)
FNDA:0,(anonymous_19)
FNDA:0,(anonymous_20)
FNDA:0,(anonymous_21)
FNDA:0,(anonymous_22)
FNDA:0,(anonymous_23)
FNDA:0,(anonymous_24)
FNDA:0,(anonymous_25)
FNDA:0,(anonymous_26)
FNDA:0,(anonymous_27)
FNDA:0,(anonymous_28)
FNDA:0,(anonymous_29)
FNDA:0,(anonymous_30)
FNDA:0,(anonymous_31)
FNDA:0,(anonymous_32)
FNDA:0,(anonymous_33)
FNDA:0,(anonymous_34)
FNDA:0,(anonymous_35)
FNDA:0,(anonymous_36)
FNDA:0,(anonymous_37)
FNDA:0,(anonymous_38)
FNDA:0,(anonymous_39)
FNDA:0,(anonymous_40)
FNDA:0,(anonymous_41)
FNDA:0,(anonymous_42)
FNDA:0,(anonymous_43)
FNDA:0,(anonymous_44)
FNDA:0,(anonymous_45)
FNDA:0,(anonymous_46)
FNDA:0,(anonymous_47)
FNDA:0,(anonymous_48)
FNDA:0,(anonymous_49)
DA:140,0
DA:181,0
DA:189,0
DA:190,0
DA:191,0
DA:192,0
DA:193,0
DA:200,0
DA:201,0
DA:204,0
DA:210,0
DA:213,0
DA:226,0
DA:228,0
DA:229,0
DA:233,0
DA:237,0
DA:239,0
DA:240,0
DA:241,0
DA:242,0
DA:243,0
DA:244,0
DA:246,0
DA:250,0
DA:253,0
DA:256,0
DA:261,0
DA:269,0
DA:289,0
DA:291,0
DA:292,0
DA:295,0
DA:296,0
DA:299,0
DA:300,0
DA:301,0
DA:303,0
DA:304,0
DA:307,0
DA:310,0
DA:312,0
DA:313,0
DA:317,0
DA:318,0
DA:319,0
DA:320,0
DA:324,0
DA:325,0
DA:327,0
DA:331,0
DA:332,0
DA:333,0
DA:334,0
DA:335,0
DA:339,0
DA:349,0
DA:354,0
DA:356,0
DA:366,0
DA:367,0
DA:369,0
DA:370,0
DA:371,0
DA:375,0
DA:377,0
DA:378,0
DA:382,0
DA:383,0
DA:384,0
DA:390,0
DA:392,0
DA:393,0
DA:395,0
DA:396,0
DA:398,0
DA:399,0
DA:401,0
DA:405,0
DA:407,0
DA:416,0
DA:417,0
DA:420,0
DA:421,0
DA:422,0
DA:425,0
DA:426,0
DA:430,0
DA:432,0
DA:433,0
DA:434,0
DA:439,0
DA:440,0
DA:450,0
DA:452,0
DA:467,0
DA:469,0
DA:470,0
DA:473,0
DA:474,0
DA:475,0
DA:476,0
DA:479,0
DA:480,0
DA:482,0
DA:483,0
DA:485,0
DA:487,0
DA:488,0
DA:490,0
DA:491,0
DA:494,0
DA:496,0
DA:498,0
DA:500,0
DA:509,0
DA:514,0
DA:515,0
DA:531,0
DA:533,0
DA:534,0
DA:543,0
DA:544,0
DA:545,0
DA:548,0
DA:550,0
DA:554,0
DA:555,0
DA:556,0
DA:558,0
DA:562,0
DA:563,0
DA:564,0
DA:566,0
DA:570,0
DA:571,0
DA:574,0
DA:575,0
DA:579,0
DA:580,0
DA:581,0
DA:583,0
DA:584,0
DA:588,0
DA:592,0
DA:605,0
DA:612,0
DA:619,0
DA:620,0
DA:621,0
DA:622,0
DA:633,0
DA:634,0
DA:635,0
DA:637,0
DA:638,0
DA:639,0
DA:640,0
DA:642,0
DA:645,0
DA:646,0
DA:647,0
DA:648,0
DA:649,0
DA:651,0
DA:661,0
DA:662,0
DA:663,0
DA:665,0
DA:672,0
DA:673,0
DA:675,0
DA:677,0
DA:679,0
DA:681,0
DA:693,0
DA:695,0
DA:696,0
DA:697,0
DA:700,0
DA:701,0
DA:702,0
DA:705,0
DA:706,0
DA:707,0
DA:711,0
DA:712,0
DA:715,0
DA:724,0
DA:727,0
DA:728,0
DA:729,0
DA:730,0
DA:734,0
DA:739,0
DA:741,0
DA:745,0
DA:747,0
DA:749,0
DA:753,0
DA:760,0
DA:761,0
DA:762,0
DA:764,0
DA:765,0
DA:768,0
DA:769,0
DA:770,0
DA:773,0
DA:774,0
DA:775,0
DA:777,0
DA:782,0
DA:788,0
DA:801,0
DA:802,0
DA:805,0
DA:806,0
DA:809,0
DA:810,0
DA:811,0
DA:813,0
DA:814,0
DA:819,0
DA:825,0
DA:838,0
DA:839,0
DA:840,0
DA:842,0
DA:843,0
DA:844,0
DA:846,0
DA:847,0
DA:851,0
DA:852,0
DA:857,0
DA:863,0
DA:876,0
DA:878,0
DA:879,0
DA:880,0
DA:882,0
DA:883,0
DA:886,0
DA:887,0
DA:890,0
DA:901,0
DA:902,0
DA:904,0
DA:905,0
DA:906,0
DA:907,0
DA:908,0
DA:911,0
DA:921,0
DA:922,0
DA:923,0
DA:924,0
DA:926,0
DA:927,0
DA:929,0
DA:933,0
DA:935,0
DA:938,0
DA:951,0
DA:953,0
DA:954,0
DA:955,0
DA:958,0
DA:959,0
DA:960,0
DA:963,0
DA:964,0
DA:967,0
DA:968,0
DA:973,0
DA:974,0
DA:977,0
DA:984,0
DA:991,0
DA:994,0
DA:996,0
DA:1003,0
DA:1016,0
LF:284
LH:0
BRDA:188,0,0,0
BRDA:200,1,0,0
BRDA:228,2,0,0
BRDA:228,3,0,0
BRDA:228,3,1,0
BRDA:239,4,0,0
BRDA:239,4,1,0
BRDA:241,5,0,0
BRDA:241,5,1,0
BRDA:243,6,0,0
BRDA:243,6,1,0
BRDA:256,7,0,0
BRDA:256,7,1,0
BRDA:289,8,0,0
BRDA:289,8,1,0
BRDA:291,9,0,0
BRDA:291,10,0,0
BRDA:291,10,1,0
BRDA:307,11,0,0
BRDA:307,11,1,0
BRDA:312,12,0,0
BRDA:317,13,0,0
BRDA:317,13,1,0
BRDA:318,14,0,0
BRDA:318,14,1,0
BRDA:319,15,0,0
BRDA:319,15,1,0
BRDA:324,16,0,0
BRDA:324,16,1,0
BRDA:325,17,0,0
BRDA:325,17,1,0
BRDA:327,18,0,0
BRDA:327,18,1,0
BRDA:331,19,0,0
BRDA:334,20,0,0
BRDA:366,21,0,0
BRDA:369,22,0,0
BRDA:369,22,1,0
BRDA:370,23,0,0
BRDA:375,24,0,0
BRDA:375,24,1,0
BRDA:377,25,0,0
BRDA:377,26,0,0
BRDA:377,26,1,0
BRDA:383,27,0,0
BRDA:390,28,0,0
BRDA:390,28,1,0
BRDA:390,28,2,0
BRDA:390,28,3,0
BRDA:416,29,0,0
BRDA:432,30,0,0
BRDA:439,31,0,0
BRDA:469,32,0,0
BRDA:469,33,0,0
BRDA:469,33,1,0
BRDA:485,34,0,0
BRDA:496,35,0,0
BRDA:498,36,0,0
BRDA:498,36,1,0
BRDA:498,37,0,0
BRDA:498,37,1,0
BRDA:533,38,0,0
BRDA:548,39,0,0
BRDA:548,39,1,0
BRDA:556,40,0,0
BRDA:556,40,1,0
BRDA:564,41,0,0
BRDA:564,41,1,0
BRDA:579,42,0,0
BRDA:583,43,0,0
BRDA:605,44,0,0
BRDA:605,44,1,0
BRDA:612,45,0,0
BRDA:612,45,1,0
BRDA:665,46,0,0
BRDA:665,46,1,0
BRDA:675,47,0,0
BRDA:675,47,1,0
BRDA:675,47,2,0
BRDA:695,48,0,0
BRDA:695,49,0,0
BRDA:695,49,1,0
BRDA:700,50,0,0
BRDA:705,51,0,0
BRDA:711,52,0,0
BRDA:729,53,0,0
BRDA:739,54,0,0
BRDA:747,55,0,0
BRDA:876,56,0,0
BRDA:890,57,0,0
BRDA:890,57,1,0
BRDA:933,58,0,0
BRDA:953,59,0,0
BRDA:958,60,0,0
BRDA:963,61,0,0
BRDA:967,62,0,0
BRDA:973,63,0,0
BRDA:973,64,0,0
BRDA:973,64,1,0
BRDA:984,65,0,0
BRDA:984,65,1,0
BRDA:991,66,0,0
BRF:102
BRH:0
end_of_record
TN:
SF:aml/learning/index.ts
FN:9,(anonymous_0)
FN:18,(anonymous_1)
FN:25,(anonymous_2)
FN:37,(anonymous_3)
FN:47,(anonymous_4)
FNF:5
FNH:0
FNDA:0,(anonymous_0)
FNDA:0,(anonymous_1)
FNDA:0,(anonymous_2)
FNDA:0,(anonymous_3)
FNDA:0,(anonymous_4)
DA:8,0
DA:9,0
DA:17,0
DA:18,0
DA:24,0
DA:25,0
DA:36,0
DA:37,0
DA:46,0
DA:47,0
LF:10
LH:0
BRF:0
BRH:0
end_of_record
TN:
SF:aml/models/Decision.ts
FN:66,(anonymous_0)
FN:70,(anonymous_1)
FN:74,(anonymous_2)
FN:78,(anonymous_3)
FN:82,(anonymous_4)
FN:86,(anonymous_5)
FN:90,(anonymous_6)
FN:97,(anonymous_7)
FN:108,(anonymous_8)
FN:118,(anonymous_9)
FN:126,(anonymous_10)
FN:147,(anonymous_11)
FN:158,(anonymous_12)
FN:174,(anonymous_13)
FN:182,(anonymous_14)
FN:189,(anonymous_15)
FN:196,(anonymous_16)
FN:211,(anonymous_17)
FN:218,(anonymous_18)
FNF:19
FNH:7
FNDA:15,(anonymous_0)
FNDA:0,(anonymous_1)
FNDA:0,(anonymous_2)
FNDA:0,(anonymous_3)
FNDA:0,(anonymous_4)
FNDA:10,(anonymous_5)
FNDA:7,(anonymous_6)
FNDA:0,(anonymous_7)
FNDA:0,(anonymous_8)
FNDA:0,(anonymous_9)
FNDA:3,(anonymous_10)
FNDA:0,(anonymous_11)
FNDA:3,(anonymous_12)
FNDA:0,(anonymous_13)
FNDA:0,(anonymous_14)
FNDA:6,(anonymous_15)
FNDA:2,(anonymous_16)
FNDA:0,(anonymous_17)
FNDA:0,(anonymous_18)
DA:5,3
DA:9,3
DA:11,3
DA:16,3
DA:26,3
DA:34,3
DA:41,3
DA:63,3
DA:67,15
DA:71,0
DA:75,0
DA:79,0
DA:83,0
DA:87,10
DA:91,7
DA:98,0
DA:99,0
DA:102,0
DA:103,0
DA:106,0
DA:107,0
DA:108,0
DA:111,0
DA:112,0
DA:119,0
DA:120,0
DA:127,3
DA:128,3
DA:131,0
DA:132,0
DA:134,0
DA:135,0
DA:137,0
DA:138,0
DA:140,0
DA:141,0
DA:143,0
DA:144,0
DA:147,0
DA:150,0
DA:152,0
DA:159,3
DA:162,3
DA:163,3
DA:166,3
DA:168,3
DA:175,0
DA:176,0
DA:183,0
DA:190,6
DA:197,2
DA:205,2
DA:212,0
DA:213,0
DA:214,0
DA:216,0
DA:218,0
LF:57
LH:21
BRDA:83,0,0,0
BRDA:83,0,1,0
BRDA:87,1,0,10
BRDA:87,1,1,0
BRDA:98,2,0,0
BRDA:102,3,0,0
BRDA:127,4,0,3
BRDA:134,5,0,0
BRDA:137,6,0,0
BRDA:140,7,0,0
BRDA:143,8,0,0
BRDA:147,9,0,0
BRDA:147,9,1,0
BRDA:150,10,0,0
BRDA:150,10,1,0
BRDA:166,11,0,0
BRDA:166,11,1,3
BRDA:213,12,0,0
BRF:18
BRH:3
end_of_record
TN:
SF:aml/models/Metrics.ts
FN:67,(anonymous_0)
FN:71,(anonymous_1)
FN:75,(anonymous_2)
FN:82,(anonymous_3)
FN:92,(anonymous_4)
FN:111,(anonymous_5)
FN:117,(anonymous_6)
FN:124,(anonymous_7)
FN:131,(anonymous_8)
FN:142,(anonymous_9)
FN:149,(anonymous_10)
FN:193,(anonymous_11)
FN:200,(anonymous_12)
FNF:13
FNH:0
FNDA:0,(anonymous_0)
FNDA:0,(anonymous_1)
FNDA:0,(anonymous_2)
FNDA:0,(anonymous_3)
FNDA:0,(anonymous_4)
FNDA:0,(anonymous_5)
FNDA:0,(anonymous_6)
FNDA:0,(anonymous_7)
FNDA:0,(anonymous_8)
FNDA:0,(anonymous_9)
FNDA:0,(anonymous_10)
FNDA:0,(anonymous_11)
FNDA:0,(anonymous_12)
DA:5,0
DA:9,0
DA:17,0
DA:28,0
DA:36,0
DA:44,0
DA:64,0
DA:68,0
DA:72,0
DA:76,0
DA:83,0
DA:84,0
DA:93,0
DA:97,0
DA:100,0
DA:104,0
DA:105,0
DA:108,0
DA:109,0
DA:111,0
DA:118,0
DA:125,0
DA:132,0
DA:143,0
DA:150,0
DA:187,0
DA:194,0
DA:195,0
DA:196,0
DA:198,0
DA:200,0
LF:31
LH:0
BRDA:85,0,0,0
BRDA:85,0,1,0
BRDA:85,0,2,0
BRDA:124,1,0,0
BRDA:149,2,0,0
BRDA:195,3,0,0
BRF:6
BRH:0
end_of_record
TN:
SF:aml/models/Pattern.ts
FN:70,(anonymous_0)
FN:74,(anonymous_1)
FN:78,(anonymous_2)
FN:82,(anonymous_3)
FN:86,(anonymous_4)
FN:90,(anonymous_5)
FN:97,(anonymous_6)
FN:109,(anonymous_7)
FN:133,(anonymous_8)
FN:135,(anonymous_9)
FN:145,(anonymous_10)
FN:167,(anonymous_11)
FN:174,(anonymous_12)
FN:181,(anonymous_13)
FN:219,(anonymous_14)
FN:226,(anonymous_15)
FNF:16
FNH:10
FNDA:203,(anonymous_0)
FNDA:0,(anonymous_1)
FNDA:0,(anonymous_2)
FNDA:130,(anonymous_3)
FNDA:0,(anonymous_4)
FNDA:59,(anonymous_5)
FNDA:2,(anonymous_6)
FNDA:2,(anonymous_7)
FNDA:9,(anonymous_8)
FNDA:9,(anonymous_9)
FNDA:80,(anonymous_10)
FNDA:0,(anonymous_11)
FNDA:112,(anonymous_12)
FNDA:23,(anonymous_13)
FNDA:0,(anonymous_14)
FNDA:0,(anonymous_15)
DA:5,4
DA:9,4
DA:14,4
DA:21,4
DA:23,4
DA:30,4
DA:37,4
DA:44,4
DA:67,4
DA:71,203
DA:75,0
DA:79,0
DA:83,130
DA:87,0
DA:91,59
DA:98,2
DA:99,2
DA:100,1
DA:102,1
DA:110,2
DA:111,2
DA:112,2
DA:114,2
DA:116,1
DA:117,1
DA:119,1
DA:121,1
DA:122,1
DA:125,1
DA:126,1
DA:134,9
DA:135,9
DA:136,9
DA:137,9
DA:138,9
DA:147,80
DA:151,80
DA:152,80
DA:155,80
DA:158,80
DA:161,80
DA:168,0
DA:175,112
DA:188,23
DA:213,23
DA:220,0
DA:221,0
DA:222,0
DA:224,0
DA:226,0
LF:50
LH:41
BRDA:91,0,0,59
BRDA:91,0,1,0
BRDA:97,1,0,0
BRDA:99,2,0,1
BRDA:99,2,1,1
BRDA:109,3,0,1
BRDA:114,4,0,1
BRDA:114,4,1,1
BRDA:119,5,0,1
BRDA:145,6,0,80
BRDA:221,7,0,0
BRF:11
BRH:8
end_of_record
TN:
SF:aml/models/Solution.ts
FN:58,(anonymous_0)
FN:62,(anonymous_1)
FN:66,(anonymous_2)
FN:70,(anonymous_3)
FN:74,(anonymous_4)
FN:78,(anonymous_5)
FN:85,(anonymous_6)
FN:107,(anonymous_7)
FN:119,(anonymous_8)
FN:134,(anonymous_9)
FN:150,(anonymous_10)
FN:162,(anonymous_11)
FN:169,(anonymous_12)
FN:176,(anonymous_13)
FN:199,(anonymous_14)
FN:206,(anonymous_15)
FNF:16
FNH:7
FNDA:19,(anonymous_0)
FNDA:0,(anonymous_1)
FNDA:0,(anonymous_2)
FNDA:2,(anonymous_3)
FNDA:0,(anonymous_4)
FNDA:13,(anonymous_5)
FNDA:0,(anonymous_6)
FNDA:0,(anonymous_7)
FNDA:0,(anonymous_8)
FNDA:19,(anonymous_9)
FNDA:10,(anonymous_10)
FNDA:0,(anonymous_11)
FNDA:15,(anonymous_12)
FNDA:3,(anonymous_13)
FNDA:0,(anonymous_14)
FNDA:0,(anonymous_15)
DA:5,2
DA:9,2
DA:11,2
DA:18,2
DA:26,2
DA:33,2
DA:55,2
DA:59,19
DA:63,0
DA:67,0
DA:71,2
DA:75,0
DA:79,13
DA:87,0
DA:88,0
DA:92,0
DA:93,0
DA:96,0
DA:99,0
DA:100,0
DA:104,0
DA:105,0
DA:106,0
DA:107,0
DA:109,0
DA:110,0
DA:113,0
DA:120,0
DA:121,0
DA:123,0
DA:124,0
DA:125,0
DA:126,0
DA:136,19
DA:139,19
DA:142,19
DA:144,19
DA:151,10
DA:153,10
DA:154,10
DA:156,10
DA:163,0
DA:170,15
DA:182,3
DA:193,3
DA:200,0
DA:201,0
DA:202,0
DA:204,0
DA:206,0
LF:50
LH:21
BRDA:79,0,0,13
BRDA:79,0,1,0
BRDA:87,1,0,0
BRDA:96,2,0,0
BRDA:96,2,1,0
BRDA:99,3,0,0
BRDA:104,4,0,0
BRDA:119,5,0,0
BRDA:123,6,0,0
BRDA:125,7,0,0
BRDA:136,8,0,14
BRDA:136,8,1,5
BRDA:201,9,0,0
BRF:13
BRH:3
end_of_record
TN:
SF:aml/models/index.ts
FNF:0
FNH:0
DA:5,0
DA:6,0
DA:7,0
DA:8,0
LF:4
LH:0
BRF:0
BRH:0
end_of_record
TN:
SF:aml/security/AccessControl.ts
FN:25,(anonymous_9)
FN:34,(anonymous_10)
FN:171,(anonymous_11)
FN:183,(anonymous_12)
FN:270,(anonymous_13)
FN:289,(anonymous_14)
FN:299,(anonymous_15)
FN:312,(anonymous_16)
FN:325,(anonymous_17)
FN:335,(anonymous_18)
FN:348,(anonymous_19)
FN:359,(anonymous_20)
FN:370,(anonymous_21)
FN:400,(anonymous_22)
FN:412,createPrincipal
FN:429,parseRole
FNF:16
FNH:16
FNDA:1,(anonymous_9)
FNDA:1,(anonymous_10)
FNDA:26,(anonymous_11)
FNDA:33,(anonymous_12)
FNDA:2,(anonymous_13)
FNDA:9,(anonymous_14)
FNDA:1,(anonymous_15)
FNDA:2,(anonymous_16)
FNDA:3,(anonymous_17)
FNDA:3,(anonymous_18)
FNDA:4,(anonymous_19)
FNDA:23,(anonymous_20)
FNDA:33,(anonymous_21)
FNDA:1,(anonymous_22)
FNDA:10,createPrincipal
FNDA:10,parseRole
DA:19,1
DA:20,1
DA:25,1
DA:26,1
DA:27,1
DA:28,1
DA:34,1
DA:36,1
DA:37,1
DA:38,1
DA:41,1
DA:42,1
DA:43,1
DA:46,1
DA:47,1
DA:48,1
DA:51,1
DA:52,1
DA:53,1
DA:54,1
DA:55,1
DA:56,1
DA:59,1
DA:60,1
DA:61,1
DA:64,1
DA:65,1
DA:66,1
DA:104,1
DA:108,26
DA:115,26
DA:172,26
DA:189,33
DA:191,33
DA:192,8
DA:200,8
DA:201,8
DA:205,25
DA:206,3
DA:207,1
DA:215,1
DA:216,1
DA:221,24
DA:222,8
DA:223,1
DA:231,1
DA:232,1
DA:237,23
DA:238,3
DA:239,1
DA:247,1
DA:248,1
DA:253,22
DA:261,22
DA:262,22
DA:275,2
DA:277,2
DA:278,1
DA:290,9
DA:291,9
DA:293,9
DA:300,1
DA:301,1
DA:302,1
DA:303,1
DA:306,0
DA:313,2
DA:314,4
DA:315,4
DA:316,1
DA:319,1
DA:326,3
DA:327,3
DA:337,3
DA:338,3
DA:350,4
DA:351,4
DA:360,23
DA:374,33
DA:392,33
DA:399,1
DA:402,1
DA:404,1
DA:405,1
DA:412,1
DA:418,10
DA:430,10
DA:432,10
DA:435,3
DA:439,3
DA:444,3
DA:447,1
DA:448,1
LF:93
LH:92
BRDA:25,0,0,1
BRDA:25,0,1,1
BRDA:34,1,0,1
BRDA:34,1,1,1
BRDA:191,2,0,8
BRDA:191,3,0,33
BRDA:191,3,1,33
BRDA:205,4,0,3
BRDA:205,5,0,25
BRDA:205,5,1,3
BRDA:206,6,0,1
BRDA:206,7,0,3
BRDA:206,7,1,2
BRDA:221,8,0,8
BRDA:222,9,0,1
BRDA:222,10,0,8
BRDA:222,10,1,2
BRDA:237,11,0,3
BRDA:237,12,0,23
BRDA:237,12,1,7
BRDA:238,13,0,1
BRDA:238,14,0,3
BRDA:238,14,1,2
BRDA:277,15,0,1
BRDA:290,16,0,9
BRDA:290,16,1,0
BRDA:291,17,0,9
BRDA:291,17,1,0
BRDA:302,18,0,1
BRDA:315,19,0,1
BRDA:327,20,0,3
BRDA:327,20,1,0
BRDA:360,21,0,23
BRDA:360,21,1,18
BRDA:360,21,2,17
BRDA:360,21,3,16
BRDA:360,21,4,16
BRDA:378,22,0,33
BRDA:378,22,1,30
BRDA:381,23,0,22
BRDA:381,23,1,11
BRDA:419,24,0,10
BRDA:419,24,1,1
BRDA:419,24,2,0
BRDA:420,25,0,10
BRDA:420,25,1,1
BRDA:420,25,2,1
BRDA:421,26,0,10
BRDA:421,26,1,9
BRDA:421,26,2,9
BRDA:432,27,0,2
BRDA:432,27,1,3
BRDA:432,27,2,2
BRDA:432,27,3,3
BRDA:432,27,4,1
BRDA:432,27,5,2
BRDA:432,27,6,3
BRDA:432,27,7,1
BRF:58
BRH:54
end_of_record
TN:
SF:aml/security/Encryption.ts
FN:27,(anonymous_9)
FN:36,(anonymous_10)
FN:51,(anonymous_11)
FN:58,(anonymous_12)
FN:91,(anonymous_13)
FN:120,(anonymous_14)
FN:128,(anonymous_15)
FN:136,(anonymous_16)
FN:143,(anonymous_17)
FN:150,(anonymous_18)
FN:157,(anonymous_19)
FNF:11
FNH:0
FNDA:0,(anonymous_9)
FNDA:0,(anonymous_10)
FNDA:0,(anonymous_11)
FNDA:0,(anonymous_12)
FNDA:0,(anonymous_13)
FNDA:0,(anonymous_14)
FNDA:0,(anonymous_15)
FNDA:0,(anonymous_16)
FNDA:0,(anonymous_17)
FNDA:0,(anonymous_18)
FNDA:0,(anonymous_19)
DA:5,0
DA:21,0
DA:25,0
DA:28,0
DA:29,0
DA:30,0
DA:37,0
DA:39,0
DA:41,0
DA:42,0
DA:44,0
DA:52,0
DA:59,0
DA:60,0
DA:63,0
DA:65,0
DA:68,0
DA:71,0
DA:72,0
DA:75,0
DA:77,0
DA:84,0
DA:92,0
DA:93,0
DA:96,0
DA:98,0
DA:99,0
DA:102,0
DA:105,0
DA:108,0
DA:109,0
DA:111,0
DA:113,0
DA:121,0
DA:122,0
DA:129,0
DA:130,0
DA:137,0
DA:144,0
DA:151,0
DA:158,0
DA:159,0
DA:160,0
LF:43
LH:0
BRDA:27,0,0,0
BRDA:28,1,0,0
BRDA:28,1,1,0
BRDA:29,2,0,0
BRDA:29,2,1,0
BRDA:30,3,0,0
BRDA:30,3,1,0
BRDA:37,4,0,0
BRDA:37,4,1,0
BRDA:41,5,0,0
BRDA:59,6,0,0
BRDA:92,7,0,0
BRDA:143,8,0,0
BRDA:158,9,0,0
BRF:14
BRH:0
end_of_record
TN:
SF:aml/security/EnhancedEncryption.ts
FN:74,(anonymous_9)
FN:81,(anonymous_10)
FN:92,(anonymous_11)
FN:160,(anonymous_12)
FN:177,(anonymous_13)
FN:220,(anonymous_14)
FN:256,(anonymous_15)
FN:314,(anonymous_16)
FN:323,(anonymous_17)
FN:337,(anonymous_18)
FN:345,(anonymous_19)
FN:360,(anonymous_20)
FN:368,(anonymous_21)
FN:378,(anonymous_22)
FN:396,(anonymous_23)
FN:406,(anonymous_24)
FN:417,(anonymous_25)
FN:424,(anonymous_26)
FNF:18
FNH:15
FNDA:34,(anonymous_9)
FNDA:33,(anonymous_10)
FNDA:37,(anonymous_11)
FNDA:21,(anonymous_12)
FNDA:21,(anonymous_13)
FNDA:0,(anonymous_14)
FNDA:62,(anonymous_15)
FNDA:51,(anonymous_16)
FNDA:21,(anonymous_17)
FNDA:62,(anonymous_18)
FNDA:42,(anonymous_19)
FNDA:2,(anonymous_20)
FNDA:2,(anonymous_21)
FNDA:2,(anonymous_22)
FNDA:29,(anonymous_23)
FNDA:26,(anonymous_24)
FNDA:0,(anonymous_25)
FNDA:0,(anonymous_26)
DA:18,2
DA:19,2
DA:59,2
DA:60,34
DA:61,34
DA:62,34
DA:63,34
DA:64,34
DA:65,34
DA:66,34
DA:67,34
DA:68,34
DA:71,34
DA:72,34
DA:75,34
DA:82,33
DA:93,37
DA:94,7
DA:97,37
DA:99,37
DA:101,37
DA:104,37
DA:107,37
DA:110,37
DA:114,37
DA:120,30
DA:123,30
DA:126,30
DA:128,30
DA:129,30
DA:130,27
DA:134,30
DA:149,7
DA:161,21
DA:162,1
DA:166,21
DA:167,21
DA:170,0
DA:178,21
DA:180,21
DA:181,21
DA:182,21
DA:183,21
DA:184,21
DA:187,21
DA:190,21
DA:191,3
DA:192,3
DA:196,18
DA:200,18
DA:202,18
DA:208,16
DA:210,16
DA:213,5
DA:221,0
DA:222,0
DA:225,0
DA:226,0
DA:227,0
DA:228,0
DA:231,0
DA:235,0
DA:237,0
DA:242,0
DA:244,0
DA:258,62
DA:259,62
DA:261,62
DA:262,20
DA:265,42
DA:268,42
DA:270,42
DA:272,17
DA:274,17
DA:275,17
DA:276,544
DA:281,42
DA:290,42
DA:291,17
DA:294,42
DA:295,42
DA:296,0
DA:300,42
DA:306,42
DA:308,42
DA:315,51
DA:316,51
DA:317,51
DA:324,21
DA:327,21
DA:328,21
DA:330,0
DA:338,62
DA:339,62
DA:346,42
DA:348,42
DA:349,48
DA:351,0
DA:352,0
DA:361,2
DA:362,2
DA:369,2
DA:370,2
DA:379,2
DA:382,2
DA:383,2
DA:385,2
DA:388,2
DA:390,2
DA:397,29
DA:398,32
DA:400,29
DA:407,26
DA:408,26
DA:409,26
DA:411,26
DA:418,0
DA:425,0
LF:118
LH:100
BRDA:93,0,0,7
BRDA:129,1,0,27
BRDA:129,2,0,30
BRDA:129,2,1,30
BRDA:161,3,0,1
BRDA:166,4,0,21
BRDA:166,4,1,0
BRDA:166,5,0,21
BRDA:166,5,1,21
BRDA:190,6,0,3
BRDA:221,7,0,0
BRDA:261,8,0,20
BRDA:261,9,0,62
BRDA:261,9,1,20
BRDA:270,10,0,17
BRDA:290,11,0,17
BRDA:290,12,0,42
BRDA:290,12,1,17
BRDA:295,13,0,0
BRDA:339,14,0,21
BRDA:339,14,1,41
BRDA:349,15,0,0
BRDA:382,16,0,2
BRDA:407,17,0,26
BRDA:424,18,0,0
BRF:25
BRH:20
end_of_record
TN:
SF:aml/security/KeychainManager.ts
FN:22,(anonymous_9)
FN:46,(anonymous_10)
FN:76,(anonymous_11)
FN:98,(anonymous_12)
FN:118,(anonymous_13)
FN:136,(anonymous_14)
FN:171,(anonymous_15)
FN:187,(anonymous_16)
FN:207,(anonymous_17)
FN:218,(anonymous_18)
FN:239,(anonymous_19)
FN:252,(anonymous_20)
FN:272,(anonymous_21)
FN:277,(anonymous_22)
FN:301,(anonymous_23)
FN:322,(anonymous_24)
FN:333,(anonymous_25)
FN:346,(anonymous_26)
FN:354,(anonymous_27)
FN:384,(anonymous_28)
FN:418,(anonymous_29)
FN:430,(anonymous_30)
FN:435,(anonymous_31)
FN:446,(anonymous_32)
FN:451,(anonymous_33)
FN:478,(anonymous_34)
FN:499,(anonymous_35)
FN:510,(anonymous_36)
FN:526,(anonymous_37)
FN:534,(anonymous_38)
FN:544,(anonymous_39)
FN:562,(anonymous_40)
FNF:32
FNH:13
FNDA:0,(anonymous_9)
FNDA:34,(anonymous_10)
FNDA:2,(anonymous_11)
FNDA:35,(anonymous_12)
FNDA:0,(anonymous_13)
FNDA:2,(anonymous_14)
FNDA:0,(anonymous_15)
FNDA:33,(anonymous_16)
FNDA:0,(anonymous_17)
FNDA:41,(anonymous_18)
FNDA:37,(anonymous_19)
FNDA:37,(anonymous_20)
FNDA:34,(anonymous_21)
FNDA:2,(anonymous_22)
FNDA:35,(anonymous_23)
FNDA:2,(anonymous_24)
FNDA:37,(anonymous_25)
FNDA:0,(anonymous_26)
FNDA:0,(anonymous_27)
FNDA:0,(anonymous_28)
FNDA:0,(anonymous_29)
FNDA:0,(anonymous_30)
FNDA:0,(anonymous_31)
FNDA:0,(anonymous_32)
FNDA:0,(anonymous_33)
FNDA:0,(anonymous_34)
FNDA:0,(anonymous_35)
FNDA:0,(anonymous_36)
FNDA:0,(anonymous_37)
FNDA:0,(anonymous_38)
FNDA:0,(anonymous_39)
FNDA:0,(anonymous_40)
DA:12,2
DA:13,2
DA:14,2
DA:15,2
DA:16,2
DA:21,2
DA:22,0
DA:23,0
DA:24,0
DA:39,2
DA:40,34
DA:41,34
DA:47,34
DA:49,34
DA:50,34
DA:53,34
DA:55,34
DA:56,34
DA:58,0
DA:59,0
DA:61,0
DA:62,0
DA:64,0
DA:65,0
DA:78,2
DA:79,2
DA:81,2
DA:82,2
DA:84,0
DA:99,35
DA:101,35
DA:102,35
DA:103,35
DA:104,35
DA:106,0
DA:119,0
DA:121,0
DA:122,0
DA:125,0
DA:137,2
DA:138,2
DA:140,2
DA:142,2
DA:145,2
DA:148,2
DA:149,2
DA:150,0
DA:156,2
DA:158,0
DA:172,0
DA:174,0
DA:175,0
DA:176,0
DA:178,0
DA:188,33
DA:190,33
DA:192,33
DA:195,0
DA:196,0
DA:198,0
DA:200,0
DA:208,0
DA:219,41
DA:220,0
DA:224,41
DA:225,0
DA:231,41
DA:232,0
DA:240,37
DA:241,0
DA:244,37
DA:245,0
DA:252,37
DA:253,37
DA:254,0
DA:273,34
DA:274,34
DA:278,2
DA:279,2
DA:281,2
DA:283,2
DA:289,2
DA:291,2
DA:292,2
DA:294,0
DA:298,2
DA:302,35
DA:303,35
DA:305,35
DA:306,35
DA:311,35
DA:314,35
DA:316,35
DA:318,0
DA:323,2
DA:324,2
DA:326,2
DA:327,2
DA:335,37
DA:337,37
DA:355,0
DA:356,0
DA:359,0
DA:374,0
DA:375,0
DA:377,0
DA:381,0
DA:385,0
DA:388,0
DA:401,0
DA:402,0
DA:407,0
DA:410,0
DA:412,0
DA:414,0
DA:419,0
DA:421,0
DA:422,0
DA:423,0
DA:431,0
DA:432,0
DA:436,0
DA:437,0
DA:447,0
DA:448,0
DA:452,0
DA:453,0
DA:454,0
DA:457,0
DA:459,0
DA:460,0
DA:463,0
DA:464,0
DA:466,0
DA:471,0
DA:475,0
DA:479,0
DA:480,0
DA:482,0
DA:483,0
DA:488,0
DA:491,0
DA:493,0
DA:495,0
DA:500,0
DA:501,0
DA:503,0
DA:504,0
DA:511,0
DA:512,0
DA:523,0
DA:524,0
DA:526,0
DA:527,0
DA:528,0
DA:529,0
DA:530,0
DA:536,0
DA:539,0
DA:540,0
DA:546,0
DA:547,0
DA:548,0
DA:552,0
DA:553,0
DA:554,0
DA:555,0
DA:556,0
DA:559,0
DA:563,0
DA:565,0
DA:566,0
LF:172
LH:65
BRDA:53,0,0,34
BRDA:53,0,1,0
BRDA:53,0,2,0
BRDA:53,0,3,0
BRDA:149,1,0,0
BRDA:219,2,0,0
BRDA:219,3,0,41
BRDA:219,3,1,41
BRDA:224,4,0,0
BRDA:231,5,0,0
BRDA:240,6,0,0
BRDA:244,7,0,0
BRDA:253,8,0,0
BRDA:335,9,0,37
BRDA:422,10,0,0
BRDA:431,11,0,0
BRDA:431,11,1,0
BRDA:436,12,0,0
BRDA:511,13,0,0
BRDA:527,14,0,0
BRDA:539,15,0,0
BRDA:547,16,0,0
BRDA:553,17,0,0
BRDA:553,18,0,0
BRDA:553,18,1,0
BRDA:565,19,0,0
BRF:26
BRH:4
end_of_record
TN:
SF:aml/storage/FileStorage.ts
FN:21,(anonymous_9)
FN:34,(anonymous_10)
FN:78,(anonymous_11)
FN:138,(anonymous_12)
FN:155,(anonymous_13)
FN:168,(anonymous_14)
FN:173,(anonymous_15)
FN:173,(anonymous_16)
FN:185,(anonymous_17)
FN:202,(anonymous_18)
FN:222,(anonymous_19)
FN:236,(anonymous_20)
FN:252,(anonymous_21)
FN:271,(anonymous_22)
FN:288,(anonymous_23)
FN:295,(anonymous_24)
FNF:16
FNH:11
FNDA:110,(anonymous_9)
FNDA:9768,(anonymous_10)
FNDA:2273,(anonymous_11)
FNDA:13,(anonymous_12)
FNDA:18,(anonymous_13)
FNDA:0,(anonymous_14)
FNDA:0,(anonymous_15)
FNDA:0,(anonymous_16)
FNDA:13,(anonymous_17)
FNDA:4,(anonymous_18)
FNDA:13,(anonymous_19)
FNDA:18,(anonymous_20)
FNDA:6,(anonymous_21)
FNDA:0,(anonymous_22)
FNDA:0,(anonymous_23)
FNDA:62,(anonymous_24)
DA:5,5
DA:6,5
DA:7,5
DA:8,5
DA:17,5
DA:22,110
DA:23,110
DA:35,9768
DA:37,9765
DA:39,9765
DA:42,5853
DA:49,5853
DA:50,5853
DA:53,5853
DA:56,5853
DA:57,5853
DA:58,5853
DA:60,0
DA:63,5853
DA:65,5853
DA:68,3912
DA:69,3912
DA:71,0
DA:79,2273
DA:80,2192
DA:82,2192
DA:84,2192
DA:87,2192
DA:88,2192
DA:90,2192
DA:92,2192
DA:94,2192
DA:103,0
DA:104,0
DA:106,0
DA:110,2192
DA:111,2192
DA:114,2192
DA:115,2192
DA:116,2192
DA:118,0
DA:122,2192
DA:123,2192
DA:124,2192
DA:126,2192
DA:127,2192
DA:131,0
DA:139,13
DA:141,12
DA:142,12
DA:143,0
DA:145,12
DA:146,12
DA:148,0
DA:156,18
DA:157,18
DA:158,18
DA:159,6
DA:161,12
DA:169,0
DA:171,0
DA:172,0
DA:173,0
DA:175,0
DA:176,0
DA:178,0
DA:186,13
DA:188,13
DA:189,13
DA:190,13
DA:192,0
DA:193,0
DA:195,0
DA:203,4
DA:204,4
DA:205,4
DA:207,4
DA:208,13
DA:211,4
DA:213,0
DA:223,13
DA:224,13
DA:226,13
DA:227,13
DA:229,13
DA:230,36
DA:232,36
DA:233,30
DA:234,6
DA:235,6
DA:236,18
DA:240,13
DA:242,0
DA:243,0
DA:245,0
DA:253,6
DA:254,6
DA:255,6
DA:256,6
DA:257,6
DA:259,6
DA:260,6
DA:261,6
DA:262,6
DA:264,0
DA:272,0
DA:273,0
DA:275,0
DA:276,0
DA:277,0
DA:279,0
DA:289,0
DA:296,62
DA:297,62
DA:299,0
LF:115
LH:83
BRDA:21,0,0,27
BRDA:24,1,0,110
BRDA:24,1,1,27
BRDA:25,2,0,110
BRDA:25,2,1,110
BRDA:26,3,0,110
BRDA:26,3,1,110
BRDA:27,4,0,110
BRDA:27,4,1,110
BRDA:53,5,0,5853
BRDA:53,5,1,5853
BRDA:56,6,0,5853
BRDA:56,6,1,0
BRDA:68,7,0,3912
BRDA:103,8,0,0
BRDA:103,8,1,0
BRDA:114,9,0,2192
BRDA:114,9,1,0
BRDA:126,10,0,2192
BRDA:145,11,0,12
BRDA:168,12,0,0
BRDA:175,13,0,0
BRDA:192,14,0,0
BRDA:202,15,0,1
BRDA:222,16,0,3
BRDA:232,17,0,30
BRDA:232,17,1,6
BRDA:234,18,0,6
BRDA:242,19,0,0
BRDA:256,20,0,6
BRDA:256,20,1,0
BRF:31
BRH:22
end_of_record
TN:
SF:aml/storage/MemoryStore.ts
FN:20,(anonymous_0)
FN:27,(anonymous_1)
FN:34,(anonymous_2)
FN:46,(anonymous_3)
FN:66,(anonymous_4)
FN:73,(anonymous_5)
FN:82,(anonymous_6)
FN:89,(anonymous_7)
FN:98,(anonymous_8)
FN:105,(anonymous_9)
FN:114,(anonymous_10)
FN:121,(anonymous_11)
FN:128,(anonymous_12)
FN:145,(anonymous_13)
FN:157,(anonymous_14)
FN:168,(anonymous_15)
FN:175,(anonymous_16)
FN:182,(anonymous_17)
FN:199,(anonymous_18)
FN:221,(anonymous_19)
FN:236,(anonymous_20)
FN:243,(anonymous_21)
FN:250,(anonymous_22)
FNF:23
FNH:16
FNDA:83,(anonymous_0)
FNDA:62,(anonymous_1)
FNDA:50,(anonymous_2)
FNDA:1953,(anonymous_3)
FNDA:2024,(anonymous_4)
FNDA:1943,(anonymous_5)
FNDA:84,(anonymous_6)
FNDA:3,(anonymous_7)
FNDA:84,(anonymous_8)
FNDA:3,(anonymous_9)
FNDA:0,(anonymous_10)
FNDA:0,(anonymous_11)
FNDA:81,(anonymous_12)
FNDA:2,(anonymous_13)
FNDA:0,(anonymous_14)
FNDA:3,(anonymous_15)
FNDA:1,(anonymous_16)
FNDA:3,(anonymous_17)
FNDA:3,(anonymous_18)
FNDA:0,(anonymous_19)
FNDA:0,(anonymous_20)
FNDA:0,(anonymous_21)
FNDA:0,(anonymous_22)
DA:5,4
DA:17,4
DA:21,83
DA:28,62
DA:36,50
DA:47,1953
DA:48,1953
DA:49,1953
DA:50,1953
DA:52,1953
DA:54,1953
DA:67,2024
DA:74,1943
DA:75,1943
DA:76,1943
DA:83,84
DA:90,3
DA:91,3
DA:92,3
DA:99,84
DA:106,3
DA:107,3
DA:108,3
DA:115,0
DA:122,0
DA:129,81
DA:130,81
DA:131,81
DA:133,81
DA:134,0
DA:137,81
DA:138,0
DA:146,2
DA:147,2
DA:148,2
DA:149,2
DA:150,2
DA:151,2
DA:158,0
DA:169,3
DA:176,1
DA:183,3
DA:184,3
DA:186,3
DA:187,17
DA:188,17
DA:189,15
DA:193,3
DA:200,3
DA:201,3
DA:202,3
DA:204,3
DA:206,3
DA:207,18
DA:208,18
DA:209,6
DA:210,6
DA:211,6
DA:215,3
DA:222,0
DA:224,0
DA:225,0
DA:226,0
DA:227,0
DA:228,0
DA:237,0
DA:244,0
DA:251,0
LF:68
LH:54
BRDA:20,0,0,79
BRDA:47,1,0,1953
BRDA:47,1,1,2
BRDA:48,2,0,1953
BRDA:48,2,1,2
BRDA:49,3,0,1953
BRDA:49,3,1,2
BRDA:50,4,0,1953
BRDA:50,4,1,1953
BRDA:52,5,0,1953
BRDA:52,5,1,1953
BRDA:133,6,0,0
BRDA:137,7,0,0
BRDA:159,8,0,0
BRDA:159,8,1,0
BRDA:159,8,2,0
BRDA:188,9,0,15
BRDA:201,10,0,3
BRDA:201,10,1,3
BRDA:208,11,0,6
BRDA:226,12,0,0
BRF:21
BRH:15
end_of_record
TN:
SF:aml/storage/index.ts
FNF:0
FNH:0
DA:5,0
DA:6,0
LF:2
LH:0
BRF:0
BRH:0
end_of_record
TN:
SF:tests/utils/test-helpers.ts
FN:13,(anonymous_9)
FN:25,(anonymous_10)
FN:39,(anonymous_11)
FN:98,(anonymous_12)
FN:121,(anonymous_13)
FN:155,(anonymous_14)
FN:181,(anonymous_15)
FN:216,(anonymous_16)
FN:219,(anonymous_17)
FN:240,(anonymous_18)
FN:248,(anonymous_19)
FN:249,(anonymous_20)
FN:255,(anonymous_21)
FNF:13
FNH:8
FNDA:35,(anonymous_9)
FNDA:35,(anonymous_10)
FNDA:245,(anonymous_11)
FNDA:7,(anonymous_12)
FNDA:12,(anonymous_13)
FNDA:29,(anonymous_14)
FNDA:63,(anonymous_15)
FNDA:0,(anonymous_16)
FNDA:0,(anonymous_17)
FNDA:0,(anonymous_18)
FNDA:0,(anonymous_19)
FNDA:0,(anonymous_20)
FNDA:27,(anonymous_21)
DA:5,2
DA:6,2
DA:7,2
DA:9,2
DA:14,35
DA:15,35
DA:16,0
DA:18,35
DA:19,35
DA:26,35
DA:29,35
DA:39,35
DA:40,245
DA:44,35
DA:54,35
DA:57,35
DA:63,35
DA:66,35
DA:72,35
DA:78,35
DA:79,35
DA:80,10
DA:84,5
DA:92,35
DA:99,7
DA:100,7
DA:101,5
DA:104,2
DA:107,2
DA:108,2
DA:109,2
DA:111,2
DA:125,12
DA:126,12
DA:128,2
DA:129,2
DA:135,2
DA:136,0
DA:142,2
DA:143,0
DA:149,2
DA:156,29
DA:157,29
DA:159,29
DA:172,29
DA:173,29
DA:175,29
DA:186,63
DA:192,63
DA:194,63
DA:207,63
DA:208,63
DA:210,63
DA:217,0
DA:219,0
DA:220,0
DA:221,0
DA:222,0
DA:223,0
DA:225,0
DA:226,0
DA:228,0
DA:233,0
DA:234,0
DA:241,0
DA:242,0
DA:249,0
DA:256,27
DA:260,2
LF:69
LH:52
BRDA:15,0,0,0
BRDA:100,1,0,5
BRDA:112,2,0,2
BRDA:112,2,1,0
BRDA:113,3,0,2
BRDA:113,3,1,0
BRDA:114,4,0,2
BRDA:114,4,1,0
BRDA:128,5,0,2
BRDA:135,6,0,0
BRDA:142,7,0,0
BRDA:225,8,0,0
BRDA:225,8,1,0
BRF:13
BRH:5
end_of_record
